{"/home/runner/work/visual-directory/visual-directory/frontend/App.tsx": {"path":"/home/runner/work/visual-directory/visual-directory/frontend/App.tsx","statementMap":{"0":{"start":{"line":18,"column":6},"end":{"line":18,"column":null}},"1":{"start":{"line":24,"column":8},"end":{"line":24,"column":null}},"2":{"start":{"line":25,"column":8},"end":{"line":25,"column":null}},"3":{"start":{"line":26,"column":8},"end":{"line":26,"column":null}},"4":{"start":{"line":27,"column":8},"end":{"line":27,"column":null}},"5":{"start":{"line":28,"column":8},"end":{"line":28,"column":null}},"6":{"start":{"line":29,"column":8},"end":{"line":29,"column":null}},"7":{"start":{"line":30,"column":12},"end":{"line":30,"column":null}},"8":{"start":{"line":32,"column":2},"end":{"line":42,"column":null}},"9":{"start":{"line":33,"column":4},"end":{"line":33,"column":null}},"10":{"start":{"line":34,"column":4},"end":{"line":34,"column":null}},"11":{"start":{"line":38,"column":4},"end":{"line":40,"column":null}},"12":{"start":{"line":39,"column":6},"end":{"line":39,"column":null}},"13":{"start":{"line":47,"column":8},"end":{"line":47,"column":null}},"14":{"start":{"line":48,"column":2},"end":{"line":57,"column":null}},"15":{"start":{"line":49,"column":4},"end":{"line":49,"column":null}},"16":{"start":{"line":49,"column":80},"end":{"line":49,"column":null}},"17":{"start":{"line":50,"column":4},"end":{"line":50,"column":null}},"18":{"start":{"line":51,"column":4},"end":{"line":56,"column":null}},"19":{"start":{"line":53,"column":51},"end":{"line":53,"column":60}},"20":{"start":{"line":54,"column":69},"end":{"line":54,"column":84}},"21":{"start":{"line":59,"column":26},"end":{"line":59,"column":null}},"22":{"start":{"line":64,"column":2},"end":{"line":76,"column":null}},"23":{"start":{"line":71,"column":12},"end":{"line":71,"column":null}},"24":{"start":{"line":72,"column":12},"end":{"line":72,"column":null}}},"fnMap":{"0":{"name":"App","decl":{"start":{"line":23,"column":24},"end":{"line":23,"column":30}},"loc":{"start":{"line":23,"column":30},"end":{"line":78,"column":null}},"line":23},"1":{"name":"(anonymous_1)","decl":{"start":{"line":32,"column":12},"end":{"line":32,"column":18}},"loc":{"start":{"line":32,"column":18},"end":{"line":42,"column":5}},"line":32},"2":{"name":"(anonymous_2)","decl":{"start":{"line":48,"column":12},"end":{"line":48,"column":18}},"loc":{"start":{"line":48,"column":18},"end":{"line":57,"column":5}},"line":48},"3":{"name":"(anonymous_3)","decl":{"start":{"line":53,"column":39},"end":{"line":53,"column":40}},"loc":{"start":{"line":53,"column":51},"end":{"line":53,"column":60}},"line":53},"4":{"name":"(anonymous_4)","decl":{"start":{"line":54,"column":51},"end":{"line":54,"column":52}},"loc":{"start":{"line":54,"column":69},"end":{"line":54,"column":84}},"line":54},"5":{"name":"(anonymous_5)","decl":{"start":{"line":70,"column":19},"end":{"line":70,"column":25}},"loc":{"start":{"line":70,"column":25},"end":{"line":73,"column":null}},"line":70}},"branchMap":{"0":{"loc":{"start":{"line":38,"column":4},"end":{"line":40,"column":null}},"type":"if","locations":[{"start":{"line":38,"column":4},"end":{"line":40,"column":null}},{"start":{},"end":{}}],"line":38},"1":{"loc":{"start":{"line":49,"column":4},"end":{"line":49,"column":null}},"type":"if","locations":[{"start":{"line":49,"column":4},"end":{"line":49,"column":null}},{"start":{},"end":{}}],"line":49},"2":{"loc":{"start":{"line":49,"column":8},"end":{"line":49,"column":80}},"type":"binary-expr","locations":[{"start":{"line":49,"column":8},"end":{"line":49,"column":27}},{"start":{"line":49,"column":27},"end":{"line":49,"column":51}},{"start":{"line":49,"column":51},"end":{"line":49,"column":80}}],"line":49},"3":{"loc":{"start":{"line":59,"column":26},"end":{"line":59,"column":null}},"type":"binary-expr","locations":[{"start":{"line":59,"column":26},"end":{"line":59,"column":41}},{"start":{"line":59,"column":41},"end":{"line":59,"column":null}}],"line":59},"4":{"loc":{"start":{"line":67,"column":7},"end":{"line":74,"column":null}},"type":"binary-expr","locations":[{"start":{"line":67,"column":7},"end":{"line":67,"column":null}},{"start":{"line":68,"column":8},"end":{"line":74,"column":null}}],"line":67}},"s":{"0":0,"1":0,"2":0,"3":0,"4":0,"5":0,"6":0,"7":0,"8":0,"9":0,"10":0,"11":0,"12":0,"13":0,"14":0,"15":0,"16":0,"17":0,"18":0,"19":0,"20":0,"21":0,"22":0,"23":0,"24":0},"f":{"0":0,"1":0,"2":0,"3":0,"4":0,"5":0},"b":{"0":[0,0],"1":[0,0],"2":[0,0,0],"3":[0,0],"4":[0,0]},"meta":{"lastBranch":5,"lastFunction":6,"lastStatement":25,"seen":{"s:18:6:18:Infinity":0,"f:23:24:23:30":0,"s:24:8:24:Infinity":1,"s:25:8:25:Infinity":2,"s:26:8:26:Infinity":3,"s:27:8:27:Infinity":4,"s:28:8:28:Infinity":5,"s:29:8:29:Infinity":6,"s:30:12:30:Infinity":7,"s:32:2:42:Infinity":8,"f:32:12:32:18":1,"s:33:4:33:Infinity":9,"s:34:4:34:Infinity":10,"b:38:4:40:Infinity:undefined:undefined:undefined:undefined":0,"s:38:4:40:Infinity":11,"s:39:6:39:Infinity":12,"s:47:8:47:Infinity":13,"s:48:2:57:Infinity":14,"f:48:12:48:18":2,"b:49:4:49:Infinity:undefined:undefined:undefined:undefined":1,"s:49:4:49:Infinity":15,"b:49:8:49:27:49:27:49:51:49:51:49:80":2,"s:49:80:49:Infinity":16,"s:50:4:50:Infinity":17,"s:51:4:56:Infinity":18,"f:53:39:53:40":3,"s:53:51:53:60":19,"f:54:51:54:52":4,"s:54:69:54:84":20,"s:59:26:59:Infinity":21,"b:59:26:59:41:59:41:59:Infinity":3,"s:64:2:76:Infinity":22,"b:67:7:67:Infinity:68:8:74:Infinity":4,"f:70:19:70:25":5,"s:71:12:71:Infinity":23,"s:72:12:72:Infinity":24},"fnNames":{}}}
,"/home/runner/work/visual-directory/visual-directory/frontend/main.tsx": {"path":"/home/runner/work/visual-directory/visual-directory/frontend/main.tsx","statementMap":{"0":{"start":{"line":10,"column":0},"end":{"line":12,"column":null}},"1":{"start":{"line":14,"column":0},"end":{"line":23,"column":null}}},"fnMap":{},"branchMap":{"0":{"loc":{"start":{"line":10,"column":0},"end":{"line":12,"column":null}},"type":"if","locations":[{"start":{"line":10,"column":0},"end":{"line":12,"column":null}},{"start":{},"end":{}}],"line":10}},"s":{"0":0,"1":0},"f":{},"b":{"0":[0,0]},"meta":{"lastBranch":1,"lastFunction":0,"lastStatement":2,"seen":{"b:10:0:12:Infinity:undefined:undefined:undefined:undefined":0,"s:10:0:12:Infinity":0,"s:14:0:23:Infinity":1},"fnNames":{}}}
,"/home/runner/work/visual-directory/visual-directory/frontend/application/csv/csv.helpers.ts": {"path":"/home/runner/work/visual-directory/visual-directory/frontend/application/csv/csv.helpers.ts","statementMap":{"0":{"start":{"line":2,"column":2},"end":{"line":2,"column":null}},"1":{"start":{"line":2,"column":18},"end":{"line":2,"column":null}},"2":{"start":{"line":3,"column":22},"end":{"line":3,"column":null}},"3":{"start":{"line":4,"column":2},"end":{"line":4,"column":null}},"4":{"start":{"line":4,"column":27},"end":{"line":4,"column":41}},"5":{"start":{"line":8,"column":2},"end":{"line":8,"column":null}},"6":{"start":{"line":8,"column":25},"end":{"line":8,"column":null}},"7":{"start":{"line":9,"column":17},"end":{"line":9,"column":null}},"8":{"start":{"line":10,"column":18},"end":{"line":10,"column":null}},"9":{"start":{"line":11,"column":2},"end":{"line":14,"column":null}},"10":{"start":{"line":12,"column":16},"end":{"line":12,"column":null}},"11":{"start":{"line":12,"column":36},"end":{"line":12,"column":45}},"12":{"start":{"line":13,"column":4},"end":{"line":13,"column":null}},"13":{"start":{"line":15,"column":2},"end":{"line":15,"column":null}}},"fnMap":{"0":{"name":"parseCSVString","decl":{"start":{"line":1,"column":16},"end":{"line":1,"column":31}},"loc":{"start":{"line":1,"column":76},"end":{"line":5,"column":null}},"line":1},"1":{"name":"(anonymous_1)","decl":{"start":{"line":4,"column":18},"end":{"line":4,"column":19}},"loc":{"start":{"line":4,"column":27},"end":{"line":4,"column":41}},"line":4},"2":{"name":"convertToCSV","decl":{"start":{"line":7,"column":16},"end":{"line":7,"column":64}},"loc":{"start":{"line":7,"column":83},"end":{"line":16,"column":null}},"line":7},"3":{"name":"(anonymous_3)","decl":{"start":{"line":12,"column":27},"end":{"line":12,"column":28}},"loc":{"start":{"line":12,"column":36},"end":{"line":12,"column":45}},"line":12}},"branchMap":{"0":{"loc":{"start":{"line":2,"column":2},"end":{"line":2,"column":null}},"type":"if","locations":[{"start":{"line":2,"column":2},"end":{"line":2,"column":null}},{"start":{},"end":{}}],"line":2},"1":{"loc":{"start":{"line":8,"column":2},"end":{"line":8,"column":null}},"type":"if","locations":[{"start":{"line":8,"column":2},"end":{"line":8,"column":null}},{"start":{},"end":{}}],"line":8}},"s":{"0":0,"1":0,"2":0,"3":0,"4":0,"5":0,"6":0,"7":0,"8":0,"9":0,"10":0,"11":0,"12":0,"13":0},"f":{"0":0,"1":0,"2":0,"3":0},"b":{"0":[0,0],"1":[0,0]},"meta":{"lastBranch":2,"lastFunction":4,"lastStatement":14,"seen":{"f:1:16:1:31":0,"b:2:2:2:Infinity:undefined:undefined:undefined:undefined":0,"s:2:2:2:Infinity":0,"s:2:18:2:Infinity":1,"s:3:22:3:Infinity":2,"s:4:2:4:Infinity":3,"f:4:18:4:19":1,"s:4:27:4:41":4,"f:7:16:7:64":2,"b:8:2:8:Infinity:undefined:undefined:undefined:undefined":1,"s:8:2:8:Infinity":5,"s:8:25:8:Infinity":6,"s:9:17:9:Infinity":7,"s:10:18:10:Infinity":8,"s:11:2:14:Infinity":9,"s:12:16:12:Infinity":10,"f:12:27:12:28":3,"s:12:36:12:45":11,"s:13:4:13:Infinity":12,"s:15:2:15:Infinity":13},"fnNames":{}}}
,"/home/runner/work/visual-directory/visual-directory/frontend/application/csv/csv.types.ts": {"path":"/home/runner/work/visual-directory/visual-directory/frontend/application/csv/csv.types.ts","statementMap":{},"fnMap":{},"branchMap":{},"s":{},"f":{},"b":{},"meta":{"lastBranch":0,"lastFunction":0,"lastStatement":0,"seen":{},"fnNames":{}}}
,"/home/runner/work/visual-directory/visual-directory/frontend/application/csv/member.csv.ts": {"path":"/home/runner/work/visual-directory/visual-directory/frontend/application/csv/member.csv.ts","statementMap":{"0":{"start":{"line":5,"column":21},"end":{"line":5,"column":null}},"1":{"start":{"line":29,"column":2},"end":{"line":48,"column":null}},"2":{"start":{"line":71,"column":6},"end":{"line":71,"column":null}},"3":{"start":{"line":74,"column":4},"end":{"line":74,"column":null}},"4":{"start":{"line":76,"column":23},"end":{"line":82,"column":null}},"5":{"start":{"line":84,"column":2},"end":{"line":95,"column":null}},"6":{"start":{"line":85,"column":4},"end":{"line":94,"column":null}},"7":{"start":{"line":97,"column":2},"end":{"line":105,"column":null}},"8":{"start":{"line":98,"column":4},"end":{"line":104,"column":null}},"9":{"start":{"line":107,"column":2},"end":{"line":115,"column":null}},"10":{"start":{"line":108,"column":4},"end":{"line":114,"column":null}},"11":{"start":{"line":117,"column":2},"end":{"line":119,"column":null}},"12":{"start":{"line":118,"column":4},"end":{"line":118,"column":null}},"13":{"start":{"line":121,"column":2},"end":{"line":121,"column":null}},"14":{"start":{"line":125,"column":2},"end":{"line":125,"column":null}},"15":{"start":{"line":129,"column":2},"end":{"line":129,"column":null}},"16":{"start":{"line":129,"column":30},"end":{"line":129,"column":57}}},"fnMap":{"0":{"name":"memberToCSVRow","decl":{"start":{"line":28,"column":16},"end":{"line":28,"column":31}},"loc":{"start":{"line":28,"column":61},"end":{"line":49,"column":null}},"line":28},"1":{"name":"csvRowToMember","decl":{"start":{"line":51,"column":16},"end":{"line":51,"column":31}},"loc":{"start":{"line":51,"column":54},"end":{"line":122,"column":null}},"line":51},"2":{"name":"membersToCSV","decl":{"start":{"line":124,"column":16},"end":{"line":124,"column":29}},"loc":{"start":{"line":124,"column":56},"end":{"line":126,"column":null}},"line":124},"3":{"name":"csvRowsToMembers","decl":{"start":{"line":128,"column":16},"end":{"line":128,"column":33}},"loc":{"start":{"line":128,"column":61},"end":{"line":130,"column":null}},"line":128},"4":{"name":"(anonymous_4)","decl":{"start":{"line":129,"column":21},"end":{"line":129,"column":22}},"loc":{"start":{"line":129,"column":30},"end":{"line":129,"column":57}},"line":129}},"branchMap":{"0":{"loc":{"start":{"line":33,"column":12},"end":{"line":33,"column":null}},"type":"binary-expr","locations":[{"start":{"line":33,"column":12},"end":{"line":33,"column":38}},{"start":{"line":33,"column":38},"end":{"line":33,"column":null}}],"line":33},"1":{"loc":{"start":{"line":34,"column":12},"end":{"line":34,"column":null}},"type":"binary-expr","locations":[{"start":{"line":34,"column":12},"end":{"line":34,"column":38}},{"start":{"line":34,"column":38},"end":{"line":34,"column":null}}],"line":34},"2":{"loc":{"start":{"line":35,"column":9},"end":{"line":35,"column":null}},"type":"binary-expr","locations":[{"start":{"line":35,"column":9},"end":{"line":35,"column":44}},{"start":{"line":35,"column":44},"end":{"line":35,"column":null}}],"line":35},"3":{"loc":{"start":{"line":36,"column":10},"end":{"line":36,"column":null}},"type":"binary-expr","locations":[{"start":{"line":36,"column":10},"end":{"line":36,"column":34}},{"start":{"line":36,"column":34},"end":{"line":36,"column":null}}],"line":36},"4":{"loc":{"start":{"line":37,"column":9},"end":{"line":37,"column":null}},"type":"cond-expr","locations":[{"start":{"line":37,"column":26},"end":{"line":37,"column":70}},{"start":{"line":37,"column":70},"end":{"line":37,"column":null}}],"line":37},"5":{"loc":{"start":{"line":38,"column":9},"end":{"line":38,"column":null}},"type":"cond-expr","locations":[{"start":{"line":38,"column":26},"end":{"line":38,"column":70}},{"start":{"line":38,"column":70},"end":{"line":38,"column":null}}],"line":38},"6":{"loc":{"start":{"line":39,"column":15},"end":{"line":39,"column":null}},"type":"binary-expr","locations":[{"start":{"line":39,"column":15},"end":{"line":39,"column":44}},{"start":{"line":39,"column":44},"end":{"line":39,"column":null}}],"line":39},"7":{"loc":{"start":{"line":40,"column":11},"end":{"line":40,"column":null}},"type":"binary-expr","locations":[{"start":{"line":40,"column":11},"end":{"line":40,"column":36}},{"start":{"line":40,"column":36},"end":{"line":40,"column":null}}],"line":40},"8":{"loc":{"start":{"line":41,"column":25},"end":{"line":41,"column":null}},"type":"binary-expr","locations":[{"start":{"line":41,"column":25},"end":{"line":41,"column":57}},{"start":{"line":41,"column":57},"end":{"line":41,"column":null}}],"line":41},"9":{"loc":{"start":{"line":42,"column":24},"end":{"line":42,"column":null}},"type":"binary-expr","locations":[{"start":{"line":42,"column":24},"end":{"line":42,"column":55}},{"start":{"line":42,"column":55},"end":{"line":42,"column":null}}],"line":42},"10":{"loc":{"start":{"line":43,"column":20},"end":{"line":43,"column":null}},"type":"binary-expr","locations":[{"start":{"line":43,"column":20},"end":{"line":43,"column":45}},{"start":{"line":43,"column":45},"end":{"line":43,"column":null}}],"line":43},"11":{"loc":{"start":{"line":46,"column":20},"end":{"line":46,"column":null}},"type":"cond-expr","locations":[{"start":{"line":46,"column":60},"end":{"line":46,"column":91}},{"start":{"line":46,"column":91},"end":{"line":46,"column":null}}],"line":46},"12":{"loc":{"start":{"line":47,"column":16},"end":{"line":47,"column":null}},"type":"cond-expr","locations":[{"start":{"line":47,"column":36},"end":{"line":47,"column":45}},{"start":{"line":47,"column":45},"end":{"line":47,"column":null}}],"line":47},"13":{"loc":{"start":{"line":74,"column":4},"end":{"line":74,"column":null}},"type":"cond-expr","locations":[{"start":{"line":74,"column":36},"end":{"line":74,"column":79}},{"start":{"line":74,"column":79},"end":{"line":74,"column":null}}],"line":74},"14":{"loc":{"start":{"line":84,"column":2},"end":{"line":95,"column":null}},"type":"if","locations":[{"start":{"line":84,"column":2},"end":{"line":95,"column":null}},{"start":{},"end":{}}],"line":84},"15":{"loc":{"start":{"line":84,"column":6},"end":{"line":84,"column":53}},"type":"binary-expr","locations":[{"start":{"line":84,"column":6},"end":{"line":84,"column":16}},{"start":{"line":84,"column":16},"end":{"line":84,"column":26}},{"start":{"line":84,"column":26},"end":{"line":84,"column":33}},{"start":{"line":84,"column":33},"end":{"line":84,"column":41}},{"start":{"line":84,"column":41},"end":{"line":84,"column":48}},{"start":{"line":84,"column":48},"end":{"line":84,"column":53}}],"line":84},"16":{"loc":{"start":{"line":97,"column":2},"end":{"line":105,"column":null}},"type":"if","locations":[{"start":{"line":97,"column":2},"end":{"line":105,"column":null}},{"start":{},"end":{}}],"line":97},"17":{"loc":{"start":{"line":97,"column":6},"end":{"line":97,"column":26}},"type":"binary-expr","locations":[{"start":{"line":97,"column":6},"end":{"line":97,"column":19}},{"start":{"line":97,"column":19},"end":{"line":97,"column":26}}],"line":97},"18":{"loc":{"start":{"line":101,"column":12},"end":{"line":101,"column":null}},"type":"binary-expr","locations":[{"start":{"line":101,"column":12},"end":{"line":101,"column":25}},{"start":{"line":101,"column":25},"end":{"line":101,"column":null}}],"line":101},"19":{"loc":{"start":{"line":102,"column":12},"end":{"line":102,"column":null}},"type":"binary-expr","locations":[{"start":{"line":102,"column":12},"end":{"line":102,"column":21}},{"start":{"line":102,"column":21},"end":{"line":102,"column":null}}],"line":102},"20":{"loc":{"start":{"line":107,"column":2},"end":{"line":115,"column":null}},"type":"if","locations":[{"start":{"line":107,"column":2},"end":{"line":115,"column":null}},{"start":{},"end":{}}],"line":107},"21":{"loc":{"start":{"line":107,"column":6},"end":{"line":107,"column":49}},"type":"binary-expr","locations":[{"start":{"line":107,"column":6},"end":{"line":107,"column":29}},{"start":{"line":107,"column":29},"end":{"line":107,"column":49}}],"line":107},"22":{"loc":{"start":{"line":117,"column":2},"end":{"line":119,"column":null}},"type":"if","locations":[{"start":{"line":117,"column":2},"end":{"line":119,"column":null}},{"start":{},"end":{}}],"line":117}},"s":{"0":0,"1":0,"2":0,"3":0,"4":0,"5":0,"6":0,"7":0,"8":0,"9":0,"10":0,"11":0,"12":0,"13":0,"14":0,"15":0,"16":0},"f":{"0":0,"1":0,"2":0,"3":0,"4":0},"b":{"0":[0,0],"1":[0,0],"2":[0,0],"3":[0,0],"4":[0,0],"5":[0,0],"6":[0,0],"7":[0,0],"8":[0,0],"9":[0,0],"10":[0,0],"11":[0,0],"12":[0,0],"13":[0,0],"14":[0,0],"15":[0,0,0,0,0,0],"16":[0,0],"17":[0,0],"18":[0,0],"19":[0,0],"20":[0,0],"21":[0,0],"22":[0,0]},"meta":{"lastBranch":23,"lastFunction":5,"lastStatement":17,"seen":{"s:5:21:5:Infinity":0,"f:28:16:28:31":0,"s:29:2:48:Infinity":1,"b:33:12:33:38:33:38:33:Infinity":0,"b:34:12:34:38:34:38:34:Infinity":1,"b:35:9:35:44:35:44:35:Infinity":2,"b:36:10:36:34:36:34:36:Infinity":3,"b:37:26:37:70:37:70:37:Infinity":4,"b:38:26:38:70:38:70:38:Infinity":5,"b:39:15:39:44:39:44:39:Infinity":6,"b:40:11:40:36:40:36:40:Infinity":7,"b:41:25:41:57:41:57:41:Infinity":8,"b:42:24:42:55:42:55:42:Infinity":9,"b:43:20:43:45:43:45:43:Infinity":10,"b:46:60:46:91:46:91:46:Infinity":11,"b:47:36:47:45:47:45:47:Infinity":12,"f:51:16:51:31":1,"s:71:6:71:Infinity":2,"s:74:4:74:Infinity":3,"b:74:36:74:79:74:79:74:Infinity":13,"s:76:23:82:Infinity":4,"b:84:2:95:Infinity:undefined:undefined:undefined:undefined":14,"s:84:2:95:Infinity":5,"b:84:6:84:16:84:16:84:26:84:26:84:33:84:33:84:41:84:41:84:48:84:48:84:53":15,"s:85:4:94:Infinity":6,"b:97:2:105:Infinity:undefined:undefined:undefined:undefined":16,"s:97:2:105:Infinity":7,"b:97:6:97:19:97:19:97:26":17,"s:98:4:104:Infinity":8,"b:101:12:101:25:101:25:101:Infinity":18,"b:102:12:102:21:102:21:102:Infinity":19,"b:107:2:115:Infinity:undefined:undefined:undefined:undefined":20,"s:107:2:115:Infinity":9,"b:107:6:107:29:107:29:107:49":21,"s:108:4:114:Infinity":10,"b:117:2:119:Infinity:undefined:undefined:undefined:undefined":22,"s:117:2:119:Infinity":11,"s:118:4:118:Infinity":12,"s:121:2:121:Infinity":13,"f:124:16:124:29":2,"s:125:2:125:Infinity":14,"f:128:16:128:33":3,"s:129:2:129:Infinity":15,"f:129:21:129:22":4,"s:129:30:129:57":16},"fnNames":{}}}
,"/home/runner/work/visual-directory/visual-directory/frontend/application/geo/bbox.ts": {"path":"/home/runner/work/visual-directory/visual-directory/frontend/application/geo/bbox.ts","statementMap":{"0":{"start":{"line":7,"column":2},"end":{"line":9,"column":null}},"1":{"start":{"line":8,"column":4},"end":{"line":8,"column":null}},"2":{"start":{"line":11,"column":13},"end":{"line":11,"column":null}},"3":{"start":{"line":12,"column":14},"end":{"line":12,"column":null}},"4":{"start":{"line":13,"column":13},"end":{"line":13,"column":null}},"5":{"start":{"line":14,"column":14},"end":{"line":14,"column":null}},"6":{"start":{"line":16,"column":2},"end":{"line":21,"column":null}},"7":{"start":{"line":17,"column":4},"end":{"line":17,"column":null}},"8":{"start":{"line":18,"column":4},"end":{"line":18,"column":null}},"9":{"start":{"line":19,"column":4},"end":{"line":19,"column":null}},"10":{"start":{"line":20,"column":4},"end":{"line":20,"column":null}},"11":{"start":{"line":23,"column":2},"end":{"line":26,"column":null}}},"fnMap":{"0":{"name":"bbox","decl":{"start":{"line":6,"column":16},"end":{"line":6,"column":21}},"loc":{"start":{"line":6,"column":64},"end":{"line":27,"column":null}},"line":6}},"branchMap":{"0":{"loc":{"start":{"line":7,"column":2},"end":{"line":9,"column":null}},"type":"if","locations":[{"start":{"line":7,"column":2},"end":{"line":9,"column":null}},{"start":{},"end":{}}],"line":7}},"s":{"0":0,"1":0,"2":0,"3":0,"4":0,"5":0,"6":0,"7":0,"8":0,"9":0,"10":0,"11":0},"f":{"0":0},"b":{"0":[0,0]},"meta":{"lastBranch":1,"lastFunction":1,"lastStatement":12,"seen":{"f:6:16:6:21":0,"b:7:2:9:Infinity:undefined:undefined:undefined:undefined":0,"s:7:2:9:Infinity":0,"s:8:4:8:Infinity":1,"s:11:13:11:Infinity":2,"s:12:14:12:Infinity":3,"s:13:13:13:Infinity":4,"s:14:14:14:Infinity":5,"s:16:2:21:Infinity":6,"s:17:4:17:Infinity":7,"s:18:4:18:Infinity":8,"s:19:4:19:Infinity":9,"s:20:4:20:Infinity":10,"s:23:2:26:Infinity":11},"fnNames":{}}}
,"/home/runner/work/visual-directory/visual-directory/frontend/application/geo/bearing.ts": {"path":"/home/runner/work/visual-directory/visual-directory/frontend/application/geo/bearing.ts","statementMap":{"0":{"start":{"line":4,"column":15},"end":{"line":4,"column":null}},"1":{"start":{"line":5,"column":15},"end":{"line":5,"column":null}},"2":{"start":{"line":6,"column":15},"end":{"line":6,"column":null}},"3":{"start":{"line":7,"column":15},"end":{"line":7,"column":null}},"4":{"start":{"line":9,"column":12},"end":{"line":9,"column":null}},"5":{"start":{"line":11,"column":4},"end":{"line":12,"column":null}},"6":{"start":{"line":13,"column":16},"end":{"line":13,"column":null}},"7":{"start":{"line":15,"column":2},"end":{"line":15,"column":null}},"8":{"start":{"line":15,"column":19},"end":{"line":15,"column":null}},"9":{"start":{"line":16,"column":2},"end":{"line":16,"column":null}}},"fnMap":{"0":{"name":"calculateBearing","decl":{"start":{"line":3,"column":16},"end":{"line":3,"column":33}},"loc":{"start":{"line":3,"column":87},"end":{"line":17,"column":null}},"line":3}},"branchMap":{"0":{"loc":{"start":{"line":15,"column":2},"end":{"line":15,"column":null}},"type":"if","locations":[{"start":{"line":15,"column":2},"end":{"line":15,"column":null}},{"start":{},"end":{}}],"line":15}},"s":{"0":0,"1":0,"2":0,"3":0,"4":0,"5":0,"6":0,"7":0,"8":0,"9":0},"f":{"0":0},"b":{"0":[0,0]},"meta":{"lastBranch":1,"lastFunction":1,"lastStatement":10,"seen":{"f:3:16:3:33":0,"s:4:15:4:Infinity":0,"s:5:15:5:Infinity":1,"s:6:15:6:Infinity":2,"s:7:15:7:Infinity":3,"s:9:12:9:Infinity":4,"s:11:4:12:Infinity":5,"s:13:16:13:Infinity":6,"b:15:2:15:Infinity:undefined:undefined:undefined:undefined":0,"s:15:2:15:Infinity":7,"s:15:19:15:Infinity":8,"s:16:2:16:Infinity":9},"fnNames":{}}}
,"/home/runner/work/visual-directory/visual-directory/frontend/application/geo/distance.ts": {"path":"/home/runner/work/visual-directory/visual-directory/frontend/application/geo/distance.ts","statementMap":{"0":{"start":{"line":3,"column":24},"end":{"line":3,"column":null}},"1":{"start":{"line":6,"column":15},"end":{"line":6,"column":null}},"2":{"start":{"line":7,"column":15},"end":{"line":7,"column":null}},"3":{"start":{"line":8,"column":8},"end":{"line":8,"column":null}},"4":{"start":{"line":9,"column":8},"end":{"line":9,"column":null}},"5":{"start":{"line":12,"column":4},"end":{"line":13,"column":null}},"6":{"start":{"line":14,"column":12},"end":{"line":14,"column":null}},"7":{"start":{"line":16,"column":2},"end":{"line":16,"column":null}}},"fnMap":{"0":{"name":"calculateDistance","decl":{"start":{"line":5,"column":16},"end":{"line":5,"column":34}},"loc":{"start":{"line":5,"column":88},"end":{"line":17,"column":null}},"line":5}},"branchMap":{},"s":{"0":0,"1":0,"2":0,"3":0,"4":0,"5":0,"6":0,"7":0},"f":{"0":0},"b":{},"meta":{"lastBranch":0,"lastFunction":1,"lastStatement":8,"seen":{"s:3:24:3:Infinity":0,"f:5:16:5:34":0,"s:6:15:6:Infinity":1,"s:7:15:7:Infinity":2,"s:8:8:8:Infinity":3,"s:9:8:9:Infinity":4,"s:12:4:13:Infinity":5,"s:14:12:14:Infinity":6,"s:16:2:16:Infinity":7},"fnNames":{}}}
,"/home/runner/work/visual-directory/visual-directory/frontend/application/geojson/member.geojson.ts": {"path":"/home/runner/work/visual-directory/visual-directory/frontend/application/geojson/member.geojson.ts","statementMap":{"0":{"start":{"line":20,"column":2},"end":{"line":32,"column":null}},"1":{"start":{"line":36,"column":2},"end":{"line":39,"column":null}}},"fnMap":{"0":{"name":"memberToFeature","decl":{"start":{"line":19,"column":16},"end":{"line":19,"column":32}},"loc":{"start":{"line":19,"column":63},"end":{"line":33,"column":null}},"line":19},"1":{"name":"membersToGeoJSON","decl":{"start":{"line":35,"column":16},"end":{"line":35,"column":33}},"loc":{"start":{"line":35,"column":77},"end":{"line":40,"column":null}},"line":35}},"branchMap":{"0":{"loc":{"start":{"line":25,"column":14},"end":{"line":30,"column":null}},"type":"cond-expr","locations":[{"start":{"line":26,"column":8},"end":{"line":29,"column":null}},{"start":{"line":30,"column":8},"end":{"line":30,"column":null}}],"line":25}},"s":{"0":3,"1":3},"f":{"0":3,"1":3},"b":{"0":[2,1]},"meta":{"lastBranch":1,"lastFunction":2,"lastStatement":2,"seen":{"f:19:16:19:32":0,"s:20:2:32:Infinity":0,"b:26:8:29:Infinity:30:8:30:Infinity":0,"f:35:16:35:33":1,"s:36:2:39:Infinity":1},"fnNames":{}}}
,"/home/runner/work/visual-directory/visual-directory/frontend/application/member/member-export.ts": {"path":"/home/runner/work/visual-directory/visual-directory/frontend/application/member/member-export.ts","statementMap":{"0":{"start":{"line":26,"column":2},"end":{"line":38,"column":null}}},"fnMap":{"0":{"name":"buildMemberDataExport","decl":{"start":{"line":21,"column":16},"end":{"line":21,"column":null}},"loc":{"start":{"line":25,"column":20},"end":{"line":39,"column":null}},"line":25}},"branchMap":{"0":{"loc":{"start":{"line":28,"column":13},"end":{"line":28,"column":null}},"type":"binary-expr","locations":[{"start":{"line":28,"column":13},"end":{"line":28,"column":31}},{"start":{"line":28,"column":31},"end":{"line":28,"column":null}}],"line":28},"1":{"loc":{"start":{"line":29,"column":11},"end":{"line":29,"column":null}},"type":"binary-expr","locations":[{"start":{"line":29,"column":11},"end":{"line":29,"column":40}},{"start":{"line":29,"column":40},"end":{"line":29,"column":null}}],"line":29},"2":{"loc":{"start":{"line":30,"column":18},"end":{"line":30,"column":null}},"type":"binary-expr","locations":[{"start":{"line":30,"column":18},"end":{"line":30,"column":43}},{"start":{"line":30,"column":43},"end":{"line":30,"column":null}}],"line":30},"3":{"loc":{"start":{"line":32,"column":10},"end":{"line":32,"column":null}},"type":"binary-expr","locations":[{"start":{"line":32,"column":10},"end":{"line":32,"column":35}},{"start":{"line":32,"column":35},"end":{"line":32,"column":null}}],"line":32},"4":{"loc":{"start":{"line":34,"column":20},"end":{"line":34,"column":null}},"type":"cond-expr","locations":[{"start":{"line":34,"column":60},"end":{"line":34,"column":91}},{"start":{"line":34,"column":91},"end":{"line":34,"column":null}}],"line":34}},"s":{"0":2},"f":{"0":2},"b":{"0":[2,1],"1":[2,1],"2":[2,1],"3":[2,0],"4":[1,1]},"meta":{"lastBranch":5,"lastFunction":1,"lastStatement":1,"seen":{"f:21:16:21:Infinity":0,"s:26:2:38:Infinity":0,"b:28:13:28:31:28:31:28:Infinity":0,"b:29:11:29:40:29:40:29:Infinity":1,"b:30:18:30:43:30:43:30:Infinity":2,"b:32:10:32:35:32:35:32:Infinity":3,"b:34:60:34:91:34:91:34:Infinity":4},"fnNames":{}}}
,"/home/runner/work/visual-directory/visual-directory/frontend/domain/marker/geo-coordinate.ts": {"path":"/home/runner/work/visual-directory/visual-directory/frontend/domain/marker/geo-coordinate.ts","statementMap":{},"fnMap":{},"branchMap":{},"s":{},"f":{},"b":{},"meta":{"lastBranch":0,"lastFunction":0,"lastStatement":0,"seen":{},"fnNames":{}}}
,"/home/runner/work/visual-directory/visual-directory/frontend/domain/member/member.factory.ts": {"path":"/home/runner/work/visual-directory/visual-directory/frontend/domain/member/member.factory.ts","statementMap":{"0":{"start":{"line":6,"column":2},"end":{"line":12,"column":null}},"1":{"start":{"line":17,"column":2},"end":{"line":24,"column":null}},"2":{"start":{"line":28,"column":2},"end":{"line":28,"column":null}},"3":{"start":{"line":32,"column":2},"end":{"line":32,"column":null}},"4":{"start":{"line":36,"column":2},"end":{"line":36,"column":null}},"5":{"start":{"line":40,"column":2},"end":{"line":40,"column":null}},"6":{"start":{"line":48,"column":2},"end":{"line":48,"column":null}},"7":{"start":{"line":52,"column":2},"end":{"line":52,"column":null}},"8":{"start":{"line":56,"column":2},"end":{"line":56,"column":null}},"9":{"start":{"line":60,"column":2},"end":{"line":60,"column":null}}},"fnMap":{"0":{"name":"createMember","decl":{"start":{"line":5,"column":16},"end":{"line":5,"column":29}},"loc":{"start":{"line":5,"column":74},"end":{"line":13,"column":null}},"line":5},"1":{"name":"createIncompleteMember","decl":{"start":{"line":16,"column":16},"end":{"line":16,"column":39}},"loc":{"start":{"line":16,"column":75},"end":{"line":25,"column":null}},"line":16},"2":{"name":"markComplete","decl":{"start":{"line":27,"column":16},"end":{"line":27,"column":29}},"loc":{"start":{"line":27,"column":53},"end":{"line":29,"column":null}},"line":27},"3":{"name":"updateMemberAddress","decl":{"start":{"line":31,"column":16},"end":{"line":31,"column":36}},"loc":{"start":{"line":31,"column":84},"end":{"line":33,"column":null}},"line":31},"4":{"name":"updateMemberTelephone","decl":{"start":{"line":35,"column":16},"end":{"line":35,"column":38}},"loc":{"start":{"line":35,"column":81},"end":{"line":37,"column":null}},"line":35},"5":{"name":"updateMemberEmail","decl":{"start":{"line":39,"column":16},"end":{"line":39,"column":34}},"loc":{"start":{"line":39,"column":73},"end":{"line":41,"column":null}},"line":39},"6":{"name":"updateResponsibility","decl":{"start":{"line":43,"column":16},"end":{"line":43,"column":null}},"loc":{"start":{"line":47,"column":10},"end":{"line":49,"column":null}},"line":47},"7":{"name":"assignOrganization","decl":{"start":{"line":51,"column":16},"end":{"line":51,"column":35}},"loc":{"start":{"line":51,"column":83},"end":{"line":53,"column":null}},"line":51},"8":{"name":"markLostContact","decl":{"start":{"line":55,"column":16},"end":{"line":55,"column":32}},"loc":{"start":{"line":55,"column":80},"end":{"line":57,"column":null}},"line":55},"9":{"name":"reactivateMember","decl":{"start":{"line":59,"column":16},"end":{"line":59,"column":33}},"loc":{"start":{"line":59,"column":57},"end":{"line":61,"column":null}},"line":59}},"branchMap":{},"s":{"0":9,"1":2,"2":1,"3":1,"4":1,"5":1,"6":1,"7":1,"8":1,"9":1},"f":{"0":9,"1":2,"2":1,"3":1,"4":1,"5":1,"6":1,"7":1,"8":1,"9":1},"b":{},"meta":{"lastBranch":0,"lastFunction":10,"lastStatement":10,"seen":{"f:5:16:5:29":0,"s:6:2:12:Infinity":0,"f:16:16:16:39":1,"s:17:2:24:Infinity":1,"f:27:16:27:29":2,"s:28:2:28:Infinity":2,"f:31:16:31:36":3,"s:32:2:32:Infinity":3,"f:35:16:35:38":4,"s:36:2:36:Infinity":4,"f:39:16:39:34":5,"s:40:2:40:Infinity":5,"f:43:16:43:Infinity":6,"s:48:2:48:Infinity":6,"f:51:16:51:35":7,"s:52:2:52:Infinity":7,"f:55:16:55:32":8,"s:56:2:56:Infinity":8,"f:59:16:59:33":9,"s:60:2:60:Infinity":9},"fnNames":{}}}
,"/home/runner/work/visual-directory/visual-directory/frontend/domain/member/member.types.ts": {"path":"/home/runner/work/visual-directory/visual-directory/frontend/domain/member/member.types.ts","statementMap":{},"fnMap":{},"branchMap":{},"s":{},"f":{},"b":{},"meta":{"lastBranch":0,"lastFunction":0,"lastStatement":0,"seen":{},"fnNames":{}}}
,"/home/runner/work/visual-directory/visual-directory/frontend/domain/organization/organization.factory.ts": {"path":"/home/runner/work/visual-directory/visual-directory/frontend/domain/organization/organization.factory.ts","statementMap":{"0":{"start":{"line":10,"column":19},"end":{"line":11,"column":null}},"1":{"start":{"line":11,"column":2},"end":{"line":11,"column":null}},"2":{"start":{"line":11,"column":40},"end":{"line":11,"column":47}},"3":{"start":{"line":14,"column":2},"end":{"line":21,"column":null}},"4":{"start":{"line":25,"column":2},"end":{"line":25,"column":null}},"5":{"start":{"line":29,"column":2},"end":{"line":29,"column":null}},"6":{"start":{"line":33,"column":2},"end":{"line":33,"column":null}},"7":{"start":{"line":37,"column":2},"end":{"line":37,"column":null}},"8":{"start":{"line":41,"column":2},"end":{"line":41,"column":null}}},"fnMap":{"0":{"name":"(anonymous_0)","decl":{"start":{"line":10,"column":19},"end":{"line":10,"column":20}},"loc":{"start":{"line":11,"column":2},"end":{"line":11,"column":null}},"line":11},"1":{"name":"(anonymous_1)","decl":{"start":{"line":11,"column":23},"end":{"line":11,"column":24}},"loc":{"start":{"line":11,"column":40},"end":{"line":11,"column":47}},"line":11},"2":{"name":"buildOrganization","decl":{"start":{"line":13,"column":9},"end":{"line":13,"column":27}},"loc":{"start":{"line":13,"column":73},"end":{"line":22,"column":null}},"line":13},"3":{"name":"createOrganization","decl":{"start":{"line":24,"column":16},"end":{"line":24,"column":35}},"loc":{"start":{"line":24,"column":106},"end":{"line":26,"column":null}},"line":24},"4":{"name":"createDistrictOrganization","decl":{"start":{"line":28,"column":16},"end":{"line":28,"column":43}},"loc":{"start":{"line":28,"column":90},"end":{"line":30,"column":null}},"line":28},"5":{"name":"createAreaOrganization","decl":{"start":{"line":32,"column":16},"end":{"line":32,"column":39}},"loc":{"start":{"line":32,"column":93},"end":{"line":34,"column":null}},"line":32},"6":{"name":"createHeadquartersOrganization","decl":{"start":{"line":36,"column":16},"end":{"line":36,"column":47}},"loc":{"start":{"line":36,"column":101},"end":{"line":38,"column":null}},"line":36},"7":{"name":"createRegionOrganization","decl":{"start":{"line":40,"column":16},"end":{"line":40,"column":41}},"loc":{"start":{"line":40,"column":103},"end":{"line":42,"column":null}},"line":40}},"branchMap":{},"s":{"0":1,"1":3,"2":0,"3":6,"4":2,"5":1,"6":1,"7":1,"8":1},"f":{"0":3,"1":0,"2":6,"3":2,"4":1,"5":1,"6":1,"7":1},"b":{},"meta":{"lastBranch":0,"lastFunction":8,"lastStatement":9,"seen":{"s:10:19:11:Infinity":0,"f:10:19:10:20":0,"s:11:2:11:Infinity":1,"f:11:23:11:24":1,"s:11:40:11:47":2,"f:13:9:13:27":2,"s:14:2:21:Infinity":3,"f:24:16:24:35":3,"s:25:2:25:Infinity":4,"f:28:16:28:43":4,"s:29:2:29:Infinity":5,"f:32:16:32:39":5,"s:33:2:33:Infinity":6,"f:36:16:36:47":6,"s:37:2:37:Infinity":7,"f:40:16:40:41":7,"s:41:2:41:Infinity":8},"fnNames":{}}}
,"/home/runner/work/visual-directory/visual-directory/frontend/domain/organization/organization.types.ts": {"path":"/home/runner/work/visual-directory/visual-directory/frontend/domain/organization/organization.types.ts","statementMap":{},"fnMap":{},"branchMap":{},"s":{},"f":{},"b":{},"meta":{"lastBranch":0,"lastFunction":0,"lastStatement":0,"seen":{},"fnNames":{}}}
,"/home/runner/work/visual-directory/visual-directory/frontend/domain/shared/collection.ts": {"path":"/home/runner/work/visual-directory/visual-directory/frontend/domain/shared/collection.ts","statementMap":{"0":{"start":{"line":2,"column":2},"end":{"line":2,"column":null}},"1":{"start":{"line":2,"column":15},"end":{"line":2,"column":null}},"2":{"start":{"line":3,"column":2},"end":{"line":3,"column":null}},"3":{"start":{"line":3,"column":82},"end":{"line":3,"column":null}},"4":{"start":{"line":5,"column":16},"end":{"line":5,"column":null}},"5":{"start":{"line":6,"column":16},"end":{"line":6,"column":null}},"6":{"start":{"line":7,"column":2},"end":{"line":7,"column":null}},"7":{"start":{"line":7,"column":37},"end":{"line":7,"column":null}},"8":{"start":{"line":9,"column":2},"end":{"line":13,"column":null}},"9":{"start":{"line":10,"column":4},"end":{"line":12,"column":null}},"10":{"start":{"line":11,"column":6},"end":{"line":11,"column":null}},"11":{"start":{"line":14,"column":2},"end":{"line":14,"column":null}},"12":{"start":{"line":18,"column":2},"end":{"line":18,"column":null}},"13":{"start":{"line":18,"column":37},"end":{"line":18,"column":59}}},"fnMap":{"0":{"name":"isEqual","decl":{"start":{"line":1,"column":9},"end":{"line":1,"column":17}},"loc":{"start":{"line":1,"column":50},"end":{"line":15,"column":null}},"line":1},"1":{"name":"removeFromCollection","decl":{"start":{"line":17,"column":16},"end":{"line":17,"column":40}},"loc":{"start":{"line":17,"column":73},"end":{"line":19,"column":null}},"line":17},"2":{"name":"(anonymous_2)","decl":{"start":{"line":18,"column":27},"end":{"line":18,"column":28}},"loc":{"start":{"line":18,"column":37},"end":{"line":18,"column":59}},"line":18}},"branchMap":{"0":{"loc":{"start":{"line":2,"column":2},"end":{"line":2,"column":null}},"type":"if","locations":[{"start":{"line":2,"column":2},"end":{"line":2,"column":null}},{"start":{},"end":{}}],"line":2},"1":{"loc":{"start":{"line":3,"column":2},"end":{"line":3,"column":null}},"type":"if","locations":[{"start":{"line":3,"column":2},"end":{"line":3,"column":null}},{"start":{},"end":{}}],"line":3},"2":{"loc":{"start":{"line":3,"column":6},"end":{"line":3,"column":82}},"type":"binary-expr","locations":[{"start":{"line":3,"column":6},"end":{"line":3,"column":31}},{"start":{"line":3,"column":31},"end":{"line":3,"column":56}},{"start":{"line":3,"column":56},"end":{"line":3,"column":70}},{"start":{"line":3,"column":70},"end":{"line":3,"column":82}}],"line":3},"3":{"loc":{"start":{"line":7,"column":2},"end":{"line":7,"column":null}},"type":"if","locations":[{"start":{"line":7,"column":2},"end":{"line":7,"column":null}},{"start":{},"end":{}}],"line":7},"4":{"loc":{"start":{"line":10,"column":4},"end":{"line":12,"column":null}},"type":"if","locations":[{"start":{"line":10,"column":4},"end":{"line":12,"column":null}},{"start":{},"end":{}}],"line":10}},"s":{"0":0,"1":0,"2":0,"3":0,"4":0,"5":0,"6":0,"7":0,"8":0,"9":0,"10":0,"11":0,"12":0,"13":0},"f":{"0":0,"1":0,"2":0},"b":{"0":[0,0],"1":[0,0],"2":[0,0,0,0],"3":[0,0],"4":[0,0]},"meta":{"lastBranch":5,"lastFunction":3,"lastStatement":14,"seen":{"f:1:9:1:17":0,"b:2:2:2:Infinity:undefined:undefined:undefined:undefined":0,"s:2:2:2:Infinity":0,"s:2:15:2:Infinity":1,"b:3:2:3:Infinity:undefined:undefined:undefined:undefined":1,"s:3:2:3:Infinity":2,"b:3:6:3:31:3:31:3:56:3:56:3:70:3:70:3:82":2,"s:3:82:3:Infinity":3,"s:5:16:5:Infinity":4,"s:6:16:6:Infinity":5,"b:7:2:7:Infinity:undefined:undefined:undefined:undefined":3,"s:7:2:7:Infinity":6,"s:7:37:7:Infinity":7,"s:9:2:13:Infinity":8,"b:10:4:12:Infinity:undefined:undefined:undefined:undefined":4,"s:10:4:12:Infinity":9,"s:11:6:11:Infinity":10,"s:14:2:14:Infinity":11,"f:17:16:17:40":1,"s:18:2:18:Infinity":12,"f:18:27:18:28":2,"s:18:37:18:59":13},"fnNames":{}}}
,"/home/runner/work/visual-directory/visual-directory/frontend/domain/shared/types.ts": {"path":"/home/runner/work/visual-directory/visual-directory/frontend/domain/shared/types.ts","statementMap":{},"fnMap":{},"branchMap":{},"s":{},"f":{},"b":{},"meta":{"lastBranch":0,"lastFunction":0,"lastStatement":0,"seen":{},"fnNames":{}}}
,"/home/runner/work/visual-directory/visual-directory/frontend/infrastructure/api/api-client.ts": {"path":"/home/runner/work/visual-directory/visual-directory/frontend/infrastructure/api/api-client.ts","statementMap":{"0":{"start":{"line":3,"column":16},"end":{"line":3,"column":null}},"1":{"start":{"line":9,"column":4},"end":{"line":9,"column":null}},"2":{"start":{"line":10,"column":4},"end":{"line":10,"column":null}},"3":{"start":{"line":19,"column":4},"end":{"line":19,"column":null}},"4":{"start":{"line":30,"column":42},"end":{"line":30,"column":null}},"5":{"start":{"line":33,"column":2},"end":{"line":33,"column":null}},"6":{"start":{"line":37,"column":8},"end":{"line":37,"column":null}},"7":{"start":{"line":38,"column":42},"end":{"line":41,"column":null}},"8":{"start":{"line":42,"column":2},"end":{"line":44,"column":null}},"9":{"start":{"line":43,"column":4},"end":{"line":43,"column":null}},"10":{"start":{"line":47,"column":2},"end":{"line":51,"column":null}},"11":{"start":{"line":48,"column":4},"end":{"line":48,"column":null}},"12":{"start":{"line":50,"column":4},"end":{"line":50,"column":null}},"13":{"start":{"line":53,"column":2},"end":{"line":59,"column":null}},"14":{"start":{"line":54,"column":4},"end":{"line":56,"column":null}},"15":{"start":{"line":55,"column":6},"end":{"line":55,"column":null}},"16":{"start":{"line":57,"column":17},"end":{"line":57,"column":null}},"17":{"start":{"line":57,"column":52},"end":{"line":57,"column":77}},"18":{"start":{"line":58,"column":4},"end":{"line":58,"column":null}},"19":{"start":{"line":61,"column":2},"end":{"line":63,"column":null}},"20":{"start":{"line":62,"column":4},"end":{"line":62,"column":null}},"21":{"start":{"line":65,"column":2},"end":{"line":65,"column":null}}},"fnMap":{"0":{"name":"constructor","decl":{"start":{"line":8,"column":2},"end":{"line":8,"column":14}},"loc":{"start":{"line":8,"column":47},"end":{"line":11,"column":null}},"line":8},"1":{"name":"constructor_2","decl":{"start":{"line":18,"column":2},"end":{"line":18,"column":16}},"loc":{"start":{"line":18,"column":16},"end":{"line":20,"column":null}},"line":18},"2":{"name":"setUnauthorizedHandler","decl":{"start":{"line":32,"column":16},"end":{"line":32,"column":39}},"loc":{"start":{"line":32,"column":66},"end":{"line":34,"column":null}},"line":32},"3":{"name":"apiFetch","decl":{"start":{"line":36,"column":22},"end":{"line":36,"column":34}},"loc":{"start":{"line":36,"column":87},"end":{"line":66,"column":null}},"line":36},"4":{"name":"(anonymous_4)","decl":{"start":{"line":57,"column":45},"end":{"line":57,"column":52}},"loc":{"start":{"line":57,"column":52},"end":{"line":57,"column":77}},"line":57}},"branchMap":{"0":{"loc":{"start":{"line":3,"column":16},"end":{"line":3,"column":null}},"type":"binary-expr","locations":[{"start":{"line":3,"column":16},"end":{"line":3,"column":48}},{"start":{"line":3,"column":48},"end":{"line":3,"column":null}}],"line":3},"1":{"loc":{"start":{"line":36,"column":48},"end":{"line":36,"column":87}},"type":"default-arg","locations":[{"start":{"line":36,"column":71},"end":{"line":36,"column":87}}],"line":36},"2":{"loc":{"start":{"line":40,"column":9},"end":{"line":40,"column":null}},"type":"binary-expr","locations":[{"start":{"line":40,"column":9},"end":{"line":40,"column":55}},{"start":{"line":40,"column":55},"end":{"line":40,"column":null}}],"line":40},"3":{"loc":{"start":{"line":42,"column":2},"end":{"line":44,"column":null}},"type":"if","locations":[{"start":{"line":42,"column":2},"end":{"line":44,"column":null}},{"start":{},"end":{}}],"line":42},"4":{"loc":{"start":{"line":53,"column":2},"end":{"line":59,"column":null}},"type":"if","locations":[{"start":{"line":53,"column":2},"end":{"line":59,"column":null}},{"start":{},"end":{}}],"line":53},"5":{"loc":{"start":{"line":54,"column":4},"end":{"line":56,"column":null}},"type":"if","locations":[{"start":{"line":54,"column":4},"end":{"line":56,"column":null}},{"start":{},"end":{}}],"line":54},"6":{"loc":{"start":{"line":58,"column":23},"end":{"line":58,"column":86}},"type":"binary-expr","locations":[{"start":{"line":58,"column":23},"end":{"line":58,"column":37}},{"start":{"line":58,"column":37},"end":{"line":58,"column":86}}],"line":58},"7":{"loc":{"start":{"line":61,"column":2},"end":{"line":63,"column":null}},"type":"if","locations":[{"start":{"line":61,"column":2},"end":{"line":63,"column":null}},{"start":{},"end":{}}],"line":61}},"s":{"0":0,"1":0,"2":0,"3":0,"4":0,"5":0,"6":0,"7":0,"8":0,"9":0,"10":0,"11":0,"12":0,"13":0,"14":0,"15":0,"16":0,"17":0,"18":0,"19":0,"20":0,"21":0},"f":{"0":0,"1":0,"2":0,"3":0,"4":0},"b":{"0":[0,0],"1":[0],"2":[0,0],"3":[0,0],"4":[0,0],"5":[0,0],"6":[0,0],"7":[0,0]},"meta":{"lastBranch":8,"lastFunction":5,"lastStatement":22,"seen":{"s:3:16:3:Infinity":0,"b:3:16:3:48:3:48:3:Infinity":0,"f:8:2:8:14":0,"s:9:4:9:Infinity":1,"s:10:4:10:Infinity":2,"f:18:2:18:16":1,"s:19:4:19:Infinity":3,"s:30:42:30:Infinity":4,"f:32:16:32:39":2,"s:33:2:33:Infinity":5,"f:36:22:36:34":3,"b:36:71:36:87":1,"s:37:8:37:Infinity":6,"s:38:42:41:Infinity":7,"b:40:9:40:55:40:55:40:Infinity":2,"b:42:2:44:Infinity:undefined:undefined:undefined:undefined":3,"s:42:2:44:Infinity":8,"s:43:4:43:Infinity":9,"s:47:2:51:Infinity":10,"s:48:4:48:Infinity":11,"s:50:4:50:Infinity":12,"b:53:2:59:Infinity:undefined:undefined:undefined:undefined":4,"s:53:2:59:Infinity":13,"b:54:4:56:Infinity:undefined:undefined:undefined:undefined":5,"s:54:4:56:Infinity":14,"s:55:6:55:Infinity":15,"s:57:17:57:Infinity":16,"f:57:45:57:52":4,"s:57:52:57:77":17,"s:58:4:58:Infinity":18,"b:58:23:58:37:58:37:58:86":6,"b:61:2:63:Infinity:undefined:undefined:undefined:undefined":7,"s:61:2:63:Infinity":19,"s:62:4:62:Infinity":20,"s:65:2:65:Infinity":21},"fnNames":{}}}
,"/home/runner/work/visual-directory/visual-directory/frontend/infrastructure/api/token-storage.ts": {"path":"/home/runner/work/visual-directory/visual-directory/frontend/infrastructure/api/token-storage.ts","statementMap":{"0":{"start":{"line":1,"column":20},"end":{"line":1,"column":null}},"1":{"start":{"line":4,"column":2},"end":{"line":4,"column":null}},"2":{"start":{"line":8,"column":2},"end":{"line":8,"column":null}},"3":{"start":{"line":12,"column":2},"end":{"line":12,"column":null}}},"fnMap":{"0":{"name":"getStoredToken","decl":{"start":{"line":3,"column":16},"end":{"line":3,"column":48}},"loc":{"start":{"line":3,"column":48},"end":{"line":5,"column":null}},"line":3},"1":{"name":"setStoredToken","decl":{"start":{"line":7,"column":16},"end":{"line":7,"column":31}},"loc":{"start":{"line":7,"column":52},"end":{"line":9,"column":null}},"line":7},"2":{"name":"clearStoredToken","decl":{"start":{"line":11,"column":16},"end":{"line":11,"column":41}},"loc":{"start":{"line":11,"column":41},"end":{"line":13,"column":null}},"line":11}},"branchMap":{},"s":{"0":0,"1":0,"2":0,"3":0},"f":{"0":0,"1":0,"2":0},"b":{},"meta":{"lastBranch":0,"lastFunction":3,"lastStatement":4,"seen":{"s:1:20:1:Infinity":0,"f:3:16:3:48":0,"s:4:2:4:Infinity":1,"f:7:16:7:31":1,"s:8:2:8:Infinity":2,"f:11:16:11:41":2,"s:12:2:12:Infinity":3},"fnNames":{}}}
,"/home/runner/work/visual-directory/visual-directory/frontend/infrastructure/csv/csv.file.ts": {"path":"/home/runner/work/visual-directory/visual-directory/frontend/infrastructure/csv/csv.file.ts","statementMap":{"0":{"start":{"line":2,"column":15},"end":{"line":2,"column":null}},"1":{"start":{"line":3,"column":14},"end":{"line":3,"column":null}},"2":{"start":{"line":5,"column":15},"end":{"line":5,"column":null}},"3":{"start":{"line":6,"column":2},"end":{"line":6,"column":null}},"4":{"start":{"line":7,"column":2},"end":{"line":7,"column":null}},"5":{"start":{"line":8,"column":2},"end":{"line":8,"column":null}},"6":{"start":{"line":9,"column":2},"end":{"line":9,"column":null}},"7":{"start":{"line":11,"column":2},"end":{"line":11,"column":null}}},"fnMap":{"0":{"name":"createCSVFile","decl":{"start":{"line":1,"column":16},"end":{"line":1,"column":30}},"loc":{"start":{"line":1,"column":73},"end":{"line":12,"column":null}},"line":1}},"branchMap":{},"s":{"0":0,"1":0,"2":0,"3":0,"4":0,"5":0,"6":0,"7":0},"f":{"0":0},"b":{},"meta":{"lastBranch":0,"lastFunction":1,"lastStatement":8,"seen":{"f:1:16:1:30":0,"s:2:15:2:Infinity":0,"s:3:14:3:Infinity":1,"s:5:15:5:Infinity":2,"s:6:2:6:Infinity":3,"s:7:2:7:Infinity":4,"s:8:2:8:Infinity":5,"s:9:2:9:Infinity":6,"s:11:2:11:Infinity":7},"fnNames":{}}}
,"/home/runner/work/visual-directory/visual-directory/frontend/infrastructure/device/is-mobile-device.ts": {"path":"/home/runner/work/visual-directory/visual-directory/frontend/infrastructure/device/is-mobile-device.ts","statementMap":{"0":{"start":{"line":5,"column":34},"end":{"line":5,"column":null}},"1":{"start":{"line":8,"column":18},"end":{"line":8,"column":null}},"2":{"start":{"line":9,"column":2},"end":{"line":11,"column":null}},"3":{"start":{"line":10,"column":4},"end":{"line":10,"column":null}},"4":{"start":{"line":12,"column":2},"end":{"line":12,"column":null}}},"fnMap":{"0":{"name":"isMobileDevice","decl":{"start":{"line":7,"column":16},"end":{"line":7,"column":42}},"loc":{"start":{"line":7,"column":42},"end":{"line":13,"column":null}},"line":7}},"branchMap":{"0":{"loc":{"start":{"line":9,"column":2},"end":{"line":11,"column":null}},"type":"if","locations":[{"start":{"line":9,"column":2},"end":{"line":11,"column":null}},{"start":{},"end":{}}],"line":9}},"s":{"0":0,"1":0,"2":0,"3":0,"4":0},"f":{"0":0},"b":{"0":[0,0]},"meta":{"lastBranch":1,"lastFunction":1,"lastStatement":5,"seen":{"s:5:34:5:Infinity":0,"f:7:16:7:42":0,"s:8:18:8:Infinity":1,"b:9:2:11:Infinity:undefined:undefined:undefined:undefined":0,"s:9:2:11:Infinity":2,"s:10:4:10:Infinity":3,"s:12:2:12:Infinity":4},"fnNames":{}}}
,"/home/runner/work/visual-directory/visual-directory/frontend/infrastructure/geo-simulation/coords.ts": {"path":"/home/runner/work/visual-directory/visual-directory/frontend/infrastructure/geo-simulation/coords.ts","statementMap":{"0":{"start":{"line":3,"column":21},"end":{"line":16,"column":null}}},"fnMap":{},"branchMap":{},"s":{"0":0},"f":{},"b":{},"meta":{"lastBranch":0,"lastFunction":0,"lastStatement":1,"seen":{"s:3:21:16:Infinity":0},"fnNames":{}}}
,"/home/runner/work/visual-directory/visual-directory/frontend/infrastructure/geo-simulation/geo-simulation.ts": {"path":"/home/runner/work/visual-directory/visual-directory/frontend/infrastructure/geo-simulation/geo-simulation.ts","statementMap":{"0":{"start":{"line":4,"column":12},"end":{"line":4,"column":null}},"1":{"start":{"line":5,"column":19},"end":{"line":5,"column":null}},"2":{"start":{"line":6,"column":16},"end":{"line":6,"column":null}},"3":{"start":{"line":7,"column":53},"end":{"line":7,"column":null}},"4":{"start":{"line":10,"column":18},"end":{"line":10,"column":null}},"5":{"start":{"line":11,"column":4},"end":{"line":14,"column":null}},"6":{"start":{"line":12,"column":6},"end":{"line":12,"column":null}},"7":{"start":{"line":12,"column":17},"end":{"line":12,"column":null}},"8":{"start":{"line":13,"column":6},"end":{"line":13,"column":null}},"9":{"start":{"line":16,"column":37},"end":{"line":45,"column":null}},"10":{"start":{"line":25,"column":23},"end":{"line":33,"column":null}},"11":{"start":{"line":36,"column":21},"end":{"line":44,"column":null}},"12":{"start":{"line":47,"column":4},"end":{"line":47,"column":null}},"13":{"start":{"line":47,"column":29},"end":{"line":47,"column":36}},"14":{"start":{"line":48,"column":4},"end":{"line":48,"column":null}},"15":{"start":{"line":51,"column":28},"end":{"line":97,"column":null}},"16":{"start":{"line":53,"column":20},"end":{"line":53,"column":null}},"17":{"start":{"line":54,"column":39},"end":{"line":79,"column":null}},"18":{"start":{"line":64,"column":12},"end":{"line":72,"column":null}},"19":{"start":{"line":77,"column":10},"end":{"line":77,"column":null}},"20":{"start":{"line":80,"column":6},"end":{"line":80,"column":null}},"21":{"start":{"line":83,"column":17},"end":{"line":83,"column":null}},"22":{"start":{"line":84,"column":6},"end":{"line":84,"column":null}},"23":{"start":{"line":85,"column":6},"end":{"line":87,"column":null}},"24":{"start":{"line":86,"column":8},"end":{"line":86,"column":null}},"25":{"start":{"line":88,"column":6},"end":{"line":88,"column":null}},"26":{"start":{"line":91,"column":6},"end":{"line":91,"column":null}},"27":{"start":{"line":92,"column":6},"end":{"line":95,"column":null}},"28":{"start":{"line":93,"column":8},"end":{"line":93,"column":null}},"29":{"start":{"line":94,"column":8},"end":{"line":94,"column":null}},"30":{"start":{"line":99,"column":2},"end":{"line":105,"column":null}},"31":{"start":{"line":100,"column":4},"end":{"line":103,"column":null}},"32":{"start":{"line":104,"column":4},"end":{"line":104,"column":null}}},"fnMap":{"0":{"name":"installGeoSim","decl":{"start":{"line":3,"column":16},"end":{"line":3,"column":30}},"loc":{"start":{"line":3,"column":46},"end":{"line":106,"column":null}},"line":3},"1":{"name":"emit","decl":{"start":{"line":9,"column":11},"end":{"line":9,"column":18}},"loc":{"start":{"line":9,"column":18},"end":{"line":49,"column":null}},"line":9},"2":{"name":"(anonymous_2)","decl":{"start":{"line":25,"column":16},"end":{"line":25,"column":23}},"loc":{"start":{"line":25,"column":23},"end":{"line":33,"column":null}},"line":25},"3":{"name":"(anonymous_3)","decl":{"start":{"line":36,"column":14},"end":{"line":36,"column":21}},"loc":{"start":{"line":36,"column":21},"end":{"line":44,"column":null}},"line":36},"4":{"name":"(anonymous_4)","decl":{"start":{"line":47,"column":21},"end":{"line":47,"column":22}},"loc":{"start":{"line":47,"column":29},"end":{"line":47,"column":36}},"line":47},"5":{"name":"getCurrentPosition","decl":{"start":{"line":52,"column":4},"end":{"line":52,"column":23}},"loc":{"start":{"line":52,"column":50},"end":{"line":81,"column":null}},"line":52},"6":{"name":"toJSON","decl":{"start":{"line":63,"column":10},"end":{"line":63,"column":19}},"loc":{"start":{"line":63,"column":19},"end":{"line":73,"column":null}},"line":63},"7":{"name":"toJSON_2","decl":{"start":{"line":76,"column":8},"end":{"line":76,"column":16}},"loc":{"start":{"line":76,"column":28},"end":{"line":78,"column":null}},"line":76},"8":{"name":"watchPosition","decl":{"start":{"line":82,"column":4},"end":{"line":82,"column":18}},"loc":{"start":{"line":82,"column":45},"end":{"line":89,"column":null}},"line":82},"9":{"name":"clearWatch","decl":{"start":{"line":90,"column":4},"end":{"line":90,"column":15}},"loc":{"start":{"line":90,"column":27},"end":{"line":96,"column":null}},"line":90}},"branchMap":{"0":{"loc":{"start":{"line":3,"column":30},"end":{"line":3,"column":46}},"type":"default-arg","locations":[{"start":{"line":3,"column":40},"end":{"line":3,"column":46}}],"line":3},"1":{"loc":{"start":{"line":11,"column":4},"end":{"line":14,"column":null}},"type":"if","locations":[{"start":{"line":11,"column":4},"end":{"line":14,"column":null}},{"start":{},"end":{}}],"line":11},"2":{"loc":{"start":{"line":12,"column":6},"end":{"line":12,"column":null}},"type":"if","locations":[{"start":{"line":12,"column":6},"end":{"line":12,"column":null}},{"start":{},"end":{}}],"line":12},"3":{"loc":{"start":{"line":85,"column":6},"end":{"line":87,"column":null}},"type":"if","locations":[{"start":{"line":85,"column":6},"end":{"line":87,"column":null}},{"start":{},"end":{}}],"line":85},"4":{"loc":{"start":{"line":92,"column":6},"end":{"line":95,"column":null}},"type":"if","locations":[{"start":{"line":92,"column":6},"end":{"line":95,"column":null}},{"start":{},"end":{}}],"line":92},"5":{"loc":{"start":{"line":92,"column":10},"end":{"line":92,"column":40}},"type":"binary-expr","locations":[{"start":{"line":92,"column":10},"end":{"line":92,"column":33}},{"start":{"line":92,"column":33},"end":{"line":92,"column":40}}],"line":92},"6":{"loc":{"start":{"line":99,"column":2},"end":{"line":105,"column":null}},"type":"if","locations":[{"start":{"line":99,"column":2},"end":{"line":105,"column":null}},{"start":{},"end":{}}],"line":99}},"s":{"0":0,"1":0,"2":0,"3":0,"4":0,"5":0,"6":0,"7":0,"8":0,"9":0,"10":0,"11":0,"12":0,"13":0,"14":0,"15":0,"16":0,"17":0,"18":0,"19":0,"20":0,"21":0,"22":0,"23":0,"24":0,"25":0,"26":0,"27":0,"28":0,"29":0,"30":0,"31":0,"32":0},"f":{"0":0,"1":0,"2":0,"3":0,"4":0,"5":0,"6":0,"7":0,"8":0,"9":0},"b":{"0":[0],"1":[0,0],"2":[0,0],"3":[0,0],"4":[0,0],"5":[0,0],"6":[0,0]},"meta":{"lastBranch":7,"lastFunction":10,"lastStatement":33,"seen":{"f:3:16:3:30":0,"b:3:40:3:46":0,"s:4:12:4:Infinity":0,"s:5:19:5:Infinity":1,"s:6:16:6:Infinity":2,"s:7:53:7:Infinity":3,"f:9:11:9:18":1,"s:10:18:10:Infinity":4,"b:11:4:14:Infinity:undefined:undefined:undefined:undefined":1,"s:11:4:14:Infinity":5,"b:12:6:12:Infinity:undefined:undefined:undefined:undefined":2,"s:12:6:12:Infinity":6,"s:12:17:12:Infinity":7,"s:13:6:13:Infinity":8,"s:16:37:45:Infinity":9,"f:25:16:25:23":2,"s:25:23:33:Infinity":10,"f:36:14:36:21":3,"s:36:21:44:Infinity":11,"s:47:4:47:Infinity":12,"f:47:21:47:22":4,"s:47:29:47:36":13,"s:48:4:48:Infinity":14,"s:51:28:97:Infinity":15,"f:52:4:52:23":5,"s:53:20:53:Infinity":16,"s:54:39:79:Infinity":17,"f:63:10:63:19":6,"s:64:12:72:Infinity":18,"f:76:8:76:16":7,"s:77:10:77:Infinity":19,"s:80:6:80:Infinity":20,"f:82:4:82:18":8,"s:83:17:83:Infinity":21,"s:84:6:84:Infinity":22,"b:85:6:87:Infinity:undefined:undefined:undefined:undefined":3,"s:85:6:87:Infinity":23,"s:86:8:86:Infinity":24,"s:88:6:88:Infinity":25,"f:90:4:90:15":9,"s:91:6:91:Infinity":26,"b:92:6:95:Infinity:undefined:undefined:undefined:undefined":4,"s:92:6:95:Infinity":27,"b:92:10:92:33:92:33:92:40":5,"s:93:8:93:Infinity":28,"s:94:8:94:Infinity":29,"b:99:2:105:Infinity:undefined:undefined:undefined:undefined":6,"s:99:2:105:Infinity":30,"s:100:4:103:Infinity":31,"s:104:4:104:Infinity":32},"fnNames":{}}}
,"/home/runner/work/visual-directory/visual-directory/frontend/infrastructure/geojson/geojson.file.ts": {"path":"/home/runner/work/visual-directory/visual-directory/frontend/infrastructure/geojson/geojson.file.ts","statementMap":{"0":{"start":{"line":2,"column":15},"end":{"line":2,"column":null}},"1":{"start":{"line":3,"column":14},"end":{"line":3,"column":null}},"2":{"start":{"line":5,"column":15},"end":{"line":5,"column":null}},"3":{"start":{"line":6,"column":2},"end":{"line":6,"column":null}},"4":{"start":{"line":7,"column":2},"end":{"line":7,"column":null}},"5":{"start":{"line":8,"column":2},"end":{"line":8,"column":null}},"6":{"start":{"line":9,"column":2},"end":{"line":9,"column":null}},"7":{"start":{"line":11,"column":2},"end":{"line":11,"column":null}}},"fnMap":{"0":{"name":"createGeoJSONFile","decl":{"start":{"line":1,"column":16},"end":{"line":1,"column":34}},"loc":{"start":{"line":1,"column":81},"end":{"line":12,"column":null}},"line":1}},"branchMap":{},"s":{"0":0,"1":0,"2":0,"3":0,"4":0,"5":0,"6":0,"7":0},"f":{"0":0},"b":{},"meta":{"lastBranch":0,"lastFunction":1,"lastStatement":8,"seen":{"f:1:16:1:34":0,"s:2:15:2:Infinity":0,"s:3:14:3:Infinity":1,"s:5:15:5:Infinity":2,"s:6:2:6:Infinity":3,"s:7:2:7:Infinity":4,"s:8:2:8:Infinity":5,"s:9:2:9:Infinity":6,"s:11:2:11:Infinity":7},"fnNames":{}}}
,"/home/runner/work/visual-directory/visual-directory/frontend/infrastructure/json/json.file.ts": {"path":"/home/runner/work/visual-directory/visual-directory/frontend/infrastructure/json/json.file.ts","statementMap":{"0":{"start":{"line":2,"column":15},"end":{"line":2,"column":null}},"1":{"start":{"line":3,"column":14},"end":{"line":3,"column":null}},"2":{"start":{"line":5,"column":15},"end":{"line":5,"column":null}},"3":{"start":{"line":6,"column":2},"end":{"line":6,"column":null}},"4":{"start":{"line":7,"column":2},"end":{"line":7,"column":null}},"5":{"start":{"line":8,"column":2},"end":{"line":8,"column":null}},"6":{"start":{"line":9,"column":2},"end":{"line":9,"column":null}},"7":{"start":{"line":11,"column":2},"end":{"line":11,"column":null}}},"fnMap":{"0":{"name":"createJSONFile","decl":{"start":{"line":1,"column":16},"end":{"line":1,"column":31}},"loc":{"start":{"line":1,"column":75},"end":{"line":12,"column":null}},"line":1}},"branchMap":{},"s":{"0":0,"1":0,"2":0,"3":0,"4":0,"5":0,"6":0,"7":0},"f":{"0":0},"b":{},"meta":{"lastBranch":0,"lastFunction":1,"lastStatement":8,"seen":{"f:1:16:1:31":0,"s:2:15:2:Infinity":0,"s:3:14:3:Infinity":1,"s:5:15:5:Infinity":2,"s:6:2:6:Infinity":3,"s:7:2:7:Infinity":4,"s:8:2:8:Infinity":5,"s:9:2:9:Infinity":6,"s:11:2:11:Infinity":7},"fnNames":{}}}
,"/home/runner/work/visual-directory/visual-directory/frontend/infrastructure/redux/hooks.ts": {"path":"/home/runner/work/visual-directory/visual-directory/frontend/infrastructure/redux/hooks.ts","statementMap":{"0":{"start":{"line":7,"column":27},"end":{"line":7,"column":null}},"1":{"start":{"line":8,"column":27},"end":{"line":8,"column":null}}},"fnMap":{},"branchMap":{},"s":{"0":0,"1":0},"f":{},"b":{},"meta":{"lastBranch":0,"lastFunction":0,"lastStatement":2,"seen":{"s:7:27:7:Infinity":0,"s:8:27:8:Infinity":1},"fnNames":{}}}
,"/home/runner/work/visual-directory/visual-directory/frontend/infrastructure/redux/mutation-status.ts": {"path":"/home/runner/work/visual-directory/visual-directory/frontend/infrastructure/redux/mutation-status.ts","statementMap":{},"fnMap":{},"branchMap":{},"s":{},"f":{},"b":{},"meta":{"lastBranch":0,"lastFunction":0,"lastStatement":0,"seen":{},"fnNames":{}}}
,"/home/runner/work/visual-directory/visual-directory/frontend/infrastructure/redux/request-id.ts": {"path":"/home/runner/work/visual-directory/visual-directory/frontend/infrastructure/redux/request-id.ts","statementMap":{"0":{"start":{"line":6,"column":2},"end":{"line":8,"column":null}},"1":{"start":{"line":7,"column":4},"end":{"line":7,"column":null}},"2":{"start":{"line":9,"column":2},"end":{"line":9,"column":null}}},"fnMap":{"0":{"name":"createRequestId","decl":{"start":{"line":5,"column":16},"end":{"line":5,"column":42}},"loc":{"start":{"line":5,"column":42},"end":{"line":10,"column":null}},"line":5}},"branchMap":{"0":{"loc":{"start":{"line":6,"column":2},"end":{"line":8,"column":null}},"type":"if","locations":[{"start":{"line":6,"column":2},"end":{"line":8,"column":null}},{"start":{},"end":{}}],"line":6},"1":{"loc":{"start":{"line":6,"column":6},"end":{"line":6,"column":80}},"type":"binary-expr","locations":[{"start":{"line":6,"column":6},"end":{"line":6,"column":39}},{"start":{"line":6,"column":39},"end":{"line":6,"column":80}}],"line":6}},"s":{"0":0,"1":0,"2":0},"f":{"0":0},"b":{"0":[0,0],"1":[0,0]},"meta":{"lastBranch":2,"lastFunction":1,"lastStatement":3,"seen":{"f:5:16:5:42":0,"b:6:2:8:Infinity:undefined:undefined:undefined:undefined":0,"s:6:2:8:Infinity":0,"b:6:6:6:39:6:39:6:80":1,"s:7:4:7:Infinity":1,"s:9:2:9:Infinity":2},"fnNames":{}}}
,"/home/runner/work/visual-directory/visual-directory/frontend/infrastructure/redux/sagas.ts": {"path":"/home/runner/work/visual-directory/visual-directory/frontend/infrastructure/redux/sagas.ts","statementMap":{"0":{"start":{"line":7,"column":2},"end":{"line":7,"column":null}}},"fnMap":{"0":{"name":"watchSaga","decl":{"start":{"line":6,"column":17},"end":{"line":6,"column":29}},"loc":{"start":{"line":6,"column":29},"end":{"line":8,"column":null}},"line":6}},"branchMap":{},"s":{"0":0},"f":{"0":0},"b":{},"meta":{"lastBranch":0,"lastFunction":1,"lastStatement":1,"seen":{"f:6:17:6:29":0,"s:7:2:7:Infinity":0},"fnNames":{}}}
,"/home/runner/work/visual-directory/visual-directory/frontend/infrastructure/redux/store.ts": {"path":"/home/runner/work/visual-directory/visual-directory/frontend/infrastructure/redux/store.ts","statementMap":{"0":{"start":{"line":11,"column":6},"end":{"line":11,"column":null}},"1":{"start":{"line":12,"column":6},"end":{"line":18,"column":null}},"2":{"start":{"line":21,"column":8},"end":{"line":29,"column":null}},"3":{"start":{"line":25,"column":6},"end":{"line":27,"column":null}},"4":{"start":{"line":30,"column":2},"end":{"line":30,"column":null}},"5":{"start":{"line":37,"column":24},"end":{"line":37,"column":null}},"6":{"start":{"line":38,"column":2},"end":{"line":44,"column":null}},"7":{"start":{"line":39,"column":24},"end":{"line":39,"column":null}},"8":{"start":{"line":40,"column":4},"end":{"line":43,"column":null}},"9":{"start":{"line":41,"column":6},"end":{"line":41,"column":null}},"10":{"start":{"line":42,"column":6},"end":{"line":42,"column":null}},"11":{"start":{"line":46,"column":2},"end":{"line":46,"column":null}}},"fnMap":{"0":{"name":"setupStore","decl":{"start":{"line":20,"column":16},"end":{"line":20,"column":27}},"loc":{"start":{"line":20,"column":63},"end":{"line":47,"column":null}},"line":20},"1":{"name":"(anonymous_1)","decl":{"start":{"line":24,"column":16},"end":{"line":24,"column":17}},"loc":{"start":{"line":25,"column":6},"end":{"line":27,"column":null}},"line":25},"2":{"name":"(anonymous_2)","decl":{"start":{"line":38,"column":18},"end":{"line":38,"column":24}},"loc":{"start":{"line":38,"column":24},"end":{"line":44,"column":3}},"line":38}},"branchMap":{"0":{"loc":{"start":{"line":40,"column":4},"end":{"line":43,"column":null}},"type":"if","locations":[{"start":{"line":40,"column":4},"end":{"line":43,"column":null}},{"start":{},"end":{}}],"line":40}},"s":{"0":0,"1":0,"2":0,"3":0,"4":0,"5":0,"6":0,"7":0,"8":0,"9":0,"10":0,"11":0},"f":{"0":0,"1":0,"2":0},"b":{"0":[0,0]},"meta":{"lastBranch":1,"lastFunction":3,"lastStatement":12,"seen":{"s:11:6:11:Infinity":0,"s:12:6:18:Infinity":1,"f:20:16:20:27":0,"s:21:8:29:Infinity":2,"f:24:16:24:17":1,"s:25:6:27:Infinity":3,"s:30:2:30:Infinity":4,"s:37:24:37:Infinity":5,"s:38:2:44:Infinity":6,"f:38:18:38:24":2,"s:39:24:39:Infinity":7,"b:40:4:43:Infinity:undefined:undefined:undefined:undefined":0,"s:40:4:43:Infinity":8,"s:41:6:41:Infinity":9,"s:42:6:42:Infinity":10,"s:46:2:46:Infinity":11},"fnNames":{}}}
,"/home/runner/work/visual-directory/visual-directory/frontend/infrastructure/redux/auth/auth.saga.ts": {"path":"/home/runner/work/visual-directory/visual-directory/frontend/infrastructure/redux/auth/auth.saga.ts","statementMap":{"0":{"start":{"line":30,"column":2},"end":{"line":30,"column":null}},"1":{"start":{"line":34,"column":2},"end":{"line":34,"column":null}},"2":{"start":{"line":38,"column":2},"end":{"line":38,"column":null}},"3":{"start":{"line":42,"column":2},"end":{"line":42,"column":null}},"4":{"start":{"line":50,"column":2},"end":{"line":50,"column":null}},"5":{"start":{"line":54,"column":2},"end":{"line":54,"column":null}},"6":{"start":{"line":61,"column":2},"end":{"line":61,"column":null}},"7":{"start":{"line":65,"column":8},"end":{"line":65,"column":null}},"8":{"start":{"line":66,"column":2},"end":{"line":75,"column":null}},"9":{"start":{"line":72,"column":4},"end":{"line":72,"column":null}},"10":{"start":{"line":73,"column":4},"end":{"line":73,"column":null}},"11":{"start":{"line":74,"column":4},"end":{"line":74,"column":null}},"12":{"start":{"line":76,"column":2},"end":{"line":87,"column":null}},"13":{"start":{"line":77,"column":46},"end":{"line":77,"column":null}},"14":{"start":{"line":78,"column":4},"end":{"line":78,"column":null}},"15":{"start":{"line":80,"column":20},"end":{"line":80,"column":null}},"16":{"start":{"line":81,"column":4},"end":{"line":85,"column":null}},"17":{"start":{"line":84,"column":6},"end":{"line":84,"column":null}},"18":{"start":{"line":86,"column":4},"end":{"line":86,"column":null}},"19":{"start":{"line":94,"column":2},"end":{"line":100,"column":null}},"20":{"start":{"line":95,"column":58},"end":{"line":95,"column":null}},"21":{"start":{"line":96,"column":4},"end":{"line":96,"column":null}},"22":{"start":{"line":97,"column":4},"end":{"line":97,"column":null}},"23":{"start":{"line":99,"column":4},"end":{"line":99,"column":null}},"24":{"start":{"line":104,"column":2},"end":{"line":104,"column":null}},"25":{"start":{"line":108,"column":2},"end":{"line":122,"column":null}},"26":{"start":{"line":109,"column":61},"end":{"line":112,"column":null}},"27":{"start":{"line":113,"column":4},"end":{"line":119,"column":null}},"28":{"start":{"line":116,"column":6},"end":{"line":116,"column":null}},"29":{"start":{"line":118,"column":6},"end":{"line":118,"column":null}},"30":{"start":{"line":121,"column":4},"end":{"line":121,"column":null}},"31":{"start":{"line":126,"column":47},"end":{"line":126,"column":null}},"32":{"start":{"line":127,"column":2},"end":{"line":132,"column":null}},"33":{"start":{"line":128,"column":4},"end":{"line":128,"column":null}},"34":{"start":{"line":129,"column":4},"end":{"line":129,"column":null}},"35":{"start":{"line":131,"column":4},"end":{"line":131,"column":null}},"36":{"start":{"line":136,"column":2},"end":{"line":141,"column":null}},"37":{"start":{"line":137,"column":50},"end":{"line":137,"column":null}},"38":{"start":{"line":138,"column":4},"end":{"line":138,"column":null}},"39":{"start":{"line":140,"column":4},"end":{"line":140,"column":null}},"40":{"start":{"line":145,"column":51},"end":{"line":145,"column":null}},"41":{"start":{"line":146,"column":2},"end":{"line":151,"column":null}},"42":{"start":{"line":147,"column":46},"end":{"line":147,"column":null}},"43":{"start":{"line":148,"column":4},"end":{"line":148,"column":null}},"44":{"start":{"line":150,"column":4},"end":{"line":150,"column":null}},"45":{"start":{"line":159,"column":2},"end":{"line":159,"column":null}},"46":{"start":{"line":163,"column":2},"end":{"line":172,"column":null}}},"fnMap":{"0":{"name":"errorMessage","decl":{"start":{"line":29,"column":9},"end":{"line":29,"column":22}},"loc":{"start":{"line":29,"column":64},"end":{"line":31,"column":null}},"line":29},"1":{"name":"fetchAccountApi","decl":{"start":{"line":33,"column":9},"end":{"line":33,"column":58}},"loc":{"start":{"line":33,"column":58},"end":{"line":35,"column":null}},"line":33},"2":{"name":"requestMagicLinkApi","decl":{"start":{"line":37,"column":9},"end":{"line":37,"column":29}},"loc":{"start":{"line":37,"column":93},"end":{"line":39,"column":null}},"line":37},"3":{"name":"verifyMagicLinkApi","decl":{"start":{"line":41,"column":9},"end":{"line":41,"column":28}},"loc":{"start":{"line":41,"column":89},"end":{"line":43,"column":null}},"line":41},"4":{"name":"inviteAccountApi","decl":{"start":{"line":45,"column":9},"end":{"line":45,"column":26}},"loc":{"start":{"line":49,"column":34},"end":{"line":51,"column":null}},"line":49},"5":{"name":"fetchAccountsApi","decl":{"start":{"line":53,"column":9},"end":{"line":53,"column":62}},"loc":{"start":{"line":53,"column":62},"end":{"line":55,"column":null}},"line":53},"6":{"name":"updateAccountApi","decl":{"start":{"line":57,"column":9},"end":{"line":57,"column":null}},"loc":{"start":{"line":60,"column":33},"end":{"line":62,"column":null}},"line":60},"7":{"name":"restoreSessionSaga","decl":{"start":{"line":64,"column":10},"end":{"line":64,"column":31}},"loc":{"start":{"line":64,"column":31},"end":{"line":88,"column":null}},"line":64},"8":{"name":"performVerify","decl":{"start":{"line":93,"column":10},"end":{"line":93,"column":24}},"loc":{"start":{"line":93,"column":39},"end":{"line":101,"column":null}},"line":93},"9":{"name":"verifyMagicLinkSaga","decl":{"start":{"line":103,"column":10},"end":{"line":103,"column":30}},"loc":{"start":{"line":103,"column":83},"end":{"line":105,"column":null}},"line":103},"10":{"name":"requestMagicLinkSaga","decl":{"start":{"line":107,"column":10},"end":{"line":107,"column":31}},"loc":{"start":{"line":107,"column":85},"end":{"line":123,"column":null}},"line":107},"11":{"name":"inviteAccountSaga","decl":{"start":{"line":125,"column":10},"end":{"line":125,"column":28}},"loc":{"start":{"line":125,"column":79},"end":{"line":133,"column":null}},"line":125},"12":{"name":"fetchAccountsSaga","decl":{"start":{"line":135,"column":10},"end":{"line":135,"column":30}},"loc":{"start":{"line":135,"column":30},"end":{"line":142,"column":null}},"line":135},"13":{"name":"updateAccountSaga","decl":{"start":{"line":144,"column":10},"end":{"line":144,"column":28}},"loc":{"start":{"line":144,"column":79},"end":{"line":152,"column":null}},"line":144},"14":{"name":"logoutSaga","decl":{"start":{"line":158,"column":10},"end":{"line":158,"column":23}},"loc":{"start":{"line":158,"column":23},"end":{"line":160,"column":null}},"line":158},"15":{"name":"authSaga","decl":{"start":{"line":162,"column":17},"end":{"line":162,"column":28}},"loc":{"start":{"line":162,"column":28},"end":{"line":173,"column":null}},"line":162}},"branchMap":{"0":{"loc":{"start":{"line":30,"column":9},"end":{"line":30,"column":null}},"type":"cond-expr","locations":[{"start":{"line":30,"column":34},"end":{"line":30,"column":50}},{"start":{"line":30,"column":50},"end":{"line":30,"column":null}}],"line":30},"1":{"loc":{"start":{"line":66,"column":2},"end":{"line":75,"column":null}},"type":"if","locations":[{"start":{"line":66,"column":2},"end":{"line":75,"column":null}},{"start":{},"end":{}}],"line":66},"2":{"loc":{"start":{"line":81,"column":4},"end":{"line":85,"column":null}},"type":"if","locations":[{"start":{"line":81,"column":4},"end":{"line":85,"column":null}},{"start":{},"end":{}}],"line":81},"3":{"loc":{"start":{"line":113,"column":4},"end":{"line":119,"column":null}},"type":"if","locations":[{"start":{"line":113,"column":4},"end":{"line":119,"column":null}},{"start":{"line":117,"column":11},"end":{"line":119,"column":null}}],"line":113}},"s":{"0":0,"1":0,"2":0,"3":0,"4":0,"5":0,"6":0,"7":0,"8":0,"9":0,"10":0,"11":0,"12":0,"13":0,"14":0,"15":0,"16":0,"17":0,"18":0,"19":0,"20":0,"21":0,"22":0,"23":0,"24":0,"25":0,"26":0,"27":0,"28":0,"29":0,"30":0,"31":0,"32":0,"33":0,"34":0,"35":0,"36":0,"37":0,"38":0,"39":0,"40":0,"41":0,"42":0,"43":0,"44":0,"45":0,"46":0},"f":{"0":0,"1":0,"2":0,"3":0,"4":0,"5":0,"6":0,"7":0,"8":0,"9":0,"10":0,"11":0,"12":0,"13":0,"14":0,"15":0},"b":{"0":[0,0],"1":[0,0],"2":[0,0],"3":[0,0]},"meta":{"lastBranch":4,"lastFunction":16,"lastStatement":47,"seen":{"f:29:9:29:22":0,"s:30:2:30:Infinity":0,"b:30:34:30:50:30:50:30:Infinity":0,"f:33:9:33:58":1,"s:34:2:34:Infinity":1,"f:37:9:37:29":2,"s:38:2:38:Infinity":2,"f:41:9:41:28":3,"s:42:2:42:Infinity":3,"f:45:9:45:26":4,"s:50:2:50:Infinity":4,"f:53:9:53:62":5,"s:54:2:54:Infinity":5,"f:57:9:57:Infinity":6,"s:61:2:61:Infinity":6,"f:64:10:64:31":7,"s:65:8:65:Infinity":7,"b:66:2:75:Infinity:undefined:undefined:undefined:undefined":1,"s:66:2:75:Infinity":8,"s:72:4:72:Infinity":9,"s:73:4:73:Infinity":10,"s:74:4:74:Infinity":11,"s:76:2:87:Infinity":12,"s:77:46:77:Infinity":13,"s:78:4:78:Infinity":14,"s:80:20:80:Infinity":15,"b:81:4:85:Infinity:undefined:undefined:undefined:undefined":2,"s:81:4:85:Infinity":16,"s:84:6:84:Infinity":17,"s:86:4:86:Infinity":18,"f:93:10:93:24":8,"s:94:2:100:Infinity":19,"s:95:58:95:Infinity":20,"s:96:4:96:Infinity":21,"s:97:4:97:Infinity":22,"s:99:4:99:Infinity":23,"f:103:10:103:30":9,"s:104:2:104:Infinity":24,"f:107:10:107:31":10,"s:108:2:122:Infinity":25,"s:109:61:112:Infinity":26,"b:113:4:119:Infinity:117:11:119:Infinity":3,"s:113:4:119:Infinity":27,"s:116:6:116:Infinity":28,"s:118:6:118:Infinity":29,"s:121:4:121:Infinity":30,"f:125:10:125:28":11,"s:126:47:126:Infinity":31,"s:127:2:132:Infinity":32,"s:128:4:128:Infinity":33,"s:129:4:129:Infinity":34,"s:131:4:131:Infinity":35,"f:135:10:135:30":12,"s:136:2:141:Infinity":36,"s:137:50:137:Infinity":37,"s:138:4:138:Infinity":38,"s:140:4:140:Infinity":39,"f:144:10:144:28":13,"s:145:51:145:Infinity":40,"s:146:2:151:Infinity":41,"s:147:46:147:Infinity":42,"s:148:4:148:Infinity":43,"s:150:4:150:Infinity":44,"f:158:10:158:23":14,"s:159:2:159:Infinity":45,"f:162:17:162:28":15,"s:163:2:172:Infinity":46},"fnNames":{}}}
,"/home/runner/work/visual-directory/visual-directory/frontend/infrastructure/redux/auth/auth.selectors.ts": {"path":"/home/runner/work/visual-directory/visual-directory/frontend/infrastructure/redux/auth/auth.selectors.ts","statementMap":{"0":{"start":{"line":5,"column":2},"end":{"line":5,"column":null}},"1":{"start":{"line":9,"column":2},"end":{"line":9,"column":null}},"2":{"start":{"line":13,"column":2},"end":{"line":13,"column":null}},"3":{"start":{"line":17,"column":2},"end":{"line":17,"column":null}},"4":{"start":{"line":21,"column":2},"end":{"line":21,"column":null}},"5":{"start":{"line":25,"column":2},"end":{"line":25,"column":null}},"6":{"start":{"line":29,"column":2},"end":{"line":29,"column":null}},"7":{"start":{"line":33,"column":2},"end":{"line":33,"column":null}},"8":{"start":{"line":37,"column":2},"end":{"line":37,"column":null}},"9":{"start":{"line":41,"column":2},"end":{"line":41,"column":null}},"10":{"start":{"line":45,"column":2},"end":{"line":45,"column":null}},"11":{"start":{"line":49,"column":2},"end":{"line":49,"column":null}},"12":{"start":{"line":53,"column":2},"end":{"line":53,"column":null}},"13":{"start":{"line":57,"column":2},"end":{"line":57,"column":null}},"14":{"start":{"line":61,"column":2},"end":{"line":61,"column":null}},"15":{"start":{"line":65,"column":2},"end":{"line":65,"column":null}}},"fnMap":{"0":{"name":"getAuthStatus","decl":{"start":{"line":4,"column":16},"end":{"line":4,"column":30}},"loc":{"start":{"line":4,"column":48},"end":{"line":6,"column":null}},"line":4},"1":{"name":"getAuthError","decl":{"start":{"line":8,"column":16},"end":{"line":8,"column":29}},"loc":{"start":{"line":8,"column":62},"end":{"line":10,"column":null}},"line":8},"2":{"name":"getAccount","decl":{"start":{"line":12,"column":16},"end":{"line":12,"column":27}},"loc":{"start":{"line":12,"column":61},"end":{"line":14,"column":null}},"line":12},"3":{"name":"getRole","decl":{"start":{"line":16,"column":16},"end":{"line":16,"column":24}},"loc":{"start":{"line":16,"column":55},"end":{"line":18,"column":null}},"line":16},"4":{"name":"isLeader","decl":{"start":{"line":20,"column":16},"end":{"line":20,"column":25}},"loc":{"start":{"line":20,"column":52},"end":{"line":22,"column":null}},"line":20},"5":{"name":"getMemberId","decl":{"start":{"line":24,"column":16},"end":{"line":24,"column":28}},"loc":{"start":{"line":24,"column":61},"end":{"line":26,"column":null}},"line":24},"6":{"name":"getMagicLinkStatus","decl":{"start":{"line":28,"column":16},"end":{"line":28,"column":35}},"loc":{"start":{"line":28,"column":53},"end":{"line":30,"column":null}},"line":28},"7":{"name":"getMagicLinkError","decl":{"start":{"line":32,"column":16},"end":{"line":32,"column":34}},"loc":{"start":{"line":32,"column":67},"end":{"line":34,"column":null}},"line":32},"8":{"name":"getInviteStatus","decl":{"start":{"line":36,"column":16},"end":{"line":36,"column":32}},"loc":{"start":{"line":36,"column":50},"end":{"line":38,"column":null}},"line":36},"9":{"name":"getInviteRequestId","decl":{"start":{"line":40,"column":16},"end":{"line":40,"column":35}},"loc":{"start":{"line":40,"column":68},"end":{"line":42,"column":null}},"line":40},"10":{"name":"getInviteError","decl":{"start":{"line":44,"column":16},"end":{"line":44,"column":31}},"loc":{"start":{"line":44,"column":64},"end":{"line":46,"column":null}},"line":44},"11":{"name":"getAccounts","decl":{"start":{"line":48,"column":16},"end":{"line":48,"column":28}},"loc":{"start":{"line":48,"column":57},"end":{"line":50,"column":null}},"line":48},"12":{"name":"getAccountsStatus","decl":{"start":{"line":52,"column":16},"end":{"line":52,"column":34}},"loc":{"start":{"line":52,"column":52},"end":{"line":54,"column":null}},"line":52},"13":{"name":"getUpdateAccountStatus","decl":{"start":{"line":56,"column":16},"end":{"line":56,"column":39}},"loc":{"start":{"line":56,"column":57},"end":{"line":58,"column":null}},"line":56},"14":{"name":"getUpdateAccountRequestId","decl":{"start":{"line":60,"column":16},"end":{"line":60,"column":42}},"loc":{"start":{"line":60,"column":75},"end":{"line":62,"column":null}},"line":60},"15":{"name":"getUpdateAccountError","decl":{"start":{"line":64,"column":16},"end":{"line":64,"column":38}},"loc":{"start":{"line":64,"column":71},"end":{"line":66,"column":null}},"line":64}},"branchMap":{"0":{"loc":{"start":{"line":17,"column":9},"end":{"line":17,"column":null}},"type":"binary-expr","locations":[{"start":{"line":17,"column":9},"end":{"line":17,"column":37}},{"start":{"line":17,"column":37},"end":{"line":17,"column":null}}],"line":17},"1":{"loc":{"start":{"line":25,"column":9},"end":{"line":25,"column":null}},"type":"binary-expr","locations":[{"start":{"line":2
[...]
,"/home/runner/work/visual-directory/visual-directory/frontend/ports/hooks/use-geo-location.ts": {"path":"/home/runner/work/visual-directory/visual-directory/frontend/ports/hooks/use-geo-location.ts","statementMap":{"0":{"start":{"line":11,"column":30},"end":{"line":11,"column":null}},"1":{"start":{"line":12,"column":24},"end":{"line":12,"column":null}},"2":{"start":{"line":13,"column":28},"end":{"line":13,"column":null}},"3":{"start":{"line":15,"column":2},"end":{"line":41,"column":null}},"4":{"start":{"line":16,"column":4},"end":{"line":16,"column":null}},"5":{"start":{"line":16,"column":18},"end":{"line":16,"column":null}},"6":{"start":{"line":18,"column":4},"end":{"line":22,"column":null}},"7":{"start":{"line":19,"column":6},"end":{"line":19,"column":null}},"8":{"start":{"line":20,"column":6},"end":{"line":20,"column":null}},"9":{"start":{"line":21,"column":6},"end":{"line":21,"column":null}},"10":{"start":{"line":24,"column":4},"end":{"line":24,"column":null}},"11":{"start":{"line":25,"column":4},"end":{"line":25,"column":null}},"12":{"start":{"line":27,"column":27},"end":{"line":31,"column":null}},"13":{"start":{"line":28,"column":38},"end":{"line":28,"column":null}},"14":{"start":{"line":29,"column":6},"end":{"line":29,"column":null}},"15":{"start":{"line":30,"column":6},"end":{"line":30,"column":null}},"16":{"start":{"line":33,"column":25},"end":{"line":36,"column":null}},"17":{"start":{"line":34,"column":6},"end":{"line":34,"column":null}},"18":{"start":{"line":35,"column":6},"end":{"line":35,"column":null}},"19":{"start":{"line":38,"column":4},"end":{"line":40,"column":null}},"20":{"start":{"line":43,"column":2},"end":{"line":43,"column":null}}},"fnMap":{"0":{"name":"useGeoLocation","decl":{"start":{"line":10,"column":24},"end":{"line":10,"column":39}},"loc":{"start":{"line":10,"column":79},"end":{"line":44,"column":null}},"line":10},"1":{"name":"(anonymous_1)","decl":{"start":{"line":15,"column":12},"end":{"line":15,"column":18}},"loc":{"start":{"line":15,"column":18},"end":{"line":41,"column":5}},"line":15},"2":{"name":"(anonymous_2)","decl":{"start":{"line":27,"column":27},"end":{"line":27,"column":28}},"loc":{"start":{"line":27,"column":62},"end":{"line":31,"column":null}},"line":27},"3":{"name":"(anonymous_3)","decl":{"start":{"line":33,"column":25},"end":{"line":33,"column":26}},"loc":{"start":{"line":33,"column":60},"end":{"line":36,"column":null}},"line":33}},"branchMap":{"0":{"loc":{"start":{"line":16,"column":4},"end":{"line":16,"column":null}},"type":"if","locations":[{"start":{"line":16,"column":4},"end":{"line":16,"column":null}},{"start":{},"end":{}}],"line":16},"1":{"loc":{"start":{"line":18,"column":4},"end":{"line":22,"column":null}},"type":"if","locations":[{"start":{"line":18,"column":4},"end":{"line":22,"column":null}},{"start":{},"end":{}}],"line":18}},"s":{"0":0,"1":0,"2":0,"3":0,"4":0,"5":0,"6":0,"7":0,"8":0,"9":0,"10":0,"11":0,"12":0,"13":0,"14":0,"15":0,"16":0,"17":0,"18":0,"19":0,"20":0},"f":{"0":0,"1":0,"2":0,"3":0},"b":{"0":[0,0],"1":[0,0]},"meta":{"lastBranch":2,"lastFunction":4,"lastStatement":21,"seen":{"f:10:24:10:39":0,"s:11:30:11:Infinity":0,"s:12:24:12:Infinity":1,"s:13:28:13:Infinity":2,"s:15:2:41:Infinity":3,"f:15:12:15:18":1,"b:16:4:16:Infinity:undefined:undefined:undefined:undefined":0,"s:16:4:16:Infinity":4,"s:16:18:16:Infinity":5,"b:18:4:22:Infinity:undefined:undefined:undefined:undefined":1,"s:18:4:22:Infinity":6,"s:19:6:19:Infinity":7,"s:20:6:20:Infinity":8,"s:21:6:21:Infinity":9,"s:24:4:24:Infinity":10,"s:25:4:25:Infinity":11,"s:27:27:31:Infinity":12,"f:27:27:27:28":2,"s:28:38:28:Infinity":13,"s:29:6:29:Infinity":14,"s:30:6:30:Infinity":15,"s:33:25:36:Infinity":16,"f:33:25:33:26":3,"s:34:6:34:Infinity":17,"s:35:6:35:Infinity":18,"s:38:4:40:Infinity":19,"s:43:2:43:Infinity":20},"fnNames":{}}}
,"/home/runner/work/visual-directory/visual-directory/frontend/ports/hooks/use-local-storage.ts": {"path":"/home/runner/work/visual-directory/visual-directory/frontend/ports/hooks/use-local-storage.ts","statementMap":{"0":{"start":{"line":8,"column":31},"end":{"line":17,"column":null}},"1":{"start":{"line":9,"column":24},"end":{"line":12,"column":null}},"2":{"start":{"line":10,"column":24},"end":{"line":10,"column":null}},"3":{"start":{"line":11,"column":4},"end":{"line":11,"column":null}},"4":{"start":{"line":14,"column":2},"end":{"line":14,"column":null}},"5":{"start":{"line":16,"column":2},"end":{"line":16,"column":null}}},"fnMap":{"0":{"name":"(anonymous_0)","decl":{"start":{"line":8,"column":31},"end":{"line":8,"column":35}},"loc":{"start":{"line":8,"column":87},"end":{"line":17,"column":null}},"line":8},"1":{"name":"(anonymous_1)","decl":{"start":{"line":9,"column":37},"end":{"line":9,"column":43}},"loc":{"start":{"line":9,"column":43},"end":{"line":12,"column":3}},"line":9}},"branchMap":{"0":{"loc":{"start":{"line":11,"column":11},"end":{"line":11,"column":null}},"type":"cond-expr","locations":[{"start":{"line":11,"column":34},"end":{"line":11,"column":60}},{"start":{"line":11,"column":60},"end":{"line":11,"column":null}}],"line":11}},"s":{"0":0,"1":0,"2":0,"3":0,"4":0,"5":0},"f":{"0":0,"1":0},"b":{"0":[0,0]},"meta":{"lastBranch":1,"lastFunction":2,"lastStatement":6,"seen":{"s:8:31:17:Infinity":0,"f:8:31:8:35":0,"s:9:24:12:Infinity":1,"f:9:37:9:43":1,"s:10:24:10:Infinity":2,"s:11:4:11:Infinity":3,"b:11:34:11:60:11:60:11:Infinity":0,"s:14:2:14:Infinity":4,"s:16:2:16:Infinity":5},"fnNames":{}}}
,"/home/runner/work/visual-directory/visual-directory/frontend/ports/i18n/detect-language.ts": {"path":"/home/runner/work/visual-directory/visual-directory/frontend/ports/i18n/detect-language.ts","statementMap":{"0":{"start":{"line":10,"column":2},"end":{"line":15,"column":null}},"1":{"start":{"line":11,"column":17},"end":{"line":11,"column":null}},"2":{"start":{"line":12,"column":4},"end":{"line":14,"column":null}},"3":{"start":{"line":13,"column":6},"end":{"line":13,"column":null}},"4":{"start":{"line":16,"column":2},"end":{"line":16,"column":null}},"5":{"start":{"line":20,"column":21},"end":{"line":20,"column":null}},"6":{"start":{"line":21,"column":2},"end":{"line":21,"column":null}}},"fnMap":{"0":{"name":"detectDefaultLanguage","decl":{"start":{"line":9,"column":16},"end":{"line":9,"column":38}},"loc":{"start":{"line":9,"column":79},"end":{"line":17,"column":null}},"line":9},"1":{"name":"detectBrowserLanguage","decl":{"start":{"line":19,"column":16},"end":{"line":19,"column":50}},"loc":{"start":{"line":19,"column":50},"end":{"line":22,"column":null}},"line":19}},"branchMap":{"0":{"loc":{"start":{"line":12,"column":4},"end":{"line":14,"column":null}},"type":"if","locations":[{"start":{"line":12,"column":4},"end":{"line":14,"column":null}},{"start":{},"end":{}}],"line":12},"1":{"loc":{"start":{"line":20,"column":21},"end":{"line":20,"column":null}},"type":"cond-expr","locations":[{"start":{"line":20,"column":51},"end":{"line":20,"column":73}},{"start":{"line":20,"column":73},"end":{"line":20,"column":null}}],"line":20}},"s":{"0":6,"1":7,"2":7,"3":4,"4":2,"5":0,"6":0},"f":{"0":6,"1":0},"b":{"0":[4,3],"1":[0,0]},"meta":{"lastBranch":2,"lastFunction":2,"lastStatement":7,"seen":{"f:9:16:9:38":0,"s:10:2:15:Infinity":0,"s:11:17:11:Infinity":1,"b:12:4:14:Infinity:undefined:undefined:undefined:undefined":0,"s:12:4:14:Infinity":2,"s:13:6:13:Infinity":3,"s:16:2:16:Infinity":4,"f:19:16:19:50":1,"s:20:21:20:Infinity":5,"b:20:51:20:73:20:73:20:Infinity":1,"s:21:2:21:Infinity":6},"fnNames":{}}}
,"/home/runner/work/visual-directory/visual-directory/frontend/ports/i18n/language.ts": {"path":"/home/runner/work/visual-directory/visual-directory/frontend/ports/i18n/language.ts","statementMap":{"0":{"start":{"line":3,"column":37},"end":{"line":3,"column":null}},"1":{"start":{"line":5,"column":56},"end":{"line":9,"column":null}}},"fnMap":{},"branchMap":{},"s":{"0":1,"1":1},"f":{},"b":{},"meta":{"lastBranch":0,"lastFunction":0,"lastStatement":2,"seen":{"s:3:37:3:Infinity":0,"s:5:56:9:Infinity":1},"fnNames":{}}}
,"/home/runner/work/visual-directory/visual-directory/frontend/ports/i18n/translations/de.ts": {"path":"/home/runner/work/visual-directory/visual-directory/frontend/ports/i18n/translations/de.ts","statementMap":{"0":{"start":{"line":3,"column":25},"end":{"line":177,"column":null}},"1":{"start":{"line":82,"column":4},"end":{"line":82,"column":null}},"2":{"start":{"line":109,"column":6},"end":{"line":109,"column":null}},"3":{"start":{"line":123,"column":6},"end":{"line":123,"column":null}},"4":{"start":{"line":137,"column":6},"end":{"line":137,"column":null}},"5":{"start":{"line":157,"column":38},"end":{"line":157,"column":null}},"6":{"start":{"line":158,"column":36},"end":{"line":158,"column":null}},"7":{"start":{"line":170,"column":40},"end":{"line":170,"column":null}},"8":{"start":{"line":175,"column":6},"end":{"line":175,"column":null}}},"fnMap":{"0":{"name":"(anonymous_0)","decl":{"start":{"line":81,"column":19},"end":{"line":81,"column":20}},"loc":{"start":{"line":82,"column":4},"end":{"line":82,"column":null}},"line":82},"1":{"name":"(anonymous_1)","decl":{"start":{"line":108,"column":26},"end":{"line":108,"column":27}},"loc":{"start":{"line":109,"column":6},"end":{"line":109,"column":null}},"line":109},"2":{"name":"(anonymous_2)","decl":{"start":{"line":122,"column":26},"end":{"line":122,"column":27}},"loc":{"start":{"line":123,"column":6},"end":{"line":123,"column":null}},"line":123},"3":{"name":"(anonymous_3)","decl":{"start":{"line":136,"column":13},"end":{"line":136,"column":14}},"loc":{"start":{"line":137,"column":6},"end":{"line":137,"column":null}},"line":137},"4":{"name":"(anonymous_4)","decl":{"start":{"line":157,"column":19},"end":{"line":157,"column":20}},"loc":{"start":{"line":157,"column":38},"end":{"line":157,"column":null}},"line":157},"5":{"name":"(anonymous_5)","decl":{"start":{"line":158,"column":17},"end":{"line":158,"column":18}},"loc":{"start":{"line":158,"column":36},"end":{"line":158,"column":null}},"line":158},"6":{"name":"(anonymous_6)","decl":{"start":{"line":170,"column":22},"end":{"line":170,"column":23}},"loc":{"start":{"line":170,"column":40},"end":{"line":170,"column":null}},"line":170},"7":{"name":"(anonymous_7)","decl":{"start":{"line":174,"column":18},"end":{"line":174,"column":19}},"loc":{"start":{"line":175,"column":6},"end":{"line":175,"column":null}},"line":175}},"branchMap":{"0":{"loc":{"start":{"line":158,"column":48},"end":{"line":158,"column":87}},"type":"cond-expr","locations":[{"start":{"line":158,"column":62},"end":{"line":158,"column":75}},{"start":{"line":158,"column":75},"end":{"line":158,"column":87}}],"line":158}},"s":{"0":0,"1":0,"2":0,"3":0,"4":0,"5":0,"6":0,"7":0,"8":0},"f":{"0":0,"1":0,"2":0,"3":0,"4":0,"5":0,"6":0,"7":0},"b":{"0":[0,0]},"meta":{"lastBranch":1,"lastFunction":8,"lastStatement":9,"seen":{"s:3:25:177:Infinity":0,"f:81:19:81:20":0,"s:82:4:82:Infinity":1,"f:108:26:108:27":1,"s:109:6:109:Infinity":2,"f:122:26:122:27":2,"s:123:6:123:Infinity":3,"f:136:13:136:14":3,"s:137:6:137:Infinity":4,"f:157:19:157:20":4,"s:157:38:157:Infinity":5,"f:158:17:158:18":5,"s:158:36:158:Infinity":6,"b:158:62:158:75:158:75:158:87":0,"f:170:22:170:23":6,"s:170:40:170:Infinity":7,"f:174:18:174:19":7,"s:175:6:175:Infinity":8},"fnNames":{}}}
,"/home/runner/work/visual-directory/visual-directory/frontend/ports/i18n/translations/en.ts": {"path":"/home/runner/work/visual-directory/visual-directory/frontend/ports/i18n/translations/en.ts","statementMap":{"0":{"start":{"line":1,"column":11},"end":{"line":174,"column":null}},"1":{"start":{"line":79,"column":40},"end":{"line":79,"column":null}},"2":{"start":{"line":106,"column":6},"end":{"line":106,"column":null}},"3":{"start":{"line":120,"column":6},"end":{"line":120,"column":null}},"4":{"start":{"line":134,"column":6},"end":{"line":134,"column":null}},"5":{"start":{"line":154,"column":38},"end":{"line":154,"column":null}},"6":{"start":{"line":155,"column":36},"end":{"line":155,"column":null}},"7":{"start":{"line":167,"column":40},"end":{"line":167,"column":null}},"8":{"start":{"line":172,"column":6},"end":{"line":172,"column":null}}},"fnMap":{"0":{"name":"(anonymous_0)","decl":{"start":{"line":79,"column":19},"end":{"line":79,"column":20}},"loc":{"start":{"line":79,"column":40},"end":{"line":79,"column":null}},"line":79},"1":{"name":"(anonymous_1)","decl":{"start":{"line":105,"column":26},"end":{"line":105,"column":27}},"loc":{"start":{"line":106,"column":6},"end":{"line":106,"column":null}},"line":106},"2":{"name":"(anonymous_2)","decl":{"start":{"line":119,"column":26},"end":{"line":119,"column":27}},"loc":{"start":{"line":120,"column":6},"end":{"line":120,"column":null}},"line":120},"3":{"name":"(anonymous_3)","decl":{"start":{"line":133,"column":13},"end":{"line":133,"column":14}},"loc":{"start":{"line":134,"column":6},"end":{"line":134,"column":null}},"line":134},"4":{"name":"(anonymous_4)","decl":{"start":{"line":154,"column":19},"end":{"line":154,"column":20}},"loc":{"start":{"line":154,"column":38},"end":{"line":154,"column":null}},"line":154},"5":{"name":"(anonymous_5)","decl":{"start":{"line":155,"column":17},"end":{"line":155,"column":18}},"loc":{"start":{"line":155,"column":36},"end":{"line":155,"column":null}},"line":155},"6":{"name":"(anonymous_6)","decl":{"start":{"line":167,"column":22},"end":{"line":167,"column":23}},"loc":{"start":{"line":167,"column":40},"end":{"line":167,"column":null}},"line":167},"7":{"name":"(anonymous_7)","decl":{"start":{"line":171,"column":18},"end":{"line":171,"column":19}},"loc":{"start":{"line":172,"column":6},"end":{"line":172,"column":null}},"line":172}},"branchMap":{"0":{"loc":{"start":{"line":155,"column":48},"end":{"line":155,"column":82}},"type":"cond-expr","locations":[{"start":{"line":155,"column":62},"end":{"line":155,"column":73}},{"start":{"line":155,"column":73},"end":{"line":155,"column":82}}],"line":155}},"s":{"0":0,"1":0,"2":0,"3":0,"4":0,"5":0,"6":0,"7":0,"8":0},"f":{"0":0,"1":0,"2":0,"3":0,"4":0,"5":0,"6":0,"7":0},"b":{"0":[0,0]},"meta":{"lastBranch":1,"lastFunction":8,"lastStatement":9,"seen":{"s:1:11:174:Infinity":0,"f:79:19:79:20":0,"s:79:40:79:Infinity":1,"f:105:26:105:27":1,"s:106:6:106:Infinity":2,"f:119:26:119:27":2,"s:120:6:120:Infinity":3,"f:133:13:133:14":3,"s:134:6:134:Infinity":4,"f:154:19:154:20":4,"s:154:38:154:Infinity":5,"f:155:17:155:18":5,"s:155:36:155:Infinity":6,"b:155:62:155:73:155:73:155:82":0,"f:167:22:167:23":6,"s:167:40:167:Infinity":7,"f:171:18:171:19":7,"s:172:6:172:Infinity":8},"fnNames":{}}}
,"/home/runner/work/visual-directory/visual-directory/frontend/ports/i18n/translations/es.ts": {"path":"/home/runner/work/visual-directory/visual-directory/frontend/ports/i18n/translations/es.ts","statementMap":{"0":{"start":{"line":3,"column":25},"end":{"line":176,"column":null}},"1":{"start":{"line":81,"column":40},"end":{"line":81,"column":null}},"2":{"start":{"line":108,"column":6},"end":{"line":108,"column":null}},"3":{"start":{"line":122,"column":6},"end":{"line":122,"column":null}},"4":{"start":{"line":136,"column":6},"end":{"line":136,"column":null}},"5":{"start":{"line":156,"column":38},"end":{"line":156,"column":null}},"6":{"start":{"line":157,"column":36},"end":{"line":157,"column":null}},"7":{"start":{"line":169,"column":40},"end":{"line":169,"column":null}},"8":{"start":{"line":174,"column":6},"end":{"line":174,"column":null}}},"fnMap":{"0":{"name":"(anonymous_0)","decl":{"start":{"line":81,"column":19},"end":{"line":81,"column":20}},"loc":{"start":{"line":81,"column":40},"end":{"line":81,"column":null}},"line":81},"1":{"name":"(anonymous_1)","decl":{"start":{"line":107,"column":26},"end":{"line":107,"column":27}},"loc":{"start":{"line":108,"column":6},"end":{"line":108,"column":null}},"line":108},"2":{"name":"(anonymous_2)","decl":{"start":{"line":121,"column":26},"end":{"line":121,"column":27}},"loc":{"start":{"line":122,"column":6},"end":{"line":122,"column":null}},"line":122},"3":{"name":"(anonymous_3)","decl":{"start":{"line":135,"column":13},"end":{"line":135,"column":14}},"loc":{"start":{"line":136,"column":6},"end":{"line":136,"column":null}},"line":136},"4":{"name":"(anonymous_4)","decl":{"start":{"line":156,"column":19},"end":{"line":156,"column":20}},"loc":{"start":{"line":156,"column":38},"end":{"line":156,"column":null}},"line":156},"5":{"name":"(anonymous_5)","decl":{"start":{"line":157,"column":17},"end":{"line":157,"column":18}},"loc":{"start":{"line":157,"column":36},"end":{"line":157,"column":null}},"line":157},"6":{"name":"(anonymous_6)","decl":{"start":{"line":169,"column":22},"end":{"line":169,"column":23}},"loc":{"start":{"line":169,"column":40},"end":{"line":169,"column":null}},"line":169},"7":{"name":"(anonymous_7)","decl":{"start":{"line":173,"column":18},"end":{"line":173,"column":19}},"loc":{"start":{"line":174,"column":6},"end":{"line":174,"column":null}},"line":174}},"branchMap":{"0":{"loc":{"start":{"line":157,"column":48},"end":{"line":157,"column":84}},"type":"cond-expr","locations":[{"start":{"line":157,"column":62},"end":{"line":157,"column":74}},{"start":{"line":157,"column":74},"end":{"line":157,"column":84}}],"line":157}},"s":{"0":0,"1":0,"2":0,"3":0,"4":0,"5":0,"6":0,"7":0,"8":0},"f":{"0":0,"1":0,"2":0,"3":0,"4":0,"5":0,"6":0,"7":0},"b":{"0":[0,0]},"meta":{"lastBranch":1,"lastFunction":8,"lastStatement":9,"seen":{"s:3:25:176:Infinity":0,"f:81:19:81:20":0,"s:81:40:81:Infinity":1,"f:107:26:107:27":1,"s:108:6:108:Infinity":2,"f:121:26:121:27":2,"s:122:6:122:Infinity":3,"f:135:13:135:14":3,"s:136:6:136:Infinity":4,"f:156:19:156:20":4,"s:156:38:156:Infinity":5,"f:157:17:157:18":5,"s:157:36:157:Infinity":6,"b:157:62:157:74:157:74:157:84":0,"f:169:22:169:23":6,"s:169:40:169:Infinity":7,"f:173:18:173:19":7,"s:174:6:174:Infinity":8},"fnNames":{}}}
,"/home/runner/work/visual-directory/visual-directory/frontend/ports/i18n/translations/index.ts": {"path":"/home/runner/work/visual-directory/visual-directory/frontend/ports/i18n/translations/index.ts","statementMap":{"0":{"start":{"line":8,"column":57},"end":{"line":8,"column":null}}},"fnMap":{},"branchMap":{},"s":{"0":0},"f":{},"b":{},"meta":{"lastBranch":0,"lastFunction":0,"lastStatement":1,"seen":{"s:8:57:8:Infinity":0},"fnNames":{}}}
,"/home/runner/work/visual-directory/visual-directory/frontend/ports/testing/story-fixtures.ts": {"path":"/home/runner/work/visual-directory/visual-directory/frontend/ports/testing/story-fixtures.ts","statementMap":{"0":{"start":{"line":4,"column":51},"end":{"line":7,"column":null}},"1":{"start":{"line":9,"column":39},"end":{"line":40,"column":null}}},"fnMap":{},"branchMap":{},"s":{"0":0,"1":0},"f":{},"b":{},"meta":{"lastBranch":0,"lastFunction":0,"lastStatement":2,"seen":{"s:4:51:7:Infinity":0,"s:9:39:40:Infinity":1},"fnNames":{}}}
}
