{"/home/runner/work/visual-directory/visual-directory/backend/src/composition-root.ts": {"path":"/home/runner/work/visual-directory/visual-directory/backend/src/composition-root.ts","statementMap":{"0":{"start":{"line":14,"column":22},"end":{"line":14,"column":null}},"1":{"start":{"line":17,"column":24},"end":{"line":17,"column":null}},"2":{"start":{"line":20,"column":2},"end":{"line":32,"column":null}}},"fnMap":{"0":{"name":"buildAppDeps","decl":{"start":{"line":19,"column":16},"end":{"line":19,"column":40}},"loc":{"start":{"line":19,"column":40},"end":{"line":33,"column":null}},"line":19}},"branchMap":{"0":{"loc":{"start":{"line":14,"column":22},"end":{"line":14,"column":null}},"type":"binary-expr","locations":[{"start":{"line":14,"column":22},"end":{"line":14,"column":51}},{"start":{"line":14,"column":51},"end":{"line":14,"column":null}}],"line":14}},"s":{"0":0,"1":0,"2":0},"f":{"0":0},"b":{"0":[0,0]},"meta":{"lastBranch":1,"lastFunction":1,"lastStatement":3,"seen":{"s:14:22:14:Infinity":0,"b:14:22:14:51:14:51:14:Infinity":0,"s:17:24:17:Infinity":1,"f:19:16:19:40":0,"s:20:2:32:Infinity":2},"fnNames":{}}}
,"/home/runner/work/visual-directory/visual-directory/backend/src/index.ts": {"path":"/home/runner/work/visual-directory/visual-directory/backend/src/index.ts","statementMap":{"0":{"start":{"line":5,"column":13},"end":{"line":5,"column":null}},"1":{"start":{"line":6,"column":6},"end":{"line":6,"column":null}},"2":{"start":{"line":8,"column":0},"end":{"line":10,"column":null}},"3":{"start":{"line":9,"column":2},"end":{"line":9,"column":null}}},"fnMap":{"0":{"name":"(anonymous_0)","decl":{"start":{"line":8,"column":17},"end":{"line":8,"column":23}},"loc":{"start":{"line":8,"column":23},"end":{"line":10,"column":1}},"line":8}},"branchMap":{"0":{"loc":{"start":{"line":5,"column":20},"end":{"line":5,"column":44}},"type":"binary-expr","locations":[{"start":{"line":5,"column":20},"end":{"line":5,"column":40}},{"start":{"line":5,"column":40},"end":{"line":5,"column":44}}],"line":5}},"s":{"0":0,"1":0,"2":0,"3":0},"f":{"0":0},"b":{"0":[0,0]},"meta":{"lastBranch":1,"lastFunction":1,"lastStatement":4,"seen":{"s:5:13:5:Infinity":0,"b:5:20:5:40:5:40:5:44":0,"s:6:6:6:Infinity":1,"s:8:0:10:Infinity":2,"f:8:17:8:23":0,"s:9:2:9:Infinity":3},"fnNames":{}}}
,"/home/runner/work/visual-directory/visual-directory/backend/src/application/mailer.ts": {"path":"/home/runner/work/visual-directory/visual-directory/backend/src/application/mailer.ts","statementMap":{},"fnMap":{},"branchMap":{},"s":{},"f":{},"b":{},"meta":{"lastBranch":0,"lastFunction":0,"lastStatement":0,"seen":{},"fnNames":{}}}
,"/home/runner/work/visual-directory/visual-directory/backend/src/application/token-generator.ts": {"path":"/home/runner/work/visual-directory/visual-directory/backend/src/application/token-generator.ts","statementMap":{},"fnMap":{},"branchMap":{},"s":{},"f":{},"b":{},"meta":{"lastBranch":0,"lastFunction":0,"lastStatement":0,"seen":{},"fnNames":{}}}
,"/home/runner/work/visual-directory/visual-directory/backend/src/application/token-signer.ts": {"path":"/home/runner/work/visual-directory/visual-directory/backend/src/application/token-signer.ts","statementMap":{},"fnMap":{},"branchMap":{},"s":{},"f":{},"b":{},"meta":{"lastBranch":0,"lastFunction":0,"lastStatement":0,"seen":{},"fnNames":{}}}
,"/home/runner/work/visual-directory/visual-directory/backend/src/application/account/account.repository.ts": {"path":"/home/runner/work/visual-directory/visual-directory/backend/src/application/account/account.repository.ts","statementMap":{},"fnMap":{},"branchMap":{},"s":{},"f":{},"b":{},"meta":{"lastBranch":0,"lastFunction":0,"lastStatement":0,"seen":{},"fnNames":{}}}
,"/home/runner/work/visual-directory/visual-directory/backend/src/application/auth/auth.errors.ts": {"path":"/home/runner/work/visual-directory/visual-directory/backend/src/application/auth/auth.errors.ts","statementMap":{},"fnMap":{},"branchMap":{},"s":{},"f":{},"b":{},"meta":{"lastBranch":0,"lastFunction":0,"lastStatement":0,"seen":{},"fnNames":{}}}
,"/home/runner/work/visual-directory/visual-directory/backend/src/application/auth/auth.use-cases.ts": {"path":"/home/runner/work/visual-directory/visual-directory/backend/src/application/auth/auth.use-cases.ts","statementMap":{"0":{"start":{"line":34,"column":2},"end":{"line":69,"column":null}},"1":{"start":{"line":37,"column":20},"end":{"line":37,"column":null}},"2":{"start":{"line":39,"column":20},"end":{"line":39,"column":null}},"3":{"start":{"line":40,"column":4},"end":{"line":45,"column":null}},"4":{"start":{"line":43,"column":6},"end":{"line":43,"column":null}},"5":{"start":{"line":44,"column":6},"end":{"line":44,"column":null}},"6":{"start":{"line":47,"column":18},"end":{"line":47,"column":null}},"7":{"start":{"line":48,"column":4},"end":{"line":48,"column":null}},"8":{"start":{"line":49,"column":16},"end":{"line":49,"column":null}},"9":{"start":{"line":51,"column":4},"end":{"line":66,"column":null}},"10":{"start":{"line":52,"column":6},"end":{"line":52,"column":null}},"11":{"start":{"line":53,"column":6},"end":{"line":53,"column":null}},"12":{"start":{"line":56,"column":6},"end":{"line":56,"column":null}},"13":{"start":{"line":63,"column":6},"end":{"line":65,"column":null}},"14":{"start":{"line":64,"column":8},"end":{"line":64,"column":null}},"15":{"start":{"line":68,"column":4},"end":{"line":68,"column":null}},"16":{"start":{"line":78,"column":2},"end":{"line":92,"column":null}},"17":{"start":{"line":79,"column":18},"end":{"line":79,"column":null}},"18":{"start":{"line":80,"column":4},"end":{"line":82,"column":null}},"19":{"start":{"line":81,"column":6},"end":{"line":81,"column":null}},"20":{"start":{"line":84,"column":4},"end":{"line":84,"column":null}},"21":{"start":{"line":85,"column":20},"end":{"line":90,"column":null}},"22":{"start":{"line":91,"column":4},"end":{"line":91,"column":null}},"23":{"start":{"line":107,"column":2},"end":{"line":129,"column":null}},"24":{"start":{"line":108,"column":21},"end":{"line":108,"column":null}},"25":{"start":{"line":109,"column":4},"end":{"line":111,"column":null}},"26":{"start":{"line":110,"column":6},"end":{"line":110,"column":null}},"27":{"start":{"line":113,"column":4},"end":{"line":122,"column":null}},"28":{"start":{"line":114,"column":21},"end":{"line":114,"column":null}},"29":{"start":{"line":115,"column":6},"end":{"line":117,"column":null}},"30":{"start":{"line":116,"column":8},"end":{"line":116,"column":null}},"31":{"start":{"line":118,"column":28},"end":{"line":118,"column":null}},"32":{"start":{"line":119,"column":6},"end":{"line":121,"column":null}},"33":{"start":{"line":120,"column":8},"end":{"line":120,"column":null}},"34":{"start":{"line":124,"column":4},"end":{"line":128,"column":null}},"35":{"start":{"line":146,"column":2},"end":{"line":169,"column":null}},"36":{"start":{"line":147,"column":21},"end":{"line":147,"column":null}},"37":{"start":{"line":148,"column":4},"end":{"line":150,"column":null}},"38":{"start":{"line":149,"column":6},"end":{"line":149,"column":null}},"39":{"start":{"line":152,"column":21},"end":{"line":152,"column":null}},"40":{"start":{"line":153,"column":4},"end":{"line":162,"column":null}},"41":{"start":{"line":154,"column":21},"end":{"line":154,"column":null}},"42":{"start":{"line":155,"column":6},"end":{"line":157,"column":null}},"43":{"start":{"line":156,"column":8},"end":{"line":156,"column":null}},"44":{"start":{"line":158,"column":28},"end":{"line":158,"column":null}},"45":{"start":{"line":159,"column":6},"end":{"line":161,"column":null}},"46":{"start":{"line":160,"column":8},"end":{"line":160,"column":null}},"47":{"start":{"line":164,"column":20},"end":{"line":164,"column":null}},"48":{"start":{"line":165,"column":4},"end":{"line":167,"column":null}},"49":{"start":{"line":166,"column":6},"end":{"line":166,"column":null}},"50":{"start":{"line":168,"column":4},"end":{"line":168,"column":null}}},"fnMap":{"0":{"name":"createRequestMagicLinkUseCase","decl":{"start":{"line":33,"column":16},"end":{"line":33,"column":46}},"loc":{"start":{"line":33,"column":74},"end":{"line":70,"column":null}},"line":33},"1":{"name":"requestMagicLink","decl":{"start":{"line":34,"column":24},"end":{"line":34,"column":41}},"loc":{"start":{"line":34,"column":105},"end":{"line":69,"column":null}},"line":34},"2":{"name":"createVerifyMagicLinkUseCase","decl":{"start":{"line":77,"column":16},"end":{"line":77,"column":45}},"loc":{"start":{"line":77,"column":72},"end":{"line":93,"column":null}},"line":77},"3":{"name":"verifyMagicLink","decl":{"start":{"line":78,"column":24},"end":{"line":78,"column":40}},"loc":{"start":{"line":78,"column":108},"end":{"line":92,"column":null}},"line":78},"4":{"name":"createInviteAccountUseCase","decl":{"start":{"line":106,"column":16},"end":{"line":106,"column":43}},"loc":{"start":{"line":106,"column":68},"end":{"line":130,"column":null}},"line":106},"5":{"name":"inviteAccount","decl":{"start":{"line":107,"column":24},"end":{"line":107,"column":38}},"loc":{"start":{"line":107,"column":83},"end":{"line":129,"column":null}},"line":107},"6":{"name":"createUpdateAccountUseCase","decl":{"start":{"line":145,"column":16},"end":{"line":145,"column":43}},"loc":{"start":{"line":145,"column":68},"end":{"line":170,"column":null}},"line":145},"7":{"name":"updateAccount","decl":{"start":{"line":146,"column":24},"end":{"line":146,"column":38}},"loc":{"start":{"line":146,"column":107},"end":{"line":169,"column":null}},"line":146}},"branchMap":{"0":{"loc":{"start":{"line":40,"column":4},"end":{"line":45,"column":null}},"type":"if","locations":[{"start":{"line":40,"column":4},"end":{"line":45,"column":null}},{"start":{},"end":{}}],"line":40},"1":{"loc":{"start":{"line":63,"column":6},"end":{"line":65,"column":null}},"type":"if","locations":[{"start":{"line":63,"column":6},"end":{"line":65,"column":null}},{"start":{},"end":{}}],"line":63},"2":{"loc":{"start":{"line":68,"column":26},"end":{"line":68,"column":69}},"type":"cond-expr","locations":[{"start":{"line":68,"column":43},"end":{"line":68,"column":65}},{"start":{"line":68,"column":65},"end":{"line":68,"column":69}}],"line":68},"3":{"loc":{"start":{"line":80,"column":4},"end":{"line":82,"column":null}},"type":"if","locations":[{"start":{"line":80,"column":4},"end":{"line":82,"column":null}},{"start":{},"end":{}}],"line":80},"4":{"loc":{"start":{"line":80,"column":8},"end":{"line":80,"column":60}},"type":"binary-expr","locations":[{"start":{"line":80,"column":8},"end":{"line":80,"column":18}},{"start":{"line":80,"column":18},"end":{"line":80,"column":60}}],"line":80},"5":{"loc":{"start":{"line":109,"column":4},"end":{"line":111,"column":null}},"type":"if","locations":[{"start":{"line":109,"column":4},"end":{"line":111,"column":null}},{"start":{},"end":{}}],"line":109},"6":{"loc":{"start":{"line":113,"column":4},"end":{"line":122,"column":null}},"type":"if","locations":[{"start":{"line":113,"column":4},"end":{"line":122,"column":null}},{"start":{},"end":{}}],"line":113},"7":{"loc":{"start":{"line":115,"column":6},"end":{"line":117,"column":null}},"type":"if","locations":[{"start":{"line":115,"column":6},"end":{"line":117,"column":null}},{"start":{},"end":{}}],"line":115},"8":{"loc":{"start":{"line":119,"column":6},"end":{"line":121,"column":null}},"type":"if","locations":[{"start":{"line":119,"column":6},"end":{"line":121,"column":null}},{"start":{},"end":{}}],"line":119},"9":{"loc":{"start":{"line":127,"column":16},"end":{"line":127,"column":null}},"type":"binary-expr","locations":[{"start":{"line":127,"column":16},"end":{"line":127,"column":34}},{"start":{"line":127,"column":34},"end":{"line":127,"column":null}}],"line":127},"10":{"loc":{"start":{"line":148,"column":4},"end":{"line":150,"column":null}},"type":"if","locations":[{"start":{"line":148,"column":4},"end":{"line":150,"column":null}},{"start":{},"end":{}}],"line":148},"11":{"loc":{"start":{"line":152,"column":21},"end":{"line":152,"column":null}},"type":"cond-expr","locations":[{"start":{"line":152,"column":52},"end":{"line":152,"column":72}},{"start":{"line":152,"column":72},"end":{"line":152,"column":null}}],"line":152},"12":{"loc":{"start":{"line":153,"column":4},"end":{"line":162,"column":null}},"type":"if","locations":[{"start":{"line":153,"column":4},"end":{"line":162,"column":null}},{"start":{},"end":{}}],"line":153},"13":{"loc":{"start":{"line":155,"column":6},"end":{"line":157,"column":null}},"type":"if","locations":[{"start":{"line":155,"column":6},"end":{"line":157,"column":null}},{"start":{},"end":{}}],"line":155},"14":{"loc":{"start":{"line":159,"column":6},"end":{"line":161,"column":null}},"type":"if","locations":[{"start":{"line":159,"column":6},"end":{"line":161,"column":null}},{"start":{},"end":{}}],"line":159},"15":{"loc":{"start":{"line":159,"column":10},"end":{"line":159,"column":61}},"type":"binary-expr","locations":[{"start":{"line":159,"column":10},"end":{"line":159,"column":27}},{"start":{"line":159,"column":27},"end":{"line":159,"column":61}}],"line":159},"16":{"loc":{"start":{"line":165,"column":4},"end":{"line":167,"column":null}},"type":"if","locations":[{"start":{"line":165,"column":4},"end":{"line":167,"column":null}},{"start":{},"end":{}}],"line":165}},"s":{"0":4,"1":4,"2":4,"3":4,"4":1,"5":1,"6":3,"7":3,"8":3,"9":3,"10":3,"11":1,"12":2,"13":2,"14":1,"15":2,"16":0,"17":0,"18":0,"19":0,"20":0,"21":0,"22":0,"23":0,"24":0,"25":0,"26":0,"27":0,"28":0,"29":0,"30":0,"31":0,"32":0,"33":0,"34":0,"35":0,"36":0,"37":0,"38":0,"39":0,"40":0,"41":0,"42":0,"43":0,"44":0,"45":0,"46":0,"47":0,"48":0,"49":0,"50":0},"f":{"0":4,"1":4,"2":0,"3":0,"4":0,"5":0,"6":0,"7":0},"b":{"0":[1,3],"1":[1,1],"2":[1,1],"3":[0,0],"4":[0,0],"5":[0,0],"6":[0,0],"7":[0,0],"8":[0,0],"9":[0,0],"10":[0,0],"11":[0,0],"12":[0,0],"13":[0,0],"14":[0,0],"15":[0,0],"16":[0,0]},"meta":{"lastBranch":17,"lastFunction":8,"lastStatement":51,"seen":{"f:33:16:33:46":0,"s:34:2:69:Infinity":0,"f:34:24:34:41":1,"s:37:20:37:Infinity":1,"s:39:20:39:Infinity":2,"b:40:4:45:Infinity:undefined:undefined:undefined:undefined":0,"s:40:4:45:Infinity":3,"s:43:6:43:Infinity":4,"s:44:6:44:Infinity":5,"s:47:18:47:Infinity":6,"s:48:4:48:Infinity":7,"s:49:16:49:Infinity":8,"s:51:4:66:Infinity":9,"s:52:6:52:Infinity":10,"s:53:6:53:Infinity":11,"s:56:6:56:Infinity":12,"b:63:6:65:Infinity:undefined:undefined:undefined:undefined":1,"s:63:6:65:Infinity":13,"s:64:8:64:Infinity":14,"s:68:4:68:Infinity":15,"b:68:43:68:65:68:65:68:69":2,"f:77:16:77:45":2,"s:78:2:92:Infinity":16,"f:78:24:78:40":3,"s:79:18:79:Infinity":17,"b:80:4:82:Infinity:undefined:undefined:undefined:undefined":3,"s:80:4:82:Infinity":18,"b:80:8:80:18:80:18:80:60":4,"s:81:6:81:Infinity":19,"s:84:4:84:Infinity":20,"s:85:20:90:Infinity":21,"s:91:4:91:Infinity":22,"f:106:16:106:43":4,"s:107:2:129:Infinity":23,"f:107:24:107:38":5,"s:108:21:108:Infinity":24,"b:109:4:111:Infinity:undefined:undefined:undefined:undefined":5,"s:109:4:111:Infinity":25,"s:110:6:110:Infinity":26,"b:113:4:122:Infinity:undefined:undefined:undefined:undefined":6,"s:113:4:122:Infinity":27,"s:114:21:114:Infinity":28,"b:115:6:117:Infinity:undefined:undefined:undefined:undefined":7,"s:115:6:117:Infinity":29,"s:116:8:116:Infinity":30,"s:118:28:118:Infinity":31,"b:119:6:121:Infinity:undefined:undefined:undefined:undefined":8,"s:119:6:121:Infinity":32,"s:120:8:120:Infinity":33,"s:124:4:128:Infinity":34,"b:127:16:127:34:127:34:127:Infinity":9,"f:145:16:145:43":6,"s:146:2:169:Infinity":35,"f:146:24:146:38":7,"s:147:21:147:Infinity":36,"b:148:4:150:Infinity:undefined:undefined:undefined:undefined":10,"s:148:4:150:Infinity":37,"s:149:6:149:Infinity":38,"s:152:21:152:Infinity":39,"b:152:52:152:72:152:72:152:Infinity":11,"b:153:4:162:Infinity:undefined:undefined:undefined:undefined":12,"s:153:4:162:Infinity":40,"s:154:21:154:Infinity":41,"b:155:6:157:Infinity:undefined:undefined:undefined:undefined":13,"s:155:6:157:Infinity":42,"s:156:8:156:Infinity":43,"s:158:28:158:Infinity":44,"b:159:6:161:Infinity:undefined:undefined:undefined:undefined":14,"s:159:6:161:Infinity":45,"b:159:10:159:27:159:27:159:61":15,"s:160:8:160:Infinity":46,"s:164:20:164:Infinity":47,"b:165:4:167:Infinity:undefined:undefined:undefined:undefined":16,"s:165:4:167:Infinity":48,"s:166:6:166:Infinity":49,"s:168:4:168:Infinity":50},"fnNames":{}}}
,"/home/runner/work/visual-directory/visual-directory/backend/src/application/magic-link/magic-link-token.repository.ts": {"path":"/home/runner/work/visual-directory/visual-directory/backend/src/application/magic-link/magic-link-token.repository.ts","statementMap":{},"fnMap":{},"branchMap":{},"s":{},"f":{},"b":{},"meta":{"lastBranch":0,"lastFunction":0,"lastStatement":0,"seen":{},"fnNames":{}}}
,"/home/runner/work/visual-directory/visual-directory/backend/src/application/member/member.repository.ts": {"path":"/home/runner/work/visual-directory/visual-directory/backend/src/application/member/member.repository.ts","statementMap":{},"fnMap":{},"branchMap":{},"s":{},"f":{},"b":{},"meta":{"lastBranch":0,"lastFunction":0,"lastStatement":0,"seen":{},"fnNames":{}}}
,"/home/runner/work/visual-directory/visual-directory/backend/src/application/organization/organization.repository.ts": {"path":"/home/runner/work/visual-directory/visual-directory/backend/src/application/organization/organization.repository.ts","statementMap":{},"fnMap":{},"branchMap":{},"s":{},"f":{},"b":{},"meta":{"lastBranch":0,"lastFunction":0,"lastStatement":0,"seen":{},"fnNames":{}}}
,"/home/runner/work/visual-directory/visual-directory/backend/src/domain/account/account.types.ts": {"path":"/home/runner/work/visual-directory/visual-directory/backend/src/domain/account/account.types.ts","statementMap":{},"fnMap":{},"branchMap":{},"s":{},"f":{},"b":{},"meta":{"lastBranch":0,"lastFunction":0,"lastStatement":0,"seen":{},"fnNames":{}}}
,"/home/runner/work/visual-directory/visual-directory/backend/src/domain/audit/audit-log.types.ts": {"path":"/home/runner/work/visual-directory/visual-directory/backend/src/domain/audit/audit-log.types.ts","statementMap":{"0":{"start":{"line":4,"column":28},"end":{"line":4,"column":null}},"1":{"start":{"line":25,"column":2},"end":{"line":36,"column":null}}},"fnMap":{"0":{"name":"computeAuditHash","decl":{"start":{"line":24,"column":16},"end":{"line":24,"column":33}},"loc":{"start":{"line":24,"column":98},"end":{"line":37,"column":null}},"line":24}},"branchMap":{},"s":{"0":0,"1":0},"f":{"0":0},"b":{},"meta":{"lastBranch":0,"lastFunction":1,"lastStatement":2,"seen":{"s:4:28:4:Infinity":0,"f:24:16:24:33":0,"s:25:2:36:Infinity":1},"fnNames":{}}}
,"/home/runner/work/visual-directory/visual-directory/backend/src/domain/audit/canonical-json.ts": {"path":"/home/runner/work/visual-directory/visual-directory/backend/src/domain/audit/canonical-json.ts","statementMap":{"0":{"start":{"line":4,"column":2},"end":{"line":4,"column":null}},"1":{"start":{"line":8,"column":2},"end":{"line":10,"column":null}},"2":{"start":{"line":9,"column":4},"end":{"line":9,"column":null}},"3":{"start":{"line":11,"column":2},"end":{"line":17,"column":null}},"4":{"start":{"line":12,"column":44},"end":{"line":12,"column":null}},"5":{"start":{"line":13,"column":4},"end":{"line":15,"column":null}},"6":{"start":{"line":14,"column":6},"end":{"line":14,"column":null}},"7":{"start":{"line":16,"column":4},"end":{"line":16,"column":null}},"8":{"start":{"line":18,"column":2},"end":{"line":18,"column":null}}},"fnMap":{"0":{"name":"canonicalJson","decl":{"start":{"line":3,"column":16},"end":{"line":3,"column":30}},"loc":{"start":{"line":3,"column":54},"end":{"line":5,"column":null}},"line":3},"1":{"name":"sortKeys","decl":{"start":{"line":7,"column":9},"end":{"line":7,"column":18}},"loc":{"start":{"line":7,"column":43},"end":{"line":19,"column":null}},"line":7}},"branchMap":{"0":{"loc":{"start":{"line":8,"column":2},"end":{"line":10,"column":null}},"type":"if","locations":[{"start":{"line":8,"column":2},"end":{"line":10,"column":null}},{"start":{},"end":{}}],"line":8},"1":{"loc":{"start":{"line":11,"column":2},"end":{"line":17,"column":null}},"type":"if","locations":[{"start":{"line":11,"column":2},"end":{"line":17,"column":null}},{"start":{},"end":{}}],"line":11},"2":{"loc":{"start":{"line":11,"column":6},"end":{"line":11,"column":51}},"type":"binary-expr","locations":[{"start":{"line":11,"column":6},"end":{"line":11,"column":24}},{"start":{"line":11,"column":24},"end":{"line":11,"column":51}}],"line":11}},"s":{"0":8,"1":30,"2":2,"3":28,"4":10,"5":10,"6":16,"7":10,"8":18},"f":{"0":8,"1":30},"b":{"0":[2,28],"1":[10,18],"2":[28,28]},"meta":{"lastBranch":3,"lastFunction":2,"lastStatement":9,"seen":{"f:3:16:3:30":0,"s:4:2:4:Infinity":0,"f:7:9:7:18":1,"b:8:2:10:Infinity:undefined:undefined:undefined:undefined":0,"s:8:2:10:Infinity":1,"s:9:4:9:Infinity":2,"b:11:2:17:Infinity:undefined:undefined:undefined:undefined":1,"s:11:2:17:Infinity":3,"b:11:6:11:24:11:24:11:51":2,"s:12:44:12:Infinity":4,"s:13:4:15:Infinity":5,"s:14:6:14:Infinity":6,"s:16:4:16:Infinity":7,"s:18:2:18:Infinity":8},"fnNames":{}}}
,"/home/runner/work/visual-directory/visual-directory/backend/src/domain/auth/magic-link.ts": {"path":"/home/runner/work/visual-directory/visual-directory/backend/src/domain/auth/magic-link.ts","statementMap":{"0":{"start":{"line":3,"column":28},"end":{"line":3,"column":null}},"1":{"start":{"line":10,"column":2},"end":{"line":10,"column":null}},"2":{"start":{"line":23,"column":2},"end":{"line":23,"column":null}}},"fnMap":{"0":{"name":"hashToken","decl":{"start":{"line":9,"column":16},"end":{"line":9,"column":26}},"loc":{"start":{"line":9,"column":49},"end":{"line":11,"column":null}},"line":9},"1":{"name":"isTokenUsable","decl":{"start":{"line":22,"column":16},"end":{"line":22,"column":30}},"loc":{"start":{"line":22,"column":80},"end":{"line":24,"column":null}},"line":22}},"branchMap":{"0":{"loc":{"start":{"line":23,"column":9},"end":{"line":23,"column":null}},"type":"binary-expr","locations":[{"start":{"line":23,"column":9},"end":{"line":23,"column":35}},{"start":{"line":23,"column":35},"end":{"line":23,"column":null}}],"line":23}},"s":{"0":1,"1":3,"2":0},"f":{"0":3,"1":0},"b":{"0":[0,0]},"meta":{"lastBranch":1,"lastFunction":2,"lastStatement":3,"seen":{"s:3:28:3:Infinity":0,"f:9:16:9:26":0,"s:10:2:10:Infinity":1,"f:22:16:22:30":1,"s:23:2:23:Infinity":2,"b:23:9:23:35:23:35:23:Infinity":0},"fnNames":{}}}
,"/home/runner/work/visual-directory/visual-directory/backend/src/domain/member/member.types.ts": {"path":"/home/runner/work/visual-directory/visual-directory/backend/src/domain/member/member.types.ts","statementMap":{},"fnMap":{},"branchMap":{},"s":{},"f":{},"b":{},"meta":{"lastBranch":0,"lastFunction":0,"lastStatement":0,"seen":{},"fnNames":{}}}
,"/home/runner/work/visual-directory/visual-directory/backend/src/domain/organization/organization.types.ts": {"path":"/home/runner/work/visual-directory/visual-directory/backend/src/domain/organization/organization.types.ts","statementMap":{},"fnMap":{},"branchMap":{},"s":{},"f":{},"b":{},"meta":{"lastBranch":0,"lastFunction":0,"lastStatement":0,"seen":{},"fnNames":{}}}
,"/home/runner/work/visual-directory/visual-directory/backend/src/domain/shared/types.ts": {"path":"/home/runner/work/visual-directory/visual-directory/backend/src/domain/shared/types.ts","statementMap":{},"fnMap":{},"branchMap":{},"s":{},"f":{},"b":{},"meta":{"lastBranch":0,"lastFunction":0,"lastStatement":0,"seen":{},"fnNames":{}}}
,"/home/runner/work/visual-directory/visual-directory/backend/src/infrastructure/auth/jwt-token-signer.ts": {"path":"/home/runner/work/visual-directory/visual-directory/backend/src/infrastructure/auth/jwt-token-signer.ts","statementMap":{"0":{"start":{"line":5,"column":17},"end":{"line":5,"column":null}},"1":{"start":{"line":6,"column":2},"end":{"line":8,"column":null}},"2":{"start":{"line":7,"column":4},"end":{"line":7,"column":null}},"3":{"start":{"line":9,"column":2},"end":{"line":9,"column":null}},"4":{"start":{"line":12,"column":19},"end":{"line":12,"column":null}},"5":{"start":{"line":14,"column":43},"end":{"line":21,"column":null}},"6":{"start":{"line":16,"column":4},"end":{"line":16,"column":null}},"7":{"start":{"line":19,"column":4},"end":{"line":19,"column":null}}},"fnMap":{"0":{"name":"getJwtSecret","decl":{"start":{"line":4,"column":9},"end":{"line":4,"column":32}},"loc":{"start":{"line":4,"column":32},"end":{"line":10,"column":null}},"line":4},"1":{"name":"sign","decl":{"start":{"line":15,"column":2},"end":{"line":15,"column":7}},"loc":{"start":{"line":15,"column":40},"end":{"line":17,"column":null}},"line":15},"2":{"name":"verify","decl":{"start":{"line":18,"column":2},"end":{"line":18,"column":9}},"loc":{"start":{"line":18,"column":40},"end":{"line":20,"column":null}},"line":18}},"branchMap":{"0":{"loc":{"start":{"line":6,"column":2},"end":{"line":8,"column":null}},"type":"if","locations":[{"start":{"line":6,"column":2},"end":{"line":8,"column":null}},{"start":{},"end":{}}],"line":6}},"s":{"0":0,"1":0,"2":0,"3":0,"4":0,"5":0,"6":0,"7":0},"f":{"0":0,"1":0,"2":0},"b":{"0":[0,0]},"meta":{"lastBranch":1,"lastFunction":3,"lastStatement":8,"seen":{"f:4:9:4:32":0,"s:5:17:5:Infinity":0,"b:6:2:8:Infinity:undefined:undefined:undefined:undefined":0,"s:6:2:8:Infinity":1,"s:7:4:7:Infinity":2,"s:9:2:9:Infinity":3,"s:12:19:12:Infinity":4,"s:14:43:21:Infinity":5,"f:15:2:15:7":1,"s:16:4:16:Infinity":6,"f:18:2:18:9":2,"s:19:4:19:Infinity":7},"fnNames":{}}}
,"/home/runner/work/visual-directory/visual-directory/backend/src/infrastructure/auth/token-generator.ts": {"path":"/home/runner/work/visual-directory/visual-directory/backend/src/infrastructure/auth/token-generator.ts","statementMap":{"0":{"start":{"line":4,"column":52},"end":{"line":8,"column":null}},"1":{"start":{"line":6,"column":4},"end":{"line":6,"column":null}}},"fnMap":{"0":{"name":"generate","decl":{"start":{"line":5,"column":2},"end":{"line":5,"column":13}},"loc":{"start":{"line":5,"column":13},"end":{"line":7,"column":null}},"line":5}},"branchMap":{},"s":{"0":0,"1":0},"f":{"0":0},"b":{},"meta":{"lastBranch":0,"lastFunction":1,"lastStatement":2,"seen":{"s:4:52:8:Infinity":0,"f:5:2:5:13":0,"s:6:4:6:Infinity":1},"fnNames":{}}}
,"/home/runner/work/visual-directory/visual-directory/backend/src/infrastructure/mail/console-mailer.ts": {"path":"/home/runner/work/visual-directory/visual-directory/backend/src/infrastructure/mail/console-mailer.ts","statementMap":{"0":{"start":{"line":5,"column":37},"end":{"line":9,"column":null}},"1":{"start":{"line":7,"column":4},"end":{"line":7,"column":null}}},"fnMap":{"0":{"name":"sendMagicLink","decl":{"start":{"line":6,"column":8},"end":{"line":6,"column":22}},"loc":{"start":{"line":6,"column":34},"end":{"line":8,"column":null}},"line":6}},"branchMap":{},"s":{"0":0,"1":0},"f":{"0":0},"b":{},"meta":{"lastBranch":0,"lastFunction":1,"lastStatement":2,"seen":{"s:5:37:9:Infinity":0,"f:6:8:6:22":0,"s:7:4:7:Infinity":1},"fnNames":{}}}
,"/home/runner/work/visual-directory/visual-directory/backend/src/infrastructure/mail/get-mailer.ts": {"path":"/home/runner/work/visual-directory/visual-directory/backend/src/infrastructure/mail/get-mailer.ts","statementMap":{"0":{"start":{"line":10,"column":2},"end":{"line":10,"column":null}}},"fnMap":{"0":{"name":"getMailer","decl":{"start":{"line":9,"column":16},"end":{"line":9,"column":36}},"loc":{"start":{"line":9,"column":36},"end":{"line":11,"column":null}},"line":9}},"branchMap":{"0":{"loc":{"start":{"line":10,"column":9},"end":{"line":10,"column":null}},"type":"cond-expr","locations":[{"start":{"line":10,"column":64},"end":{"line":10,"column":79}},{"start":{"line":10,"column":79},"end":{"line":10,"column":null}}],"line":10},"1":{"loc":{"start":{"line":10,"column":9},"end":{"line":10,"column":64}},"type":"binary-expr","locations":[{"start":{"line":10,"column":9},"end":{"line":10,"column":39}},{"start":{"line":10,"column":39},"end":{"line":10,"column":64}}],"line":10}},"s":{"0":0},"f":{"0":0},"b":{"0":[0,0],"1":[0,0]},"meta":{"lastBranch":2,"lastFunction":1,"lastStatement":1,"seen":{"f:9:16:9:36":0,"s:10:2:10:Infinity":0,"b:10:64:10:79:10:79:10:Infinity":0,"b:10:9:10:39:10:39:10:64":1},"fnNames":{}}}
,"/home/runner/work/visual-directory/visual-directory/backend/src/infrastructure/mail/resend-mailer.ts": {"path":"/home/runner/work/visual-directory/visual-directory/backend/src/infrastructure/mail/resend-mailer.ts","statementMap":{"0":{"start":{"line":5,"column":23},"end":{"line":5,"column":null}},"1":{"start":{"line":8,"column":18},"end":{"line":8,"column":null}},"2":{"start":{"line":9,"column":15},"end":{"line":15,"column":null}},"3":{"start":{"line":16,"column":15},"end":{"line":20,"column":null}},"4":{"start":{"line":22,"column":2},"end":{"line":22,"column":null}},"5":{"start":{"line":28,"column":36},"end":{"line":43,"column":null}},"6":{"start":{"line":30,"column":19},"end":{"line":30,"column":null}},"7":{"start":{"line":31,"column":17},"end":{"line":31,"column":null}},"8":{"start":{"line":32,"column":4},"end":{"line":34,"column":null}},"9":{"start":{"line":33,"column":6},"end":{"line":33,"column":null}},"10":{"start":{"line":36,"column":36},"end":{"line":36,"column":null}},"11":{"start":{"line":37,"column":19},"end":{"line":37,"column":null}},"12":{"start":{"line":38,"column":22},"end":{"line":38,"column":null}},"13":{"start":{"line":39,"column":4},"end":{"line":41,"column":null}},"14":{"start":{"line":40,"column":6},"end":{"line":40,"column":null}}},"fnMap":{"0":{"name":"buildMagicLinkEmail","decl":{"start":{"line":7,"column":9},"end":{"line":7,"column":29}},"loc":{"start":{"line":7,"column":42},"end":{"line":23,"column":null}},"line":7},"1":{"name":"sendMagicLink","decl":{"start":{"line":29,"column":8},"end":{"line":29,"column":22}},"loc":{"start":{"line":29,"column":34},"end":{"line":42,"column":null}},"line":29}},"branchMap":{"0":{"loc":{"start":{"line":32,"column":4},"end":{"line":34,"column":null}},"type":"if","locations":[{"start":{"line":32,"column":4},"end":{"line":34,"column":null}},{"start":{},"end":{}}],"line":32},"1":{"loc":{"start":{"line":32,"column":8},"end":{"line":32,"column":26}},"type":"binary-expr","locations":[{"start":{"line":32,"column":8},"end":{"line":32,"column":19}},{"start":{"line":32,"column":19},"end":{"line":32,"column":26}}],"line":32},"2":{"loc":{"start":{"line":39,"column":4},"end":{"line":41,"column":null}},"type":"if","locations":[{"start":{"line":39,"column":4},"end":{"line":41,"column":null}},{"start":{},"end":{}}],"line":39}},"s":{"0":0,"1":0,"2":0,"3":0,"4":0,"5":0,"6":0,"7":0,"8":0,"9":0,"10":0,"11":0,"12":0,"13":0,"14":0},"f":{"0":0,"1":0},"b":{"0":[0,0],"1":[0,0],"2":[0,0]},"meta":{"lastBranch":3,"lastFunction":2,"lastStatement":15,"seen":{"s:5:23:5:Infinity":0,"f:7:9:7:29":0,"s:8:18:8:Infinity":1,"s:9:15:15:Infinity":2,"s:16:15:20:Infinity":3,"s:22:2:22:Infinity":4,"s:28:36:43:Infinity":5,"f:29:8:29:22":1,"s:30:19:30:Infinity":6,"s:31:17:31:Infinity":7,"b:32:4:34:Infinity:undefined:undefined:undefined:undefined":0,"s:32:4:34:Infinity":8,"b:32:8:32:19:32:19:32:26":1,"s:33:6:33:Infinity":9,"s:36:36:36:Infinity":10,"s:37:19:37:Infinity":11,"s:38:22:38:Infinity":12,"b:39:4:41:Infinity:undefined:undefined:undefined:undefined":2,"s:39:4:41:Infinity":13,"s:40:6:40:Infinity":14},"fnNames":{}}}
,"/home/runner/work/visual-directory/visual-directory/backend/src/infrastructure/prisma/account.repository.ts": {"path":"/home/runner/work/visual-directory/visual-directory/backend/src/infrastructure/prisma/account.repository.ts","statementMap":{"0":{"start":{"line":8,"column":2},"end":{"line":8,"column":null}},"1":{"start":{"line":11,"column":58},"end":{"line":56,"column":null}},"2":{"start":{"line":13,"column":21},"end":{"line":13,"column":null}},"3":{"start":{"line":14,"column":4},"end":{"line":14,"column":null}},"4":{"start":{"line":18,"column":20},"end":{"line":18,"column":null}},"5":{"start":{"line":19,"column":4},"end":{"line":19,"column":null}},"6":{"start":{"line":23,"column":20},"end":{"line":23,"column":null}},"7":{"start":{"line":24,"column":4},"end":{"line":24,"column":null}},"8":{"start":{"line":28,"column":20},"end":{"line":28,"column":null}},"9":{"start":{"line":29,"column":4},"end":{"line":29,"column":null}},"10":{"start":{"line":33,"column":20},"end":{"line":35,"column":null}},"11":{"start":{"line":36,"column":4},"end":{"line":36,"column":null}},"12":{"start":{"line":40,"column":21},"end":{"line":40,"column":null}},"13":{"start":{"line":41,"column":4},"end":{"line":43,"column":null}},"14":{"start":{"line":42,"column":6},"end":{"line":42,"column":null}},"15":{"start":{"line":44,"column":20},"end":{"line":53,"column":null}},"16":{"start":{"line":45,"column":22},"end":{"line":45,"column":null}},"17":{"start":{"line":46,"column":6},"end":{"line":51,"column":null}},"18":{"start":{"line":52,"column":6},"end":{"line":52,"column":null}},"19":{"start":{"line":54,"column":4},"end":{"line":54,"column":null}}},"fnMap":{"0":{"name":"toDomainAccount","decl":{"start":{"line":7,"column":9},"end":{"line":7,"column":25}},"loc":{"start":{"line":7,"column":58},"end":{"line":9,"column":null}},"line":7},"1":{"name":"findAll","decl":{"start":{"line":12,"column":8},"end":{"line":12,"column":18}},"loc":{"start":{"line":12,"column":18},"end":{"line":15,"column":null}},"line":12},"2":{"name":"findById","decl":{"start":{"line":17,"column":8},"end":{"line":17,"column":17}},"loc":{"start":{"line":17,"column":21},"end":{"line":20,"column":null}},"line":17},"3":{"name":"findByEmail","decl":{"start":{"line":22,"column":8},"end":{"line":22,"column":20}},"loc":{"start":{"line":22,"column":27},"end":{"line":25,"column":null}},"line":22},"4":{"name":"findByMemberId","decl":{"start":{"line":27,"column":8},"end":{"line":27,"column":23}},"loc":{"start":{"line":27,"column":33},"end":{"line":30,"column":null}},"line":27},"5":{"name":"create","decl":{"start":{"line":32,"column":8},"end":{"line":32,"column":15}},"loc":{"start":{"line":32,"column":22},"end":{"line":37,"column":null}},"line":32},"6":{"name":"update","decl":{"start":{"line":39,"column":8},"end":{"line":39,"column":15}},"loc":{"start":{"line":39,"column":42},"end":{"line":55,"column":null}},"line":39},"7":{"name":"(anonymous_7)","decl":{"start":{"line":44,"column":46},"end":{"line":44,"column":53}},"loc":{"start":{"line":44,"column":86},"end":{"line":53,"column":5}},"line":44}},"branchMap":{"0":{"loc":{"start":{"line":19,"column":11},"end":{"line":19,"column":null}},"type":"cond-expr","locations":[{"start":{"line":19,"column":21},"end":{"line":19,"column":48}},{"start":{"line":19,"column":48},"end":{"line":19,"column":null}}],"line":19},"1":{"loc":{"start":{"line":24,"column":11},"end":{"line":24,"column":null}},"type":"cond-expr","locations":[{"start":{"line":24,"column":21},"end":{"line":24,"column":48}},{"start":{"line":24,"column":48},"end":{"line":24,"column":null}}],"line":24},"2":{"loc":{"start":{"line":29,"column":11},"end":{"line":29,"column":null}},"type":"cond-expr","locations":[{"start":{"line":29,"column":21},"end":{"line":29,"column":48}},{"start":{"line":29,"column":48},"end":{"line":29,"column":null}}],"line":29},"3":{"loc":{"start":{"line":41,"column":4},"end":{"line":43,"column":null}},"type":"if","locations":[{"start":{"line":41,"column":4},"end":{"line":43,"column":null}},{"start":{},"end":{}}],"line":41}},"s":{"0":0,"1":0,"2":0,"3":0,"4":0,"5":0,"6":0,"7":0,"8":0,"9":0,"10":0,"11":0,"12":0,"13":0,"14":0,"15":0,"16":0,"17":0,"18":0,"19":0},"f":{"0":0,"1":0,"2":0,"3":0,"4":0,"5":0,"6":0,"7":0},"b":{"0":[0,0],"1":[0,0],"2":[0,0],"3":[0,0]},"meta":{"lastBranch":4,"lastFunction":8,"lastStatement":20,"seen":{"f:7:9:7:25":0,"s:8:2:8:Infinity":0,"s:11:58:56:Infinity":1,"f:12:8:12:18":1,"s:13:21:13:Infinity":2,"s:14:4:14:Infinity":3,"f:17:8:17:17":2,"s:18:20:18:Infinity":4,"s:19:4:19:Infinity":5,"b:19:21:19:48:19:48:19:Infinity":0,"f:22:8:22:20":3,"s:23:20:23:Infinity":6,"s:24:4:24:Infinity":7,"b:24:21:24:48:24:48:24:Infinity":1,"f:27:8:27:23":4,"s:28:20:28:Infinity":8,"s:29:4:29:Infinity":9,"b:29:21:29:48:29:48:29:Infinity":2,"f:32:8:32:15":5,"s:33:20:35:Infinity":10,"s:36:4:36:Infinity":11,"f:39:8:39:15":6,"s:40:21:40:Infinity":12,"b:41:4:43:Infinity:undefined:undefined:undefined:undefined":3,"s:41:4:43:Infinity":13,"s:42:6:42:Infinity":14,"s:44:20:53:Infinity":15,"f:44:46:44:53":7,"s:45:22:45:Infinity":16,"s:46:6:51:Infinity":17,"s:52:6:52:Infinity":18,"s:54:4:54:Infinity":19},"fnNames":{}}}
,"/home/runner/work/visual-directory/visual-directory/backend/src/infrastructure/prisma/audit-log.ts": {"path":"/home/runner/work/visual-directory/visual-directory/backend/src/infrastructure/prisma/audit-log.ts","statementMap":{"0":{"start":{"line":9,"column":17},"end":{"line":9,"column":null}},"1":{"start":{"line":10,"column":19},"end":{"line":10,"column":null}},"2":{"start":{"line":11,"column":20},"end":{"line":11,"column":null}},"3":{"start":{"line":12,"column":8},"end":{"line":12,"column":null}},"4":{"start":{"line":14,"column":2},"end":{"line":24,"column":null}}},"fnMap":{"0":{"name":"appendAuditLog","decl":{"start":{"line":8,"column":22},"end":{"line":8,"column":37}},"loc":{"start":{"line":8,"column":89},"end":{"line":25,"column":null}},"line":8}},"branchMap":{"0":{"loc":{"start":{"line":10,"column":19},"end":{"line":10,"column":null}},"type":"binary-expr","locations":[{"start":{"line":10,"column":19},"end":{"line":10,"column":35}},{"start":{"line":10,"column":35},"end":{"line":10,"column":null}}],"line":10}},"s":{"0":0,"1":0,"2":0,"3":0,"4":0},"f":{"0":0},"b":{"0":[0,0]},"meta":{"lastBranch":1,"lastFunction":1,"lastStatement":5,"seen":{"f:8:22:8:37":0,"s:9:17:9:Infinity":0,"s:10:19:10:Infinity":1,"b:10:19:10:35:10:35:10:Infinity":0,"s:11:20:11:Infinity":2,"s:12:8:12:Infinity":3,"s:14:2:24:Infinity":4},"fnNames":{}}}
,"/home/runner/work/visual-directory/visual-directory/backend/src/infrastructure/prisma/magic-link-token.repository.ts": {"path":"/home/runner/work/visual-directory/visual-directory/backend/src/infrastructure/prisma/magic-link-token.repository.ts","statementMap":{"0":{"start":{"line":4,"column":72},"end":{"line":28,"column":null}},"1":{"start":{"line":6,"column":4},"end":{"line":6,"column":null}},"2":{"start":{"line":10,"column":19},"end":{"line":10,"column":null}},"3":{"start":{"line":11,"column":4},"end":{"line":13,"column":null}},"4":{"start":{"line":12,"column":6},"end":{"line":12,"column":null}},"5":{"start":{"line":14,"column":4},"end":{"line":22,"column":null}},"6":{"start":{"line":26,"column":4},"end":{"line":26,"column":null}}},"fnMap":{"0":{"name":"create","decl":{"start":{"line":5,"column":8},"end":{"line":5,"column":15}},"loc":{"start":{"line":5,"column":48},"end":{"line":7,"column":null}},"line":5},"1":{"name":"findByHash","decl":{"start":{"line":9,"column":8},"end":{"line":9,"column":19}},"loc":{"start":{"line":9,"column":30},"end":{"line":23,"column":null}},"line":9},"2":{"name":"markUsed","decl":{"start":{"line":25,"column":8},"end":{"line":25,"column":17}},"loc":{"start":{"line":25,"column":21},"end":{"line":27,"column":null}},"line":25}},"branchMap":{"0":{"loc":{"start":{"line":11,"column":4},"end":{"line":13,"column":null}},"type":"if","locations":[{"start":{"line":11,"column":4},"end":{"line":13,"column":null}},{"start":{},"end":{}}],"line":11}},"s":{"0":0,"1":0,"2":0,"3":0,"4":0,"5":0,"6":0},"f":{"0":0,"1":0,"2":0},"b":{"0":[0,0]},"meta":{"lastBranch":1,"lastFunction":3,"lastStatement":7,"seen":{"s:4:72:28:Infinity":0,"f:5:8:5:15":0,"s:6:4:6:Infinity":1,"f:9:8:9:19":1,"s:10:19:10:Infinity":2,"b:11:4:13:Infinity:undefined:undefined:undefined:undefined":0,"s:11:4:13:Infinity":3,"s:12:6:12:Infinity":4,"s:14:4:22:Infinity":5,"f:25:8:25:17":2,"s:26:4:26:Infinity":6},"fnNames":{}}}
,"/home/runner/work/visual-directory/visual-directory/backend/src/infrastructure/prisma/member.repository.ts": {"path":"/home/runner/work/visual-directory/visual-directory/backend/src/infrastructure/prisma/member.repository.ts","statementMap":{"0":{"start":{"line":11,"column":21},"end":{"line":13,"column":null}},"1":{"start":{"line":14,"column":21},"end":{"line":14,"column":null}},"2":{"start":{"line":15,"column":28},"end":{"line":15,"column":null}},"3":{"start":{"line":17,"column":2},"end":{"line":45,"column":null}},"4":{"start":{"line":49,"column":2},"end":{"line":66,"column":null}},"5":{"start":{"line":69,"column":56},"end":{"line":130,"column":null}},"6":{"start":{"line":71,"column":20},"end":{"line":71,"column":null}},"7":{"start":{"line":72,"column":4},"end":{"line":72,"column":null}},"8":{"start":{"line":76,"column":19},"end":{"line":76,"column":null}},"9":{"start":{"line":77,"column":4},"end":{"line":77,"column":null}},"10":{"start":{"line":81,"column":17},"end":{"line":81,"column":null}},"11":{"start":{"line":82,"column":20},"end":{"line":91,"column":null}},"12":{"start":{"line":83,"column":22},"end":{"line":83,"column":null}},"13":{"start":{"line":84,"column":6},"end":{"line":89,"column":null}},"14":{"start":{"line":90,"column":6},"end":{"line":90,"column":null}},"15":{"start":{"line":92,"column":4},"end":{"line":92,"column":null}},"16":{"start":{"line":96,"column":21},"end":{"line":96,"column":null}},"17":{"start":{"line":97,"column":4},"end":{"line":99,"column":null}},"18":{"start":{"line":98,"column":6},"end":{"line":98,"column":null}},"19":{"start":{"line":100,"column":17},"end":{"line":100,"column":null}},"20":{"start":{"line":101,"column":20},"end":{"line":110,"column":null}},"21":{"start":{"line":102,"column":22},"end":{"line":102,"column":null}},"22":{"start":{"line":103,"column":6},"end":{"line":108,"column":null}},"23":{"start":{"line":109,"column":6},"end":{"line":109,"column":null}},"24":{"start":{"line":111,"column":4},"end":{"line":111,"column":null}},"25":{"start":{"line":115,"column":21},"end":{"line":115,"column":null}},"26":{"start":{"line":116,"column":4},"end":{"line":118,"column":null}},"27":{"start":{"line":117,"column":6},"end":{"line":117,"column":null}},"28":{"start":{"line":119,"column":4},"end":{"line":127,"column":null}},"29":{"start":{"line":120,"column":6},"end":{"line":120,"column":null}},"30":{"start":{"line":121,"column":6},"end":{"line":126,"column":null}},"31":{"start":{"line":128,"column":4},"end":{"line":128,"column":null}}},"fnMap":{"0":{"name":"toDomainMember","decl":{"start":{"line":10,"column":9},"end":{"line":10,"column":24}},"loc":{"start":{"line":10,"column":54},"end":{"line":46,"column":null}},"line":10},"1":{"name":"fromMemberInput","decl":{"start":{"line":48,"column":9},"end":{"line":48,"column":25}},"loc":{"start":{"line":48,"column":45},"end":{"line":67,"column":null}},"line":48},"2":{"name":"findAll","decl":{"start":{"line":70,"column":8},"end":{"line":70,"column":18}},"loc":{"start":{"line":70,"column":18},"end":{"line":73,"column":null}},"line":70},"3":{"name":"findById","decl":{"start":{"line":75,"column":8},"end":{"line":75,"column":17}},"loc":{"start":{"line":75,"column":21},"end":{"line":78,"column":null}},"line":75},"4":{"name":"create","decl":{"start":{"line":80,"column":8},"end":{"line":80,"column":15}},"loc":{"start":{"line":80,"column":38},"end":{"line":93,"column":null}},"line":80},"5":{"name":"(anonymous_5)","decl":{"start":{"line":82,"column":46},"end":{"line":82,"column":53}},"loc":{"start":{"line":82,"column":86},"end":{"line":91,"column":5}},"line":82},"6":{"name":"update","decl":{"start":{"line":95,"column":8},"end":{"line":95,"column":15}},"loc":{"start":{"line":95,"column":42},"end":{"line":112,"column":null}},"line":95},"7":{"name":"(anonymous_7)","decl":{"start":{"line":101,"column":46},"end":{"line":101,"column":53}},"loc":{"start":{"line":101,"column":86},"end":{"line":110,"column":5}},"line":101},"8":{"name":"delete","decl":{"start":{"line":114,"column":8},"end":{"line":114,"column":15}},"loc":{"start":{"line":114,"column":35},"end":{"line":129,"column":null}},"line":114},"9":{"name":"(anonymous_9)","decl":{"start":{"line":119,"column":30},"end":{"line":119,"column":37}},"loc":{"start":{"line":119,"column":70},"end":{"line":127,"column":5}},"line":119}},"branchMap":{"0":{"loc":{"start":{"line":12,"column":4},"end":{"line":12,"column":null}},"type":"binary-expr","locations":[{"start":{"line":12,"column":4},"end":{"line":12,"column":21}},{"start":{"line":12,"column":21},"end":{"line":12,"column":38}},{"start":{"line":12,"column":38},"end":{"line":12,"column":61}},{"start":{"line":12,"column":61},"end":{"line":12,"column":76}},{"start":{"line":12,"column":76},"end":{"line":12,"column":99}},{"start":{"line":12,"column":99},"end":{"line":12,"column":null}}],"line":12},"1":{"loc":{"start":{"line":14,"column":29},"end":{"line":14,"column":61}},"type":"binary-expr","locations":[{"start":{"line":14,"column":29},"end":{"line":14,"column":49}},{"start":{"line":14,"column":49},"end":{"line":14,"column":61}}],"line":14},"2":{"loc":{"start":{"line":15,"column":36},"end":{"line":15,"column":91}},"type":"binary-expr","locations":[{"start":{"line":15,"column":36},"end":{"line":15,"column":66}},{"start":{"line":15,"column":66},"end":{"line":15,"column":91}}],"line":15},"3":{"loc":{"start":{"line":20,"column":13},"end":{"line":28,"column":null}},"type":"cond-expr","locations":[{"start":{"line":21,"column":8},"end":{"line":27,"column":null}},{"start":{"line":28,"column":8},"end":{"line":28,"column":null}}],"line":20},"4":{"loc":{"start":{"line":22,"column":18},"end":{"line":22,"column":null}},"type":"binary-expr","locations":[{"start":{"line":22,"column":18},"end":{"line":22,"column":35}},{"start":{"line":22,"column":35},"end":{"line":22,"column":null}}],"line":22},"5":{"loc":{"start":{"line":23,"column":18},"end":{"line":23,"column":null}},"type":"binary-expr","locations":[{"start":{"line":23,"column":18},"end":{"line":23,"column":35}},{"start":{"line":23,"column":35},"end":{"line":23,"column":null}}],"line":23},"6":{"loc":{"start":{"line":24,"column":15},"end":{"line":24,"column":null}},"type":"binary-expr","locations":[{"start":{"line":24,"column":15},"end":{"line":24,"column":29}},{"start":{"line":24,"column":29},"end":{"line":24,"column":null}}],"line":24},"7":{"loc":{"start":{"line":25,"column":16},"end":{"line":25,"column":null}},"type":"binary-expr","locations":[{"start":{"line":25,"column":16},"end":{"line":25,"column":31}},{"start":{"line":25,"column":31},"end":{"line":25,"column":null}}],"line":25},"8":{"loc":{"start":{"line":26,"column":30},"end":{"line":26,"column":47}},"type":"binary-expr","locations":[{"start":{"line":26,"column":30},"end":{"line":26,"column":44}},{"start":{"line":26,"column":44},"end":{"line":26,"column":47}}],"line":26},"9":{"loc":{"start":{"line":26,"column":52},"end":{"line":26,"column":68}},"type":"binary-expr","locations":[{"start":{"line":26,"column":52},"end":{"line":26,"column":66}},{"start":{"line":26,"column":66},"end":{"line":26,"column":68}}],"line":26},"10":{"loc":{"start":{"line":29,"column":13},"end":{"line":34,"column":null}},"type":"cond-expr","locations":[{"start":{"line":30,"column":8},"end":{"line":33,"column":null}},{"start":{"line":34,"column":8},"end":{"line":34,"column":null}}],"line":29},"11":{"loc":{"start":{"line":31,"column":14},"end":{"line":31,"column":null}},"type":"cond-expr","locations":[{"start":{"line":31,"column":33},"end":{"line":31,"column":67}},{"start":{"line":31,"column":67},"end":{"line":31,"column":null}}],"line":31},"12":{"loc":{"start":{"line":32,"column":14},"end":{"line":32,"column":null}},"type":"cond-expr","locations":[{"start":{"line":32,"column":29},"end":{"line":32,"column":55}},{"start":{"line":32,"column":55},"end":{"line":32,"column":null}}],"line":32},"13":{"loc":{"start":{"line":35,"column":20},"end":{"line":37,"column":null}},"type":"cond-expr","locations":[{"start":{"line":36,"column":8},"end":{"line":36,"column":null}},{"start":{"line":37,"column":8},"end":{"line":37,"column":null}}],"line":35},"14":{"loc":{"start":{"line":38,"column":20},"end":{"line":38,"column":null}},"type":"binary-expr","locations":[{"start":{"line":38,"column":20},"end":{"line":38,"column":45}},{"start":{"line":38,"column":45},"end":{"line":38,"column":null}}],"line":38},"15":{"loc":{"start":{"line":41,"column":6},"end":{"line":43,"column":null}},"type":"cond-expr","locations":[{"start":{"line":42,"column":10},"end":{"line":42,"column":null}},{"start":{"line":43,"column":10},"end":{"line":43,"column":null}}],"line":41},"16":{"loc":{"start":{"line":42,"column":59},"end":{"line":42,"column":102}},"type":"binary-expr","locations":[{"start":{"line":42,"column":59},"end":{"line":42,"column":99}},{"start":{"line":42,"column":99},"end":{"line":42,"column":102}}],"line":42},"17":{"loc":{"start":{"line":52,"column":12},"end":{"line":52,"column":null}},"type":"binary-expr","locations":[{"start":{"line":52,"column":12},"end":{"line":52,"column":37}},{"start":{"line":52,"column":37},"end":{"line":52,"column":null}}],"line":52},"18":{"loc":{"start":{"line":53,"column":12},"end":{"line":53,"column":null}},"type":"binary-expr","locations":[{"start":{"line":53,"column":12},"end":{"line":53,"column":37}},{"start":{"line":53,"column":37},"end":{"line":53,"column":null}}],"line":53},"19":{"loc":{"start":{"line":54,"column":9},"end":{"line":54,"column":null}},"type":"binary-expr","locations":[{"start":{"line":54,"column":9},"end":{"line":54,"column":31}},{"start":{"line":54,"column":31},"end":{"line":54,"column":null}}],"line":54},"20":{"loc":{"start":{"line":55,"column":10},"end":{"line":55,"column":null}},"type":"binary-expr","locations":[{"start":{"line":55,"column":10},"end":{"line":55,"column":33}},{"start":{"line":55,"column":33},"end":{"line":55,"column":null}}],"line":55},"21":{"loc":{"start":{"line":56,"column":9},"end":{"line":56,"column":null}},"type":"binary-expr","locations":[{"start":{"line":56,"column":9},"end":{"line":56,"column":43}},{"start":{"line":56,"column":43},"end":{"line":56,"column":null}}],"line":56},"22":{"loc":{"start":{"line":57,"column":9},"end":{"line":57,"column":null}},"type":"binary-expr","locations":[{"start":{"line":57,"column":9},"end":{"line":57,"column":43}},{"start":{"line":57,"column":43},"end":{"line":57,"column":null}}],"line":57},"23":{"loc":{"start":{"line":58,"column":15},"end":{"line":58,"column":null}},"type":"binary-expr","locations":[{"start":{"line":58,"column":15},"end":{"line":58,"column":43}},{"start":{"line":58,"column":43},"end":{"line":58,"column":null}}],"line":58},"24":{"loc":{"start":{"line":59,"column":11},"end":{"line":59,"column":null}},"type":"binary-expr","locations":[{"start":{"line":59,"column":11},"end":{"line":59,"column":35}},{"start":{"line":59,"column":35},"end":{"line":59,"column":null}}],"line":59},"25":{"loc":{"start":{"line":60,"column":25},"end":{"line":60,"column":null}},"type":"binary-expr","locations":[{"start":{"line":60,"column":25},"end":{"line":60,"column":56}},{"start":{"line":60,"column":56},"end":{"line":60,"column":null}}],"line":60},"26":{"loc":{"start":{"line":61,"column":24},"end":{"line":61,"column":null}},"type":"binary-expr","locations":[{"start":{"line":61,"column":24},"end":{"line":61,"column":54}},{"start":{"line":61,"column":54},"end":{"line":61,"column":null}}],"line":61},"27":{"loc":{"start":{"line":62,"column":20},"end":{"line":62,"column":null}},"type":"binary-expr","locations":[{"start":{"line":62,"column":20},"end":{"line":62,"column":44}},{"start":{"line":62,"column":44},"end":{"line":62,"column":null}}],"line":62},"28":{"loc":{"start":{"line":63,"column":16},"end":{"line":63,"column":null}},"type":"cond-expr","locations":[{"start":{"line":63,"column":56},"end":{"line":63,"column":84}},{"start":{"line":63,"column":84},"end":{"line":63,"column":null}}],"line":63},"29":{"loc":{"start":{"line":64,"column":20},"end":{"line":64,"column":null}},"type":"cond-expr","locations":[{"start":{"line":64,"column":59},"end":{"line":64,"column":99}},{"start":{"line":64,"column":99},"end":{"line":64,"column":null}}],"line":64},"30":{"loc":{"start":{"line":65,"column":16},"end":{"line":65,"column":null}},"type":"binary-expr","locations":[{"start":{"line":65,"column":16},"end":{"line":65,"column":36}},{"start":{"line":65,"column":36},"end":{"line":65,"column":null}}],"line":65},"31":{"loc":{"start":{"line":77,"column":11},"end":{"line":77,"column":null}},"type":"cond-expr","locations":[{"start":{"line":77,"column":20},"end":{"line":77,"column":45}},{"start":{"line":77,"column":45},"end":{"line":77,"column":null}}],"line":77},"32":{"loc":{"start":{"line":83,"column":68},"end":{"line":83,"column":102}},"type":"cond-expr","locations":[{"start":{"line":83,"column":79},"end":{"line":83,"column":98}},{"start":{"line":83,"column":98},"end":{"line":83,"column":102}}],"line":83},"33":{"loc":{"start":{"line":97,"column":4},"end":{"line":99,"column":null}},"type":"if","locations":[{"start":{"line":97,"column":4},"end":{"line":99,"column":null}},{"start":{},"end":{}}],"line":97},"34":{"loc":{"start":{"line":116,"column":4},"end":{"line":118,"column":null}},"type":"if","locations":[{"start":{"line":116,"column":4},"end":{"line":118,"column":null}},{"start":{},"end":{}}],"line":116}},"s":{"0":0,"1":0,"2":0,"3":0,"4":0,"5":0,"6":0,"7":0,"8":0,"9":0,"10":0,"11":0,"12":0,"13":0,"14":0,"15":0,"16":0,"17":0,"18":0,"19":0,"20":0,"21":0,"22":0,"23":0,"24":0,"25":0,"26":0,"27":0,"28":0,"29":0,"30":0,"31":0},"f":{"0":0,"1":0,"2":0,"3":0,"4":0,"5":0,"6":0,"7":0,"8":0,"9":0},"b":{"0":[0,0,0,0,0,0],"1":[0,0],"2":[0,0],"3":[0,0],"4":[0,0],"5":[0,0],"6":[0,0],"7":[0,0],"8":[0,0],"9":[0,0],"10":[0,0],"11":[0,0],"12":[0,0],"13":[0,0],"14":[0,0],"15":[0,0],"16":[0,0],"17":[0,0],"18":[0,0],"19":[0,0],"20":[0,0],"21":[0,0],"22":[0,0],"23":[0,0],"24":[0,0],"25":[0,0],"26":[0,0],"27":[0,0],"28":[0,0],"29":[0,0],"30":[0,0],"31":[0,0],"32":[0,0],"33":[0,0],"34":[0,0]},"meta":{"lastBranch":35,"lastFunction":10,"lastStatement":32,"seen":{"f:10:9:10:24":0,"s:11:21:13:Infinity":0,"b:12:4:12:21:12:21:12:38:12:38:12:61:12:61:12:76:12:76:12:99:12:99:12:Infinity":0,"s:14:21:14:Infinity":1,"b:14:29:14:49:14:49:14:61":1,"s:15:28:15:Infinity":2,"b:15:36:15:66:15:66:15:91":2,"s:17:2:45:Infinity":3,"b:21:8:27:Infinity:28:8:28:Infinity":3,"b:22:18:22:35:22:35:22:Infinity":4,"b:23:18:23:35:23:35:23:Infinity":5,"b:24:15:24:29:24:29:24:Infinity":6,"b:25:16:25:31:25:31:25:Infinity":7,"b:26:30:26:44:26:44:26:47":8,"b:26:52:26:66:26:66:26:68":9,"b:30:8:33:Infinity:34:8:34:Infinity":10,"b:31:33:31:67:31:67:31:Infinity":11,"b:32:29:32:55:32:55:32:Infinity":12,"b:36:8:36:Infinity:37:8:37:Infinity":13,"b:38:20:38:45:38:45:38:Infinity":14,"b:42:10:42:Infinity:43:10:43:Infinity":15,"b:42:59:42:99:42:99:42:102":16,"f:48:9:48:25":1,"s:49:2:66:Infinity":4,"b:52:12:52:37:52:37:52:Infinity":17,"b:53:12:53:37:53:37:53:Infinity":18,"b:54:9:54:31:54:31:54:Infinity":19,"b:55:10:55:33:55:33:55:Infinity":20,"b:56:9:56:43:56:43:56:Infinity":21,"b:57:9:57:43:57:43:57:Infinity":22,"b:58:15:58:43:58:43:58:Infinity":23,"b:59:11:59:35:59:35:59:Infinity":24,"b:60:25:60:56:60:56:60:Infinity":25,"b:61:24:61:54:61:54:61:Infinity":26,"b:62:20:62:44:62:44:62:Infinity":27,"b:63:56:63:84:63:84:63:Infinity":28,"b:64:59:64:99:64:99:64:Infinity":29,"b:65:16:65:36:65:36:65:Infinity":30,"s:69:56:130:Infinity":5,"f:70:8:70:18":2,"s:71:20:71:Infinity":6,"s:72:4:72:Infinity":7,"f:75:8:75:17":3,"s:76:19:76:Infinity":8,"s:77:4:77:Infinity":9,"b:77:20:77:45:77:45:77:Infinity":31,"f:80:8:80:15":4,"s:81:17:81:Infinity":10,"s:82:20:91:Infinity":11,"f:82:46:82:53":5,"s:83:22:83:Infinity":12,"b:83:79:83:98:83:98:83:102":32,"s:84:6:89:Infinity":13,"s:90:6:90:Infinity":14,"s:92:4:92:Infinity":15,"f:95:8:95:15":6,"s:96:21:96:Infinity":16,"b:97:4:99:Infinity:undefined:undefined:undefined:undefined":33,"s:97:4:99:Infinity":17,"s:98:6:98:Infinity":18,"s:100:17:100:Infinity":19,"s:101:20:110:Infinity":20,"f:101:46:101:53":7,"s:102:22:102:Infinity":21,"s:103:6:108:Infinity":22,"s:109:6:109:Infinity":23,"s:111:4:111:Infinity":24,"f:114:8:114:15":8,"s:115:21:115:Infinity":25,"b:116:4:118:Infinity:undefined:undefined:undefined:undefined":34,"s:116:4:118:Infinity":26,"s:117:6:117:Infinity":27,"s:119:4:127:Infinity":28,"f:119:30:119:37":9,"s:120:6:120:Infinity":29,"s:121:6:126:Infinity":30,"s:128:4:128:Infinity":31},"fnNames":{}}}
,"/home/runner/work/visual-directory/visual-directory/backend/src/infrastructure/prisma/organization.repository.ts": {"path":"/home/runner/work/visual-directory/visual-directory/backend/src/infrastructure/prisma/organization.repository.ts","statementMap":{"0":{"start":{"line":11,"column":2},"end":{"line":17,"column":null}},"1":{"start":{"line":20,"column":68},"end":{"line":93,"column":null}},"2":{"start":{"line":22,"column":26},"end":{"line":22,"column":null}},"3":{"start":{"line":23,"column":4},"end":{"line":23,"column":null}},"4":{"start":{"line":27,"column":25},"end":{"line":27,"column":null}},"5":{"start":{"line":28,"column":4},"end":{"line":28,"column":null}},"6":{"start":{"line":32,"column":20},"end":{"line":48,"column":null}},"7":{"start":{"line":33,"column":22},"end":{"line":40,"column":null}},"8":{"start":{"line":41,"column":6},"end":{"line":46,"column":null}},"9":{"start":{"line":47,"column":6},"end":{"line":47,"column":null}},"10":{"start":{"line":49,"column":4},"end":{"line":49,"column":null}},"11":{"start":{"line":53,"column":21},"end":{"line":53,"column":null}},"12":{"start":{"line":54,"column":4},"end":{"line":56,"column":null}},"13":{"start":{"line":55,"column":6},"end":{"line":55,"column":null}},"14":{"start":{"line":57,"column":20},"end":{"line":73,"column":null}},"15":{"start":{"line":58,"column":22},"end":{"line":61,"column":null}},"16":{"start":{"line":62,"column":6},"end":{"line":71,"column":null}},"17":{"start":{"line":72,"column":6},"end":{"line":72,"column":null}},"18":{"start":{"line":74,"column":4},"end":{"line":74,"column":null}},"19":{"start":{"line":78,"column":21},"end":{"line":78,"column":null}},"20":{"start":{"line":79,"column":4},"end":{"line":81,"column":null}},"21":{"start":{"line":80,"column":6},"end":{"line":80,"column":null}},"22":{"start":{"line":82,"column":4},"end":{"line":90,"column":null}},"23":{"start":{"line":83,"column":6},"end":{"line":83,"column":null}},"24":{"start":{"line":84,"column":6},"end":{"line":89,"column":null}},"25":{"start":{"line":91,"column":4},"end":{"line":91,"column":null}}},"fnMap":{"0":{"name":"toDomainOrganization","decl":{"start":{"line":10,"column":9},"end":{"line":10,"column":30}},"loc":{"start":{"line":10,"column":78},"end":{"line":18,"column":null}},"line":10},"1":{"name":"findAll","decl":{"start":{"line":21,"column":8},"end":{"line":21,"column":18}},"loc":{"start":{"line":21,"column":18},"end":{"line":24,"column":null}},"line":21},"2":{"name":"findById","decl":{"start":{"line":26,"column":8},"end":{"line":26,"column":17}},"loc":{"start":{"line":26,"column":21},"end":{"line":29,"column":null}},"line":26},"3":{"name":"create","decl":{"start":{"line":31,"column":8},"end":{"line":31,"column":15}},"loc":{"start":{"line":31,"column":57},"end":{"line":50,"column":null}},"line":31},"4":{"name":"(anonymous_4)","decl":{"start":{"line":32,"column":46},"end":{"line":32,"column":53}},"loc":{"start":{"line":32,"column":86},"end":{"line":48,"column":5}},"line":32},"5":{"name":"update","decl":{"start":{"line":52,"column":8},"end":{"line":52,"column":15}},"loc":{"start":{"line":52,"column":42},"end":{"line":75,"column":null}},"line":52},"6":{"name":"(anonymous_6)","decl":{"start":{"line":57,"column":46},"end":{"line":57,"column":53}},"loc":{"start":{"line":57,"column":86},"end":{"line":73,"column":5}},"line":57},"7":{"name":"delete","decl":{"start":{"line":77,"column":8},"end":{"line":77,"column":15}},"loc":{"start":{"line":77,"column":35},"end":{"line":92,"column":null}},"line":77},"8":{"name":"(anonymous_8)","decl":{"start":{"line":82,"column":30},"end":{"line":82,"column":37}},"loc":{"start":{"line":82,"column":70},"end":{"line":90,"column":5}},"line":82}},"branchMap":{"0":{"loc":{"start":{"line":15,"column":14},"end":{"line":15,"column":null}},"type":"binary-expr","locations":[{"start":{"line":15,"column":14},"end":{"line":15,"column":39}},{"start":{"line":15,"column":39},"end":{"line":15,"column":null}}],"line":15},"1":{"loc":{"start":{"line":28,"column":11},"end":{"line":28,"column":null}},"type":"cond-expr","locations":[{"start":{"line":28,"column":26},"end":{"line":28,"column":63}},{"start":{"line":28,"column":63},"end":{"line":28,"column":null}}],"line":28},"2":{"loc":{"start":{"line":37,"column":20},"end":{"line":37,"column":null}},"type":"binary-expr","locations":[{"start":{"line":37,"column":20},"end":{"line":37,"column":38}},{"start":{"line":37,"column":38},"end":{"line":37,"column":null}}],"line":37},"3":{"loc":{"start":{"line":38,"column":14},"end":{"line":38,"column":null}},"type":"cond-expr","locations":[{"start":{"line":38,"column":25},"end":{"line":38,"column":44}},{"start":{"line":38,"column":44},"end":{"line":38,"column":null}}],"line":38},"4":{"loc":{"start":{"line":54,"column":4},"end":{"line":56,"column":null}},"type":"if","locations":[{"start":{"line":54,"column":4},"end":{"line":56,"column":null}},{"start":{},"end":{}}],"line":54},"5":{"loc":{"start":{"line":60,"column":62},"end":{"line":60,"column":85}},"type":"binary-expr","locations":[{"start":{"line":60,"column":62},"end":{"line":60,"column":80}},{"start":{"line":60,"column":80},"end":{"line":60,"column":85}}],"line":60},"6":{"loc":{"start":{"line":79,"column":4},"end":{"line":81,"column":null}},"type":"if","locations":[{"start":{"line":79,"column":4},"end":{"line":81,"column":null}},{"start":{},"end":{}}],"line":79}},"s":{"0":0,"1":0,"2":0,"3":0,"4":0,"5":0,"6":0,"7":0,"8":0,"9":0,"10":0,"11":0,"12":0,"13":0,"14":0,"15":0,"16":0,"17":0,"18":0,"19":0,"20":0,"21":0,"22":0,"23":0,"24":0,"25":0},"f":{"0":0,"1":0,"2":0,"3":0,"4":0,"5":0,"6":0,"7":0,"8":0},"b":{"0":[0,0],"1":[0,0],"2":[0,0],"3":[0,0],"4":[0,0],"5":[0,0],"6":[0,0]},"meta":{"lastBranch":7,"lastFunction":9,"lastStatement":26,"seen":{"f:10:9:10:30":0,"s:11:2:17:Infinity":0,"b:15:14:15:39:15:39:15:Infinity":0,"s:20:68:93:Infinity":1,"f:21:8:21:18":1,"s:22:26:22:Infinity":2,"s:23:4:23:Infinity":3,"f:26:8:26:17":2,"s:27:25:27:Infinity":4,"s:28:4:28:Infinity":5,"b:28:26:28:63:28:63:28:Infinity":1,"f:31:8:31:15":3,"s:32:20:48:Infinity":6,"f:32:46:32:53":4,"s:33:22:40:Infinity":7,"b:37:20:37:38:37:38:37:Infinity":2,"b:38:25:38:44:38:44:38:Infinity":3,"s:41:6:46:Infinity":8,"s:47:6:47:Infinity":9,"s:49:4:49:Infinity":10,"f:52:8:52:15":5,"s:53:21:53:Infinity":11,"b:54:4:56:Infinity:undefined:undefined:undefined:undefined":4,"s:54:4:56:Infinity":12,"s:55:6:55:Infinity":13,"s:57:20:73:Infinity":14,"f:57:46:57:53":6,"s:58:22:61:Infinity":15,"b:60:62:60:80:60:80:60:85":5,"s:62:6:71:Infinity":16,"s:72:6:72:Infinity":17,"s:74:4:74:Infinity":18,"f:77:8:77:15":7,"s:78:21:78:Infinity":19,"b:79:4:81:Infinity:undefined:undefined:undefined:undefined":6,"s:79:4:81:Infinity":20,"s:80:6:80:Infinity":21,"s:82:4:90:Infinity":22,"f:82:30:82:37":8,"s:83:6:83:Infinity":23,"s:84:6:89:Infinity":24,"s:91:4:91:Infinity":25},"fnNames":{}}}
,"/home/runner/work/visual-directory/visual-directory/backend/src/infrastructure/prisma/prisma-client.ts": {"path":"/home/runner/work/visual-directory/visual-directory/backend/src/infrastructure/prisma/prisma-client.ts","statementMap":{"0":{"start":{"line":3,"column":22},"end":{"line":3,"column":null}}},"fnMap":{},"branchMap":{},"s":{"0":0},"f":{},"b":{},"meta":{"lastBranch":0,"lastFunction":0,"lastStatement":1,"seen":{"s:3:22:3:Infinity":0},"fnNames":{}}}
,"/home/runner/work/visual-directory/visual-directory/backend/src/ports/http/app.ts": {"path":"/home/runner/work/visual-directory/visual-directory/backend/src/ports/http/app.ts","statementMap":{"0":{"start":{"line":13,"column":8},"end":{"line":13,"column":null}},"1":{"start":{"line":19,"column":2},"end":{"line":19,"column":null}},"2":{"start":{"line":20,"column":2},"end":{"line":20,"column":null}},"3":{"start":{"line":26,"column":2},"end":{"line":26,"column":null}},"4":{"start":{"line":27,"column":2},"end":{"line":27,"column":null}},"5":{"start":{"line":28,"column":2},"end":{"line":28,"column":null}},"6":{"start":{"line":30,"column":2},"end":{"line":30,"column":null}},"7":{"start":{"line":30,"column":36},"end":{"line":30,"column":58}},"8":{"start":{"line":31,"column":2},"end":{"line":31,"column":null}},"9":{"start":{"line":32,"column":2},"end":{"line":32,"column":null}},"10":{"start":{"line":33,"column":2},"end":{"line":33,"column":null}},"11":{"start":{"line":35,"column":2},"end":{"line":35,"column":null}},"12":{"start":{"line":37,"column":2},"end":{"line":37,"column":null}}},"fnMap":{"0":{"name":"createApp","decl":{"start":{"line":12,"column":16},"end":{"line":12,"column":26}},"loc":{"start":{"line":12,"column":41},"end":{"line":38,"column":null}},"line":12},"1":{"name":"(anonymous_1)","decl":{"start":{"line":30,"column":21},"end":{"line":30,"column":22}},"loc":{"start":{"line":30,"column":36},"end":{"line":30,"column":58}},"line":30}},"branchMap":{"0":{"loc":{"start":{"line":27,"column":25},"end":{"line":27,"column":78}},"type":"binary-expr","locations":[{"start":{"line":27,"column":25},"end":{"line":27,"column":54}},{"start":{"line":27,"column":54},"end":{"line":27,"column":78}}],"line":27}},"s":{"0":0,"1":0,"2":0,"3":0,"4":0,"5":0,"6":0,"7":0,"8":0,"9":0,"10":0,"11":0,"12":0},"f":{"0":0,"1":0},"b":{"0":[0,0]},"meta":{"lastBranch":1,"lastFunction":2,"lastStatement":13,"seen":{"f:12:16:12:26":0,"s:13:8:13:Infinity":0,"s:19:2:19:Infinity":1,"s:20:2:20:Infinity":2,"s:26:2:26:Infinity":3,"s:27:2:27:Infinity":4,"b:27:25:27:54:27:54:27:78":0,"s:28:2:28:Infinity":5,"s:30:2:30:Infinity":6,"f:30:21:30:22":1,"s:30:36:30:58":7,"s:31:2:31:Infinity":8,"s:32:2:32:Infinity":9,"s:33:2:33:Infinity":10,"s:35:2:35:Infinity":11,"s:37:2:37:Infinity":12},"fnNames":{}}}
,"/home/runner/work/visual-directory/visual-directory/backend/src/ports/http/lib/async-handler.ts": {"path":"/home/runner/work/visual-directory/visual-directory/backend/src/ports/http/lib/async-handler.ts","statementMap":{"0":{"start":{"line":10,"column":2},"end":{"line":12,"column":null}},"1":{"start":{"line":11,"column":4},"end":{"line":11,"column":null}}},"fnMap":{"0":{"name":"asyncHandler","decl":{"start":{"line":7,"column":16},"end":{"line":7,"column":null}},"loc":{"start":{"line":9,"column":18},"end":{"line":13,"column":null}},"line":9},"1":{"name":"(anonymous_1)","decl":{"start":{"line":10,"column":9},"end":{"line":10,"column":10}},"loc":{"start":{"line":10,"column":29},"end":{"line":12,"column":null}},"line":10}},"branchMap":{},"s":{"0":0,"1":0},"f":{"0":0,"1":0},"b":{},"meta":{"lastBranch":0,"lastFunction":2,"lastStatement":2,"seen":{"f:7:16:7:Infinity":0,"s:10:2:12:Infinity":0,"f:10:9:10:10":1,"s:11:4:11:Infinity":1},"fnNames":{}}}
,"/home/runner/work/visual-directory/visual-directory/backend/src/ports/http/middleware/error-handler.ts": {"path":"/home/runner/work/visual-directory/visual-directory/backend/src/ports/http/middleware/error-handler.ts","statementMap":{"0":{"start":{"line":8,"column":2},"end":{"line":17,"column":null}},"1":{"start":{"line":9,"column":4},"end":{"line":12,"column":null}},"2":{"start":{"line":10,"column":6},"end":{"line":10,"column":null}},"3":{"start":{"line":11,"column":6},"end":{"line":11,"column":null}},"4":{"start":{"line":13,"column":4},"end":{"line":16,"column":null}},"5":{"start":{"line":14,"column":6},"end":{"line":14,"column":null}},"6":{"start":{"line":15,"column":6},"end":{"line":15,"column":null}},"7":{"start":{"line":19,"column":2},"end":{"line":19,"column":null}},"8":{"start":{"line":20,"column":2},"end":{"line":20,"column":null}}},"fnMap":{"0":{"name":"errorHandler","decl":{"start":{"line":7,"column":16},"end":{"line":7,"column":29}},"loc":{"start":{"line":7,"column":94},"end":{"line":21,"column":null}},"line":7}},"branchMap":{"0":{"loc":{"start":{"line":8,"column":2},"end":{"line":17,"column":null}},"type":"if","locations":[{"start":{"line":8,"column":2},"end":{"line":17,"column":null}},{"start":{},"end":{}}],"line":8},"1":{"loc":{"start":{"line":9,"column":4},"end":{"line":12,"column":null}},"type":"if","locations":[{"start":{"line":9,"column":4},"end":{"line":12,"column":null}},{"start":{},"end":{}}],"line":9},"2":{"loc":{"start":{"line":13,"column":4},"end":{"line":16,"column":null}},"type":"if","locations":[{"start":{"line":13,"column":4},"end":{"line":16,"column":null}},{"start":{},"end":{}}],"line":13}},"s":{"0":0,"1":0,"2":0,"3":0,"4":0,"5":0,"6":0,"7":0,"8":0},"f":{"0":0},"b":{"0":[0,0],"1":[0,0],"2":[0,0]},"meta":{"lastBranch":3,"lastFunction":1,"lastStatement":9,"seen":{"f:7:16:7:29":0,"b:8:2:17:Infinity:undefined:undefined:undefined:undefined":0,"s:8:2:17:Infinity":0,"b:9:4:12:Infinity:undefined:undefined:undefined:undefined":1,"s:9:4:12:Infinity":1,"s:10:6:10:Infinity":2,"s:11:6:11:Infinity":3,"b:13:4:16:Infinity:undefined:undefined:undefined:undefined":2,"s:13:4:16:Infinity":4,"s:14:6:14:Infinity":5,"s:15:6:15:Infinity":6,"s:19:2:19:Infinity":7,"s:20:2:20:Infinity":8},"fnNames":{}}}
,"/home/runner/work/visual-directory/visual-directory/backend/src/ports/http/middleware/rate-limit.ts": {"path":"/home/runner/work/visual-directory/visual-directory/backend/src/ports/http/middleware/rate-limit.ts","statementMap":{"0":{"start":{"line":11,"column":13},"end":{"line":17,"column":null}},"1":{"start":{"line":23,"column":13},"end":{"line":29,"column":null}}},"fnMap":{},"branchMap":{},"s":{"0":0,"1":0},"f":{},"b":{},"meta":{"lastBranch":0,"lastFunction":0,"lastStatement":2,"seen":{"s:11:13:17:Infinity":0,"s:23:13:29:Infinity":1},"fnNames":{}}}
,"/home/runner/work/visual-directory/visual-directory/backend/src/ports/http/middleware/request-logger.ts": {"path":"/home/runner/work/visual-directory/visual-directory/backend/src/ports/http/middleware/request-logger.ts","statementMap":{"0":{"start":{"line":3,"column":45},"end":{"line":9,"column":null}},"1":{"start":{"line":4,"column":16},"end":{"line":4,"column":null}},"2":{"start":{"line":5,"column":2},"end":{"line":7,"column":null}},"3":{"start":{"line":6,"column":4},"end":{"line":6,"column":null}},"4":{"start":{"line":8,"column":2},"end":{"line":8,"column":null}}},"fnMap":{"0":{"name":"(anonymous_0)","decl":{"start":{"line":3,"column":45},"end":{"line":3,"column":46}},"loc":{"start":{"line":3,"column":65},"end":{"line":9,"column":null}},"line":3},"1":{"name":"(anonymous_1)","decl":{"start":{"line":5,"column":19},"end":{"line":5,"column":25}},"loc":{"start":{"line":5,"column":25},"end":{"line":7,"column":3}},"line":5}},"branchMap":{},"s":{"0":1,"1":2,"2":2,"3":2,"4":2},"f":{"0":2,"1":2},"b":{},"meta":{"lastBranch":0,"lastFunction":2,"lastStatement":5,"seen":{"s:3:45:9:Infinity":0,"f:3:45:3:46":0,"s:4:16:4:Infinity":1,"s:5:2:7:Infinity":2,"f:5:19:5:25":1,"s:6:4:6:Infinity":3,"s:8:2:8:Infinity":4},"fnNames":{}}}
,"/home/runner/work/visual-directory/visual-directory/backend/src/ports/http/middleware/require-auth.ts": {"path":"/home/runner/work/visual-directory/visual-directory/backend/src/ports/http/middleware/require-auth.ts","statementMap":{"0":{"start":{"line":17,"column":2},"end":{"line":51,"column":null}},"1":{"start":{"line":18,"column":19},"end":{"line":18,"column":null}},"2":{"start":{"line":19,"column":18},"end":{"line":19,"column":null}},"3":{"start":{"line":21,"column":4},"end":{"line":24,"column":null}},"4":{"start":{"line":22,"column":6},"end":{"line":22,"column":null}},"5":{"start":{"line":23,"column":6},"end":{"line":23,"column":null}},"6":{"start":{"line":27,"column":4},"end":{"line":32,"column":null}},"7":{"start":{"line":28,"column":6},"end":{"line":28,"column":null}},"8":{"start":{"line":30,"column":6},"end":{"line":30,"column":null}},"9":{"start":{"line":31,"column":6},"end":{"line":31,"column":null}},"10":{"start":{"line":43,"column":20},"end":{"line":43,"column":null}},"11":{"start":{"line":44,"column":4},"end":{"line":47,"column":null}},"12":{"start":{"line":45,"column":6},"end":{"line":45,"column":null}},"13":{"start":{"line":46,"column":6},"end":{"line":46,"column":null}},"14":{"start":{"line":49,"column":4},"end":{"line":49,"column":null}},"15":{"start":{"line":50,"column":4},"end":{"line":50,"column":null}}},"fnMap":{"0":{"name":"createRequireAuth","decl":{"start":{"line":16,"column":16},"end":{"line":16,"column":34}},"loc":{"start":{"line":16,"column":114},"end":{"line":52,"column":null}},"line":16},"1":{"name":"(anonymous_1)","decl":{"start":{"line":17,"column":22},"end":{"line":17,"column":29}},"loc":{"start":{"line":17,"column":48},"end":{"line":51,"column":3}},"line":17}},"branchMap":{"0":{"loc":{"start":{"line":19,"column":18},"end":{"line":19,"column":null}},"type":"cond-expr","locations":[{"start":{"line":19,"column":50},"end":{"line":19,"column":83}},{"start":{"line":19,"column":83},"end":{"line":19,"column":null}}],"line":19},"1":{"loc":{"start":{"line":21,"column":4},"end":{"line":24,"column":null}},"type":"if","locations":[{"start":{"line":21,"column":4},"end":{"line":24,"column":null}},{"start":{},"end":{}}],"line":21},"2":{"loc":{"start":{"line":44,"column":4},"end":{"line":47,"column":null}},"type":"if","locations":[{"start":{"line":44,"column":4},"end":{"line":47,"column":null}},{"start":{},"end":{}}],"line":44}},"s":{"0":0,"1":0,"2":0,"3":0,"4":0,"5":0,"6":0,"7":0,"8":0,"9":0,"10":0,"11":0,"12":0,"13":0,"14":0,"15":0},"f":{"0":0,"1":0},"b":{"0":[0,0],"1":[0,0],"2":[0,0]},"meta":{"lastBranch":3,"lastFunction":2,"lastStatement":16,"seen":{"f:16:16:16:34":0,"s:17:2:51:Infinity":0,"f:17:22:17:29":1,"s:18:19:18:Infinity":1,"s:19:18:19:Infinity":2,"b:19:50:19:83:19:83:19:Infinity":0,"b:21:4:24:Infinity:undefined:undefined:undefined:undefined":1,"s:21:4:24:Infinity":3,"s:22:6:22:Infinity":4,"s:23:6:23:Infinity":5,"s:27:4:32:Infinity":6,"s:28:6:28:Infinity":7,"s:30:6:30:Infinity":8,"s:31:6:31:Infinity":9,"s:43:20:43:Infinity":10,"b:44:4:47:Infinity:undefined:undefined:undefined:undefined":2,"s:44:4:47:Infinity":11,"s:45:6:45:Infinity":12,"s:46:6:46:Infinity":13,"s:49:4:49:Infinity":14,"s:50:4:50:Infinity":15},"fnNames":{}}}
,"/home/runner/work/visual-directory/visual-directory/backend/src/ports/http/middleware/require-role.ts": {"path":"/home/runner/work/visual-directory/visual-directory/backend/src/ports/http/middleware/require-role.ts","statementMap":{"0":{"start":{"line":5,"column":2},"end":{"line":11,"column":null}},"1":{"start":{"line":6,"column":4},"end":{"line":9,"column":null}},"2":{"start":{"line":7,"column":6},"end":{"line":7,"column":null}},"3":{"start":{"line":8,"column":6},"end":{"line":8,"column":null}},"4":{"start":{"line":10,"column":4},"end":{"line":10,"column":null}}},"fnMap":{"0":{"name":"requireRole","decl":{"start":{"line":4,"column":16},"end":{"line":4,"column":28}},"loc":{"start":{"line":4,"column":40},"end":{"line":12,"column":null}},"line":4},"1":{"name":"(anonymous_1)","decl":{"start":{"line":5,"column":9},"end":{"line":5,"column":10}},"loc":{"start":{"line":5,"column":62},"end":{"line":11,"column":null}},"line":5}},"branchMap":{"0":{"loc":{"start":{"line":6,"column":4},"end":{"line":9,"column":null}},"type":"if","locations":[{"start":{"line":6,"column":4},"end":{"line":9,"column":null}},{"start":{},"end":{}}],"line":6}},"s":{"0":0,"1":0,"2":0,"3":0,"4":0},"f":{"0":0,"1":0},"b":{"0":[0,0]},"meta":{"lastBranch":1,"lastFunction":2,"lastStatement":5,"seen":{"f:4:16:4:28":0,"s:5:2:11:Infinity":0,"f:5:9:5:10":1,"b:6:4:9:Infinity:undefined:undefined:undefined:undefined":0,"s:6:4:9:Infinity":1,"s:7:6:7:Infinity":2,"s:8:6:8:Infinity":3,"s:10:4:10:Infinity":4},"fnNames":{}}}
,"/home/runner/work/visual-directory/visual-directory/backend/src/ports/http/middleware/validate-body.ts": {"path":"/home/runner/work/visual-directory/visual-directory/backend/src/ports/http/middleware/validate-body.ts","statementMap":{"0":{"start":{"line":9,"column":2},"end":{"line":20,"column":null}},"1":{"start":{"line":10,"column":19},"end":{"line":10,"column":null}},"2":{"start":{"line":11,"column":4},"end":{"line":17,"column":null}},"3":{"start":{"line":12,"column":6},"end":{"line":15,"column":null}},"4":{"start":{"line":14,"column":52},"end":{"line":14,"column":107}},"5":{"start":{"line":16,"column":6},"end":{"line":16,"column":null}},"6":{"start":{"line":18,"column":4},"end":{"line":18,"column":null}},"7":{"start":{"line":19,"column":4},"end":{"line":19,"column":null}}},"fnMap":{"0":{"name":"validateBody","decl":{"start":{"line":8,"column":16},"end":{"line":8,"column":29}},"loc":{"start":{"line":8,"column":46},"end":{"line":21,"column":null}},"line":8},"1":{"name":"(anonymous_1)","decl":{"start":{"line":9,"column":9},"end":{"line":9,"column":10}},"loc":{"start":{"line":9,"column":62},"end":{"line":20,"column":null}},"line":9},"2":{"name":"(anonymous_2)","decl":{"start":{"line":14,"column":40},"end":{"line":14,"column":41}},"loc":{"start":{"line":14,"column":52},"end":{"line":14,"column":107}},"line":14}},"branchMap":{"0":{"loc":{"start":{"line":11,"column":4},"end":{"line":17,"column":null}},"type":"if","locations":[{"start":{"line":11,"column":4},"end":{"line":17,"column":null}},{"start":{},"end":{}}],"line":11}},"s":{"0":0,"1":0,"2":0,"3":0,"4":0,"5":0,"6":0,"7":0},"f":{"0":0,"1":0,"2":0},"b":{"0":[0,0]},"meta":{"lastBranch":1,"lastFunction":3,"lastStatement":8,"seen":{"f:8:16:8:29":0,"s:9:2:20:Infinity":0,"f:9:9:9:10":1,"s:10:19:10:Infinity":1,"b:11:4:17:Infinity:undefined:undefined:undefined:undefined":0,"s:11:4:17:Infinity":2,"s:12:6:15:Infinity":3,"f:14:40:14:41":2,"s:14:52:14:107":4,"s:16:6:16:Infinity":5,"s:18:4:18:Infinity":6,"s:19:4:19:Infinity":7},"fnNames":{}}}
,"/home/runner/work/visual-directory/visual-directory/backend/src/ports/http/routes/auth.routes.ts": {"path":"/home/runner/work/visual-directory/visual-directory/backend/src/ports/http/routes/auth.routes.ts","statementMap":{"0":{"start":{"line":36,"column":8},"end":{"line":36,"column":null}},"1":{"start":{"line":37,"column":8},"end":{"line":37,"column":null}},"2":{"start":{"line":38,"column":8},"end":{"line":38,"column":null}},"3":{"start":{"line":39,"column":8},"end":{"line":39,"column":null}},"4":{"start":{"line":40,"column":8},"end":{"line":40,"column":null}},"5":{"start":{"line":42,"column":2},"end":{"line":59,"column":null}},"6":{"start":{"line":47,"column":24},"end":{"line":47,"column":null}},"7":{"start":{"line":49,"column":6},"end":{"line":57,"column":null}},"8":{"start":{"line":50,"column":8},"end":{"line":50,"column":null}},"9":{"start":{"line":52,"column":8},"end":{"line":55,"column":null}},"10":{"start":{"line":53,"column":10},"end":{"line":53,"column":null}},"11":{"start":{"line":54,"column":10},"end":{"line":54,"column":null}},"12":{"start":{"line":56,"column":8},"end":{"line":56,"column":null}},"13":{"start":{"line":61,"column":2},"end":{"line":75,"column":null}},"14":{"start":{"line":66,"column":24},"end":{"line":66,"column":null}},"15":{"start":{"line":68,"column":21},"end":{"line":68,"column":null}},"16":{"start":{"line":69,"column":6},"end":{"line":72,"column":null}},"17":{"start":{"line":70,"column":8},"end":{"line":70,"column":null}},"18":{"start":{"line":71,"column":8},"end":{"line":71,"column":null}},"19":{"start":{"line":73,"column":6},"end":{"line":73,"column":null}},"20":{"start":{"line":77,"column":2},"end":{"line":79,"column":null}},"21":{"start":{"line":78,"column":4},"end":{"line":78,"column":null}},"22":{"start":{"line":81,"column":2},"end":{"line":104,"column":null}},"23":{"start":{"line":87,"column":40},"end":{"line":87,"column":null}},"24":{"start":{"line":89,"column":6},"end":{"line":102,"column":null}},"25":{"start":{"line":90,"column":24},"end":{"line":90,"column":null}},"26":{"start":{"line":91,"column":8},"end":{"line":91,"column":null}},"27":{"start":{"line":93,"column":8},"end":{"line":96,"column":null}},"28":{"start":{"line":94,"column":10},"end":{"line":94,"column":null}},"29":{"start":{"line":95,"column":10},"end":{"line":95,"column":null}},"30":{"start":{"line":97,"column":8},"end":{"line":100,"column":null}},"31":{"start":{"line":98,"column":10},"end":{"line":98,"column":null}},"32":{"start":{"line":99,"column":10},"end":{"line":99,"column":null}},"33":{"start":{"line":101,"column":8},"end":{"line":101,"column":null}},"34":{"start":{"line":106,"column":2},"end":{"line":114,"column":null}},"35":{"start":{"line":111,"column":23},"end":{"line":111,"column":null}},"36":{"start":{"line":112,"column":6},"end":{"line":112,"column":null}},"37":{"start":{"line":116,"column":2},"end":{"line":142,"column":null}},"38":{"start":{"line":122,"column":33},"end":{"line":122,"column":null}},"39":{"start":{"line":124,"column":6},"end":{"line":140,"column":null}},"40":{"start":{"line":125,"column":24},"end":{"line":128,"column":null}},"41":{"start":{"line":129,"column":8},"end":{"line":129,"column":null}},"42":{"start":{"line":131,"column":8},"end":{"line":134,"column":null}},"43":{"start":{"line":132,"column":10},"end":{"line":132,"column":null}},"44":{"start":{"line":133,"column":10},"end":{"line":133,"column":null}},"45":{"start":{"line":135,"column":8},"end":{"line":138,"column":null}},"46":{"start":{"line":136,"column":10},"end":{"line":136,"column":null}},"47":{"start":{"line":137,"column":10},"end":{"line":137,"column":null}},"48":{"start":{"line":139,"column":8},"end":{"line":139,"column":null}},"49":{"start":{"line":144,"column":2},"end":{"line":144,"column":null}}},"fnMap":{"0":{"name":"createAuthRouter","decl":{"start":{"line":35,"column":16},"end":{"line":35,"column":33}},"loc":{"start":{"line":35,"column":63},"end":{"line":145,"column":null}},"line":35},"1":{"name":"(anonymous_1)","decl":{"start":{"line":46,"column":17},"end":{"line":46,"column":24}},"loc":{"start":{"line":46,"column":37},"end":{"line":58,"column":5}},"line":46},"2":{"name":"(anonymous_2)","decl":{"start":{"line":65,"column":17},"end":{"line":65,"column":24}},"loc":{"start":{"line":65,"column":37},"end":{"line":74,"column":5}},"line":65},"3":{"name":"(anonymous_3)","decl":{"start":{"line":77,"column":38},"end":{"line":77,"column":39}},"loc":{"start":{"line":77,"column":52},"end":{"line":79,"column":3}},"line":77},"4":{"name":"(anonymous_4)","decl":{"start":{"line":86,"column":17},"end":{"line":86,"column":24}},"loc":{"start":{"line":86,"column":37},"end":{"line":103,"column":5}},"line":86},"5":{"name":"(anonymous_5)","decl":{"start":{"line":110,"column":17},"end":{"line":110,"column":24}},"loc":{"start":{"line":110,"column":38},"end":{"line":113,"column":5}},"line":110},"6":{"name":"(anonymous_6)","decl":{"start":{"line":121,"column":17},"end":{"line":121,"column":24}},"loc":{"start":{"line":121,"column":37},"end":{"line":141,"column":5}},"line":121}},"branchMap":{"0":{"loc":{"start":{"line":52,"column":8},"end":{"line":55,"column":null}},"type":"if","locations":[{"start":{"line":52,"column":8},"end":{"line":55,"column":null}},{"start":{},"end":{}}],"line":52},"1":{"loc":{"start":{"line":69,"column":6},"end":{"line":72,"column":null}},"type":"if","locations":[{"start":{"line":69,"column":6},"end":{"line":72,"column":null}},{"start":{},"end":{}}],"line":69},"2":{"loc":{"start":{"line":93,"column":8},"end":{"line":96,"column":null}},"type":"if","locations":[{"start":{"line":93,"column":8},"end":{"line":96,"column":null}},{"start":{},"end":{}}],"line":93},"3":{"loc":{"start":{"line":93,"column":12},"end":{"line":93,"column":93}},"type":"binary-expr","locations":[{"start":{"line":93,"column":12},"end":{"line":93,"column":52}},{"start":{"line":93,"column":52},"end":{"line":93,"column":93}}],"line":93},"4":{"loc":{"start":{"line":97,"column":8},"end":{"line":100,"column":null}},"type":"if","locations":[{"start":{"line":97,"column":8},"end":{"line":100,"column":null}},{"start":{},"end":{}}],"line":97},"5":{"loc":{"start":{"line":131,"column":8},"end":{"line":134,"column":null}},"type":"if","locations":[{"start":{"line":131,"column":8},"end":{"line":134,"column":null}},{"start":{},"end":{}}],"line":131},"6":{"loc":{"start":{"line":135,"column":8},"end":{"line":138,"column":null}},"type":"if","locations":[{"start":{"line":135,"column":8},"end":{"line":138,"column":null}},{"start":{},"end":{}}],"line":135},"7":{"loc":{"start":{"line":135,"column":12},"end":{"line":135,"column":87}},"type":"binary-expr","locations":[{"start":{"line":135,"column":12},"end":{"line":135,"column":50}},{"start":{"line":135,"column":50},"end":{"line":135,"column":87}}],"line":135}},"s":{"0":0,"1":0,"2":0,"3":0,"4":0,"5":0,"6":0,"7":0,"8":0,"9":0,"10":0,"11":0,"12":0,"13":0,"14":0,"15":0,"16":0,"17":0,"18":0,"19":0,"20":0,"21":0,"22":0,"23":0,"24":0,"25":0,"26":0,"27":0,"28":0,"29":0,"30":0,"31":0,"32":0,"33":0,"34":0,"35":0,"36":0,"37":0,"38":0,"39":0,"40":0,"41":0,"42":0,"43":0,"44":0,"45":0,"46":0,"47":0,"48":0,"49":0},"f":{"0":0,"1":0,"2":0,"3":0,"4":0,"5":0,"6":0},"b":{"0":[0,0],"1":[0,0],"2":[0,0],"3":[0,0],"4":[0,0],"5":[0,0],"6":[0,0],"7":[0,0]},"meta":{"lastBranch":8,"lastFunction":7,"lastStatement":50,"seen":{"f:35:16:35:33":0,"s:36:8:36:Infinity":0,"s:37:8:37:Infinity":1,"s:38:8:38:Infinity":2,"s:39:8:39:Infinity":3,"s:40:8:40:Infinity":4,"s:42:2:59:Infinity":5,"f:46:17:46:24":1,"s:47:24:47:Infinity":6,"s:49:6:57:Infinity":7,"s:50:8:50:Infinity":8,"b:52:8:55:Infinity:undefined:undefined:undefined:undefined":0,"s:52:8:55:Infinity":9,"s:53:10:53:Infinity":10,"s:54:10:54:Infinity":11,"s:56:8:56:Infinity":12,"s:61:2:75:Infinity":13,"f:65:17:65:24":2,"s:66:24:66:Infinity":14,"s:68:21:68:Infinity":15,"b:69:6:72:Infinity:undefined:undefined:undefined:undefined":1,"s:69:6:72:Infinity":16,"s:70:8:70:Infinity":17,"s:71:8:71:Infinity":18,"s:73:6:73:Infinity":19,"s:77:2:79:Infinity":20,"f:77:38:77:39":3,"s:78:4:78:Infinity":21,"s:81:2:104:Infinity":22,"f:86:17:86:24":4,"s:87:40:87:Infinity":23,"s:89:6:102:Infinity":24,"s:90:24:90:Infinity":25,"s:91:8:91:Infinity":26,"b:93:8:96:Infinity:undefined:undefined:undefined:undefined":2,"s:93:8:96:Infinity":27,"b:93:12:93:52:93:52:93:93":3,"s:94:10:94:Infinity":28,"s:95:10:95:Infinity":29,"b:97:8:100:Infinity:undefined:undefined:undefined:undefined":4,"s:97:8:100:Infinity":30,"s:98:10:98:Infinity":31,"s:99:10:99:Infinity":32,"s:101:8:101:Infinity":33,"s:106:2:114:Infinity":34,"f:110:17:110:24":5,"s:111:23:111:Infinity":35,"s:112:6:112:Infinity":36,"s:116:2:142:Infinity":37,"f:121:17:121:24":6,"s:122:33:122:Infinity":38,"s:124:6:140:Infinity":39,"s:125:24:128:Infinity":40,"s:129:8:129:Infinity":41,"b:131:8:134:Infinity:undefined:undefined:undefined:undefined":5,"s:131:8:134:Infinity":42,"s:132:10:132:Infinity":43,"s:133:10:133:Infinity":44,"b:135:8:138:Infinity:undefined:undefined:undefined:undefined":6,"s:135:8:138:Infinity":45,"b:135:12:135:50:135:50:135:87":7,"s:136:10:136:Infinity":46,"s:137:10:137:Infinity":47,"s:139:8:139:Infinity":48,"s:144:2:144:Infinity":49},"fnNames":{}}}
,"/home/runner/work/visual-directory/visual-directory/backend/src/ports/http/routes/member.routes.ts": {"path":"/home/runner/work/visual-directory/visual-directory/backend/src/ports/http/routes/member.routes.ts","statementMap":{"0":{"start":{"line":15,"column":8},"end":{"line":15,"column":null}},"1":{"start":{"line":17,"column":2},"end":{"line":24,"column":null}},"2":{"start":{"line":21,"column":22},"end":{"line":21,"column":null}},"3":{"start":{"line":22,"column":6},"end":{"line":22,"column":null}},"4":{"start":{"line":26,"column":2},"end":{"line":36,"column":null}},"5":{"start":{"line":32,"column":20},"end":{"line":32,"column":null}},"6":{"start":{"line":33,"column":21},"end":{"line":33,"column":null}},"7":{"start":{"line":34,"column":6},"end":{"line":34,"column":null}},"8":{"start":{"line":38,"column":2},"end":{"line":56,"column":null}},"9":{"start":{"line":43,"column":21},"end":{"line":43,"column":null}},"10":{"start":{"line":44,"column":6},"end":{"line":47,"column":null}},"11":{"start":{"line":45,"column":8},"end":{"line":45,"column":null}},"12":{"start":{"line":46,"column":8},"end":{"line":46,"column":null}},"13":{"start":{"line":48,"column":20},"end":{"line":48,"column":null}},"14":{"start":{"line":49,"column":21},"end":{"line":49,"column":null}},"15":{"start":{"line":50,"column":6},"end":{"line":53,"column":null}},"16":{"start":{"line":51,"column":8},"end":{"line":51,"column":null}},"17":{"start":{"line":52,"column":8},"end":{"line":52,"column":null}},"18":{"start":{"line":54,"column":6},"end":{"line":54,"column":null}},"19":{"start":{"line":58,"column":2},"end":{"line":71,"column":null}},"20":{"start":{"line":63,"column":21},"end":{"line":63,"column":null}},"21":{"start":{"line":64,"column":22},"end":{"line":64,"column":null}},"22":{"start":{"line":65,"column":6},"end":{"line":68,"column":null}},"23":{"start":{"line":66,"column":8},"end":{"line":66,"column":null}},"24":{"start":{"line":67,"column":8},"end":{"line":67,"column":null}},"25":{"start":{"line":69,"column":6},"end":{"line":69,"column":null}},"26":{"start":{"line":73,"column":2},"end":{"line":73,"column":null}}},"fnMap":{"0":{"name":"createMemberRouter","decl":{"start":{"line":14,"column":16},"end":{"line":14,"column":35}},"loc":{"start":{"line":14,"column":96},"end":{"line":74,"column":null}},"line":14},"1":{"name":"(anonymous_1)","decl":{"start":{"line":20,"column":17},"end":{"line":20,"column":24}},"loc":{"start":{"line":20,"column":38},"end":{"line":23,"column":5}},"line":20},"2":{"name":"(anonymous_2)","decl":{"start":{"line":31,"column":17},"end":{"line":31,"column":24}},"loc":{"start":{"line":31,"column":37},"end":{"line":35,"column":5}},"line":31},"3":{"name":"(anonymous_3)","decl":{"start":{"line":42,"column":17},"end":{"line":42,"column":24}},"loc":{"start":{"line":42,"column":37},"end":{"line":55,"column":5}},"line":42},"4":{"name":"(anonymous_4)","decl":{"start":{"line":62,"column":17},"end":{"line":62,"column":24}},"loc":{"start":{"line":62,"column":37},"end":{"line":70,"column":5}},"line":62}},"branchMap":{"0":{"loc":{"start":{"line":44,"column":6},"end":{"line":47,"column":null}},"type":"if","locations":[{"start":{"line":44,"column":6},"end":{"line":47,"column":null}},{"start":{},"end":{}}],"line":44},"1":{"loc":{"start":{"line":44,"column":10},"end":{"line":44,"column":74}},"type":"binary-expr","locations":[{"start":{"line":44,"column":10},"end":{"line":44,"column":44}},{"start":{"line":44,"column":44},"end":{"line":44,"column":74}}],"line":44},"2":{"loc":{"start":{"line":50,"column":6},"end":{"line":53,"column":null}},"type":"if","locations":[{"start":{"line":50,"column":6},"end":{"line":53,"column":null}},{"start":{},"end":{}}],"line":50},"3":{"loc":{"start":{"line":65,"column":6},"end":{"line":68,"column":null}},"type":"if","locations":[{"start":{"line":65,"column":6},"end":{"line":68,"column":null}},{"start":{},"end":{}}],"line":65}},"s":{"0":0,"1":0,"2":0,"3":0,"4":0,"5":0,"6":0,"7":0,"8":0,"9":0,"10":0,"11":0,"12":0,"13":0,"14":0,"15":0,"16":0,"17":0,"18":0,"19":0,"20":0,"21":0,"22":0,"23":0,"24":0,"25":0,"26":0},"f":{"0":0,"1":0,"2":0,"3":0,"4":0},"b":{"0":[0,0],"1":[0,0],"2":[0,0],"3":[0,0]},"meta":{"lastBranch":4,"lastFunction":5,"lastStatement":27,"seen":{"f:14:16:14:35":0,"s:15:8:15:Infinity":0,"s:17:2:24:Infinity":1,"f:20:17:20:24":1,"s:21:22:21:Infinity":2,"s:22:6:22:Infinity":3,"s:26:2:36:Infinity":4,"f:31:17:31:24":2,"s:32:20:32:Infinity":5,"s:33:21:33:Infinity":6,"s:34:6:34:Infinity":7,"s:38:2:56:Infinity":8,"f:42:17:42:24":3,"s:43:21:43:Infinity":9,"b:44:6:47:Infinity:undefined:undefined:undefined:undefined":0,"s:44:6:47:Infinity":10,"b:44:10:44:44:44:44:44:74":1,"s:45:8:45:Infinity":11,"s:46:8:46:Infinity":12,"s:48:20:48:Infinity":13,"s:49:21:49:Infinity":14,"b:50:6:53:Infinity:undefined:undefined:undefined:undefined":2,"s:50:6:53:Infinity":15,"s:51:8:51:Infinity":16,"s:52:8:52:Infinity":17,"s:54:6:54:Infinity":18,"s:58:2:71:Infinity":19,"f:62:17:62:24":4,"s:63:21:63:Infinity":20,"s:64:22:64:Infinity":21,"b:65:6:68:Infinity:undefined:undefined:undefined:undefined":3,"s:65:6:68:Infinity":22,"s:66:8:66:Infinity":23,"s:67:8:67:Infinity":24,"s:69:6:69:Infinity":25,"s:73:2:73:Infinity":26},"fnNames":{}}}
,"/home/runner/work/visual-directory/visual-directory/backend/src/ports/http/routes/organization.routes.ts": {"path":"/home/runner/work/visual-directory/visual-directory/backend/src/ports/http/routes/organization.routes.ts","statementMap":{"0":{"start":{"line":15,"column":8},"end":{"line":15,"column":null}},"1":{"start":{"line":17,"column":2},"end":{"line":24,"column":null}},"2":{"start":{"line":21,"column":28},"end":{"line":21,"column":null}},"3":{"start":{"line":22,"column":6},"end":{"line":22,"column":null}},"4":{"start":{"line":26,"column":2},"end":{"line":36,"column":null}},"5":{"start":{"line":32,"column":20},"end":{"line":32,"column":null}},"6":{"start":{"line":33,"column":27},"end":{"line":33,"column":null}},"7":{"start":{"line":34,"column":6},"end":{"line":34,"column":null}},"8":{"start":{"line":38,"column":2},"end":{"line":53,"column":null}},"9":{"start":{"line":44,"column":21},"end":{"line":44,"column":null}},"10":{"start":{"line":45,"column":20},"end":{"line":45,"column":null}},"11":{"start":{"line":46,"column":27},"end":{"line":46,"column":null}},"12":{"start":{"line":47,"column":6},"end":{"line":50,"column":null}},"13":{"start":{"line":48,"column":8},"end":{"line":48,"column":null}},"14":{"start":{"line":49,"column":8},"end":{"line":49,"column":null}},"15":{"start":{"line":51,"column":6},"end":{"line":51,"column":null}},"16":{"start":{"line":55,"column":2},"end":{"line":68,"column":null}},"17":{"start":{"line":60,"column":21},"end":{"line":60,"column":null}},"18":{"start":{"line":61,"column":22},"end":{"line":61,"column":null}},"19":{"start":{"line":62,"column":6},"end":{"line":65,"column":null}},"20":{"start":{"line":63,"column":8},"end":{"line":63,"column":null}},"21":{"start":{"line":64,"column":8},"end":{"line":64,"column":null}},"22":{"start":{"line":66,"column":6},"end":{"line":66,"column":null}},"23":{"start":{"line":70,"column":2},"end":{"line":70,"column":null}}},"fnMap":{"0":{"name":"createOrganizationRouter","decl":{"start":{"line":14,"column":16},"end":{"line":14,"column":41}},"loc":{"start":{"line":14,"column":114},"end":{"line":71,"column":null}},"line":14},"1":{"name":"(anonymous_1)","decl":{"start":{"line":20,"column":17},"end":{"line":20,"column":24}},"loc":{"start":{"line":20,"column":38},"end":{"line":23,"column":5}},"line":20},"2":{"name":"(anonymous_2)","decl":{"start":{"line":31,"column":17},"end":{"line":31,"column":24}},"loc":{"start":{"line":31,"column":37},"end":{"line":35,"column":5}},"line":31},"3":{"name":"(anonymous_3)","decl":{"start":{"line":43,"column":17},"end":{"line":43,"column":24}},"loc":{"start":{"line":43,"column":37},"end":{"line":52,"column":5}},"line":43},"4":{"name":"(anonymous_4)","decl":{"start":{"line":59,"column":17},"end":{"line":59,"column":24}},"loc":{"start":{"line":59,"column":37},"end":{"line":67,"column":5}},"line":59}},"branchMap":{"0":{"loc":{"start":{"line":47,"column":6},"end":{"line":50,"column":null}},"type":"if","locations":[{"start":{"line":47,"column":6},"end":{"line":50,"column":null}},{"start":{},"end":{}}],"line":47},"1":{"loc":{"start":{"line":62,"column":6},"end":{"line":65,"column":null}},"type":"if","locations":[{"start":{"line":62,"column":6},"end":{"line":65,"column":null}},{"start":{},"end":{}}],"line":62}},"s":{"0":0,"1":0,"2":0,"3":0,"4":0,"5":0,"6":0,"7":0,"8":0,"9":0,"10":0,"11":0,"12":0,"13":0,"14":0,"15":0,"16":0,"17":0,"18":0,"19":0,"20":0,"21":0,"22":0,"23":0},"f":{"0":0,"1":0,"2":0,"3":0,"4":0},"b":{"0":[0,0],"1":[0,0]},"meta":{"lastBranch":2,"lastFunction":5,"lastStatement":24,"seen":{"f:14:16:14:41":0,"s:15:8:15:Infinity":0,"s:17:2:24:Infinity":1,"f:20:17:20:24":1,"s:21:28:21:Infinity":2,"s:22:6:22:Infinity":3,"s:26:2:36:Infinity":4,"f:31:17:31:24":2,"s:32:20:32:Infinity":5,"s:33:27:33:Infinity":6,"s:34:6:34:Infinity":7,"s:38:2:53:Infinity":8,"f:43:17:43:24":3,"s:44:21:44:Infinity":9,"s:45:20:45:Infinity":10,"s:46:27:46:Infinity":11,"b:47:6:50:Infinity:undefined:undefined:undefined:undefined":0,"s:47:6:50:Infinity":12,"s:48:8:48:Infinity":13,"s:49:8:49:Infinity":14,"s:51:6:51:Infinity":15,"s:55:2:68:Infinity":16,"f:59:17:59:24":4,"s:60:21:60:Infinity":17,"s:61:22:61:Infinity":18,"b:62:6:65:Infinity:undefined:undefined:undefined:undefined":1,"s:62:6:65:Infinity":19,"s:63:8:63:Infinity":20,"s:64:8:64:Infinity":21,"s:66:6:66:Infinity":22,"s:70:2:70:Infinity":23},"fnNames":{}}}
,"/home/runner/work/visual-directory/visual-directory/backend/src/ports/http/validation/auth.schemas.ts": {"path":"/home/runner/work/visual-directory/visual-directory/backend/src/ports/http/validation/auth.schemas.ts","statementMap":{"0":{"start":{"line":4,"column":38},"end":{"line":6,"column":null}},"1":{"start":{"line":8,"column":37},"end":{"line":10,"column":null}},"2":{"start":{"line":12,"column":35},"end":{"line":16,"column":null}},"3":{"start":{"line":18,"column":35},"end":{"line":21,"column":null}}},"fnMap":{},"branchMap":{},"s":{"0":0,"1":0,"2":0,"3":0},"f":{},"b":{},"meta":{"lastBranch":0,"lastFunction":0,"lastStatement":4,"seen":{"s:4:38:6:Infinity":0,"s:8:37:10:Infinity":1,"s:12:35:16:Infinity":2,"s:18:35:21:Infinity":3},"fnNames":{}}}
,"/home/runner/work/visual-directory/visual-directory/backend/src/ports/http/validation/member.schemas.ts": {"path":"/home/runner/work/visual-directory/visual-directory/backend/src/ports/http/validation/member.schemas.ts","statementMap":{"0":{"start":{"line":4,"column":28},"end":{"line":13,"column":null}},"1":{"start":{"line":15,"column":27},"end":{"line":18,"column":null}},"2":{"start":{"line":20,"column":33},"end":{"line":43,"column":null}}},"fnMap":{},"branchMap":{},"s":{"0":0,"1":0,"2":0},"f":{},"b":{},"meta":{"lastBranch":0,"lastFunction":0,"lastStatement":3,"seen":{"s:4:28:13:Infinity":0,"s:15:27:18:Infinity":1,"s:20:33:43:Infinity":2},"fnNames":{}}}
,"/home/runner/work/visual-directory/visual-directory/backend/src/ports/http/validation/organization.schemas.ts": {"path":"/home/runner/work/visual-directory/visual-directory/backend/src/ports/http/validation/organization.schemas.ts","statementMap":{"0":{"start":{"line":4,"column":39},"end":{"line":9,"column":null}}},"fnMap":{},"branchMap":{},"s":{"0":0},"f":{},"b":{},"meta":{"lastBranch":0,"lastFunction":0,"lastStatement":1,"seen":{"s:4:39:9:Infinity":0},"fnNames":{}}}
,"/home/runner/work/visual-directory/visual-directory/backend/src/ports/http/validation/shared.schemas.ts": {"path":"/home/runner/work/visual-directory/visual-directory/backend/src/ports/http/validation/shared.schemas.ts","statementMap":{"0":{"start":{"line":6,"column":38},"end":{"line":6,"column":null}},"1":{"start":{"line":7,"column":36},"end":{"line":7,"column":null}},"2":{"start":{"line":8,"column":26},"end":{"line":8,"column":null}},"3":{"start":{"line":9,"column":26},"end":{"line":9,"column":null}}},"fnMap":{},"branchMap":{},"s":{"0":0,"1":0,"2":0,"3":0},"f":{},"b":{},"meta":{"lastBranch":0,"lastFunction":0,"lastStatement":4,"seen":{"s:6:38:6:Infinity":0,"s:7:36:7:Infinity":1,"s:8:26:8:Infinity":2,"s:9:26:9:Infinity":3},"fnNames":{}}}
}
